Buildfile: /Users/wuttke/Documents/PROVA/voldemort/build.xml
Trying to override old definition of datatype resources

build:
   [delete] Deleting directory /Users/wuttke/Documents/PROVA/voldemort/dist/classes
    [mkdir] Created dir: /Users/wuttke/Documents/PROVA/voldemort/dist/classes
     [copy] Copying 6 files to /Users/wuttke/Documents/PROVA/voldemort/dist/classes
     [copy] Copied 66 empty directories to 60 empty directories under /Users/wuttke/Documents/PROVA/voldemort/dist/classes
   [delete] Deleting directory /Users/wuttke/Documents/PROVA/voldemort/dist/resources
    [mkdir] Created dir: /Users/wuttke/Documents/PROVA/voldemort/dist/resources
     [copy] Copying 1 file to /Users/wuttke/Documents/PROVA/voldemort/dist/resources
    [javac] Compiling 366 source files to /Users/wuttke/Documents/PROVA/voldemort/dist/classes

buildtest:
   [delete] Deleting directory /Users/wuttke/Documents/PROVA/voldemort/dist/testclasses
    [mkdir] Created dir: /Users/wuttke/Documents/PROVA/voldemort/dist/testclasses
     [copy] Copying 21 files to /Users/wuttke/Documents/PROVA/voldemort/dist/testclasses
     [copy] Copied 4 empty directories to 2 empty directories under /Users/wuttke/Documents/PROVA/voldemort/dist/testclasses
     [copy] Copying 1 file to /Users/wuttke/Documents/PROVA/voldemort/dist/testclasses
     [copy] Copied 45 empty directories to 43 empty directories under /Users/wuttke/Documents/PROVA/voldemort/dist/testclasses
    [javac] Compiling 180 source files to /Users/wuttke/Documents/PROVA/voldemort/dist/testclasses
    [javac] Note: Some input files use or override a deprecated API.
    [javac] Note: Recompile with -Xlint:deprecation for details.

junit:
    [mkdir] Created dir: /Users/wuttke/Documents/PROVA/voldemort/dist/junit-reports
    [mkdir] Created dir: /Users/wuttke/Documents/PROVA/voldemort/dist/junit-reports/html
    [junit] Running voldemort.client.AdminServiceBasicTest
    [junit] Tests run: 1, Failures: 1, Errors: 0, Time elapsed: 0.17 sec
    [junit] Running voldemort.client.AdminServiceFailureTest
    [junit] Tests run: 1, Failures: 1, Errors: 0, Time elapsed: 0.124 sec
    [junit] Running voldemort.client.AdminServiceFilterTest
    [junit] Tests run: 1, Failures: 1, Errors: 0, Time elapsed: 0.121 sec
    [junit] Running voldemort.client.AdminServiceMultiJVMTest
    [junit] Tests run: 1, Failures: 1, Errors: 0, Time elapsed: 0.12 sec
    [junit] Running voldemort.client.CachingStoreClientFactoryTest
    [junit] Tests run: 4, Failures: 0, Errors: 0, Time elapsed: 1.439 sec
    [junit] Running voldemort.client.DefaultStoreClientTest
    [junit] Tests run: 10, Failures: 0, Errors: 0, Time elapsed: 0.413 sec
    [junit] Running voldemort.client.HttpStoreClientFactoryTest
    [junit] WARN   toNonblockingStore, Using pseudo NonblockingStore implementation for class voldemort.store.http.HttpStore
    [junit] WARN   toNonblockingStore, Using pseudo NonblockingStore implementation for class voldemort.store.http.HttpStore
    [junit] WARN   bootstrapMetadata, Failed to bootstrap from http://localhost:58558
    [junit] voldemort.store.UnreachableStoreException: Could not connect to http://localhost:58558/stores for metadata
    [junit] 	at voldemort.store.http.HttpStore.executeRequest(HttpStore.java:176)
    [junit] 	at voldemort.store.http.HttpStore.get(HttpStore.java:104)
    [junit] 	at voldemort.store.http.HttpStore.get(HttpStore.java:50)
    [junit] 	at voldemort.store.serialized.SerializingStore.get(SerializingStore.java:103)
    [junit] 	at voldemort.client.AbstractStoreClientFactory.getRemoteMetadata(AbstractStoreClientFactory.java:317)
    [junit] 	at voldemort.client.AbstractStoreClientFactory.bootstrapMetadata(AbstractStoreClientFactory.java:298)
    [junit] 	at voldemort.client.AbstractStoreClientFactory.bootstrapMetadataWithRetries(AbstractStoreClientFactory.java:273)
    [junit] 	at voldemort.client.AbstractStoreClientFactory.getRawStore(AbstractStoreClientFactory.java:143)
    [junit] 	at voldemort.client.DefaultStoreClient.bootStrap(DefaultStoreClient.java:88)
    [junit] 	at voldemort.client.DefaultStoreClient.<init>(DefaultStoreClient.java:82)
    [junit] 	at voldemort.client.AbstractStoreClientFactory.getStoreClient(AbstractStoreClientFactory.java:136)
    [junit] 	at voldemort.client.AbstractStoreClientFactory.getStoreClient(AbstractStoreClientFactory.java:131)
    [junit] 	at voldemort.client.AbstractStoreClientFactoryTest.testBootstrapServerDown(AbstractStoreClientFactoryTest.java:108)
    [junit] 	at sun.reflect.NativeMethodAccessorImpl.invoke0(Native Method)
    [junit] 	at sun.reflect.NativeMethodAccessorImpl.invoke(NativeMethodAccessorImpl.java:39)
    [junit] 	at sun.reflect.DelegatingMethodAccessorImpl.invoke(DelegatingMethodAccessorImpl.java:25)
    [junit] 	at java.lang.reflect.Method.invoke(Method.java:597)
    [junit] 	at junit.framework.TestCase.runTest(TestCase.java:168)
    [junit] 	at junit.framework.TestCase.runBare(TestCase.java:134)
    [junit] 	at junit.framework.TestResult$1.protect(TestResult.java:110)
    [junit] 	at junit.framework.TestResult.runProtected(TestResult.java:128)
    [junit] 	at junit.framework.TestResult.run(TestResult.java:113)
    [junit] 	at junit.framework.TestCase.run(TestCase.java:124)
    [junit] 	at junit.framework.TestSuite.runTest(TestSuite.java:232)
    [junit] 	at junit.framework.TestSuite.run(TestSuite.java:227)
    [junit] 	at org.apache.tools.ant.taskdefs.optional.junit.JUnitTestRunner.run(JUnitTestRunner.java:518)
    [junit] 	at org.apache.tools.ant.taskdefs.optional.junit.JUnitTestRunner.launch(JUnitTestRunner.java:1052)
    [junit] 	at org.apache.tools.ant.taskdefs.optional.junit.JUnitTestRunner.main(JUnitTestRunner.java:906)
    [junit] Caused by: java.net.ConnectException: Connection refused
    [junit] 	at java.net.PlainSocketImpl.socketConnect(Native Method)
    [junit] 	at java.net.PlainSocketImpl.doConnect(PlainSocketImpl.java:351)
    [junit] 	at java.net.PlainSocketImpl.connectToAddress(PlainSocketImpl.java:213)
    [junit] 	at java.net.PlainSocketImpl.connect(PlainSocketImpl.java:200)
    [junit] 	at java.net.SocksSocketImpl.connect(SocksSocketImpl.java:432)
    [junit] 	at java.net.Socket.connect(Socket.java:529)
    [junit] 	at sun.reflect.NativeMethodAccessorImpl.invoke0(Native Method)
    [junit] 	at sun.reflect.NativeMethodAccessorImpl.invoke(NativeMethodAccessorImpl.java:39)
    [junit] 	at sun.reflect.DelegatingMethodAccessorImpl.invoke(DelegatingMethodAccessorImpl.java:25)
    [junit] 	at java.lang.reflect.Method.invoke(Method.java:597)
    [junit] 	at org.apache.commons.httpclient.protocol.ReflectionSocketFactory.createSocket(ReflectionSocketFactory.java:140)
    [junit] 	at org.apache.commons.httpclient.protocol.DefaultProtocolSocketFactory.createSocket(DefaultProtocolSocketFactory.java:125)
    [junit] 	at org.apache.commons.httpclient.HttpConnection.open(HttpConnection.java:707)
    [junit] 	at org.apache.commons.httpclient.MultiThreadedHttpConnectionManager$HttpConnectionAdapter.open(MultiThreadedHttpConnectionManager.java:1361)
    [junit] 	at org.apache.commons.httpclient.HttpMethodDirector.executeWithRetry(HttpMethodDirector.java:387)
    [junit] 	at org.apache.commons.httpclient.HttpMethodDirector.executeMethod(HttpMethodDirector.java:171)
    [junit] 	at org.apache.commons.httpclient.HttpClient.executeMethod(HttpClient.java:397)
    [junit] 	at org.apache.commons.httpclient.HttpClient.executeMethod(HttpClient.java:323)
    [junit] 	at voldemort.store.http.HttpStore.executeRequest(HttpStore.java:167)
    [junit] 	... 27 more
    [junit] WARN   bootstrapMetadataWithRetries, Failed to bootstrap will try again after 5 seconds.
    [junit] WARN   bootstrapMetadata, Failed to bootstrap from http://localhost:58558
    [junit] voldemort.store.UnreachableStoreException: Could not connect to http://localhost:58558/stores for metadata
    [junit] 	at voldemort.store.http.HttpStore.executeRequest(HttpStore.java:176)
    [junit] 	at voldemort.store.http.HttpStore.get(HttpStore.java:104)
    [junit] 	at voldemort.store.http.HttpStore.get(HttpStore.java:50)
    [junit] 	at voldemort.store.serialized.SerializingStore.get(SerializingStore.java:103)
    [junit] 	at voldemort.client.AbstractStoreClientFactory.getRemoteMetadata(AbstractStoreClientFactory.java:317)
    [junit] 	at voldemort.client.AbstractStoreClientFactory.bootstrapMetadata(AbstractStoreClientFactory.java:298)
    [junit] 	at voldemort.client.AbstractStoreClientFactory.bootstrapMetadataWithRetries(AbstractStoreClientFactory.java:273)
    [junit] 	at voldemort.client.AbstractStoreClientFactory.getRawStore(AbstractStoreClientFactory.java:143)
    [junit] 	at voldemort.client.DefaultStoreClient.bootStrap(DefaultStoreClient.java:88)
    [junit] 	at voldemort.client.DefaultStoreClient.<init>(DefaultStoreClient.java:82)
    [junit] 	at voldemort.client.AbstractStoreClientFactory.getStoreClient(AbstractStoreClientFactory.java:136)
    [junit] 	at voldemort.client.AbstractStoreClientFactory.getStoreClient(AbstractStoreClientFactory.java:131)
    [junit] 	at voldemort.client.AbstractStoreClientFactoryTest.testBootstrapServerDown(AbstractStoreClientFactoryTest.java:108)
    [junit] 	at sun.reflect.NativeMethodAccessorImpl.invoke0(Native Method)
    [junit] 	at sun.reflect.NativeMethodAccessorImpl.invoke(NativeMethodAccessorImpl.java:39)
    [junit] 	at sun.reflect.DelegatingMethodAccessorImpl.invoke(DelegatingMethodAccessorImpl.java:25)
    [junit] 	at java.lang.reflect.Method.invoke(Method.java:597)
    [junit] 	at junit.framework.TestCase.runTest(TestCase.java:168)
    [junit] 	at junit.framework.TestCase.runBare(TestCase.java:134)
    [junit] 	at junit.framework.TestResult$1.protect(TestResult.java:110)
    [junit] 	at junit.framework.TestResult.runProtected(TestResult.java:128)
    [junit] 	at junit.framework.TestResult.run(TestResult.java:113)
    [junit] 	at junit.framework.TestCase.run(TestCase.java:124)
    [junit] 	at junit.framework.TestSuite.runTest(TestSuite.java:232)
    [junit] 	at junit.framework.TestSuite.run(TestSuite.java:227)
    [junit] 	at org.apache.tools.ant.taskdefs.optional.junit.JUnitTestRunner.run(JUnitTestRunner.java:518)
    [junit] 	at org.apache.tools.ant.taskdefs.optional.junit.JUnitTestRunner.launch(JUnitTestRunner.java:1052)
    [junit] 	at org.apache.tools.ant.taskdefs.optional.junit.JUnitTestRunner.main(JUnitTestRunner.java:906)
    [junit] Caused by: java.net.ConnectException: Connection refused
    [junit] 	at java.net.PlainSocketImpl.socketConnect(Native Method)
    [junit] 	at java.net.PlainSocketImpl.doConnect(PlainSocketImpl.java:351)
    [junit] 	at java.net.PlainSocketImpl.connectToAddress(PlainSocketImpl.java:213)
    [junit] 	at java.net.PlainSocketImpl.connect(PlainSocketImpl.java:200)
    [junit] 	at java.net.SocksSocketImpl.connect(SocksSocketImpl.java:432)
    [junit] 	at java.net.Socket.connect(Socket.java:529)
    [junit] 	at sun.reflect.NativeMethodAccessorImpl.invoke0(Native Method)
    [junit] 	at sun.reflect.NativeMethodAccessorImpl.invoke(NativeMethodAccessorImpl.java:39)
    [junit] 	at sun.reflect.DelegatingMethodAccessorImpl.invoke(DelegatingMethodAccessorImpl.java:25)
    [junit] 	at java.lang.reflect.Method.invoke(Method.java:597)
    [junit] 	at org.apache.commons.httpclient.protocol.ReflectionSocketFactory.createSocket(ReflectionSocketFactory.java:140)
    [junit] 	at org.apache.commons.httpclient.protocol.DefaultProtocolSocketFactory.createSocket(DefaultProtocolSocketFactory.java:125)
    [junit] 	at org.apache.commons.httpclient.HttpConnection.open(HttpConnection.java:707)
    [junit] 	at org.apache.commons.httpclient.MultiThreadedHttpConnectionManager$HttpConnectionAdapter.open(MultiThreadedHttpConnectionManager.java:1361)
    [junit] 	at org.apache.commons.httpclient.HttpMethodDirector.executeWithRetry(HttpMethodDirector.java:387)
    [junit] 	at org.apache.commons.httpclient.HttpMethodDirector.executeMethod(HttpMethodDirector.java:171)
    [junit] 	at org.apache.commons.httpclient.HttpClient.executeMethod(HttpClient.java:397)
    [junit] 	at org.apache.commons.httpclient.HttpClient.executeMethod(HttpClient.java:323)
    [junit] 	at voldemort.store.http.HttpStore.executeRequest(HttpStore.java:167)
    [junit] 	... 27 more
    [junit] WARN   bootstrapMetadata, Failed to bootstrap from http://localhost:58558
    [junit] voldemort.store.UnreachableStoreException: Could not connect to http://localhost:58558/stores for metadata
    [junit] 	at voldemort.store.http.HttpStore.executeRequest(HttpStore.java:176)
    [junit] 	at voldemort.store.http.HttpStore.get(HttpStore.java:104)
    [junit] 	at voldemort.store.http.HttpStore.get(HttpStore.java:50)
    [junit] 	at voldemort.store.serialized.SerializingStore.get(SerializingStore.java:103)
    [junit] 	at voldemort.client.AbstractStoreClientFactory.getRemoteMetadata(AbstractStoreClientFactory.java:317)
    [junit] 	at voldemort.client.AbstractStoreClientFactory.bootstrapMetadata(AbstractStoreClientFactory.java:298)
    [junit] 	at voldemort.client.AbstractStoreClientFactory.bootstrapMetadataWithRetries(AbstractStoreClientFactory.java:273)
    [junit] 	at voldemort.client.AbstractStoreClientFactory.getRawStore(AbstractStoreClientFactory.java:143)
    [junit] 	at voldemort.client.DefaultStoreClient.bootStrap(DefaultStoreClient.java:88)
    [junit] 	at voldemort.client.DefaultStoreClient.<init>(DefaultStoreClient.java:82)
    [junit] 	at voldemort.client.AbstractStoreClientFactory.getStoreClient(AbstractStoreClientFactory.java:136)
    [junit] 	at voldemort.client.AbstractStoreClientFactory.getStoreClient(AbstractStoreClientFactory.java:131)
    [junit] 	at voldemort.client.AbstractStoreClientFactoryTest.testBootstrapFailoverSucceeds(AbstractStoreClientFactoryTest.java:117)
    [junit] 	at sun.reflect.NativeMethodAccessorImpl.invoke0(Native Method)
    [junit] 	at sun.reflect.NativeMethodAccessorImpl.invoke(NativeMethodAccessorImpl.java:39)
    [junit] 	at sun.reflect.DelegatingMethodAccessorImpl.invoke(DelegatingMethodAccessorImpl.java:25)
    [junit] 	at java.lang.reflect.Method.invoke(Method.java:597)
    [junit] 	at junit.framework.TestCase.runTest(TestCase.java:168)
    [junit] 	at junit.framework.TestCase.runBare(TestCase.java:134)
    [junit] 	at junit.framework.TestResult$1.protect(TestResult.java:110)
    [junit] 	at junit.framework.TestResult.runProtected(TestResult.java:128)
    [junit] 	at junit.framework.TestResult.run(TestResult.java:113)
    [junit] 	at junit.framework.TestCase.run(TestCase.java:124)
    [junit] 	at junit.framework.TestSuite.runTest(TestSuite.java:232)
    [junit] 	at junit.framework.TestSuite.run(TestSuite.java:227)
    [junit] 	at org.apache.tools.ant.taskdefs.optional.junit.JUnitTestRunner.run(JUnitTestRunner.java:518)
    [junit] 	at org.apache.tools.ant.taskdefs.optional.junit.JUnitTestRunner.launch(JUnitTestRunner.java:1052)
    [junit] 	at org.apache.tools.ant.taskdefs.optional.junit.JUnitTestRunner.main(JUnitTestRunner.java:906)
    [junit] Caused by: java.net.ConnectException: Connection refused
    [junit] 	at java.net.PlainSocketImpl.socketConnect(Native Method)
    [junit] 	at java.net.PlainSocketImpl.doConnect(PlainSocketImpl.java:351)
    [junit] 	at java.net.PlainSocketImpl.connectToAddress(PlainSocketImpl.java:213)
    [junit] 	at java.net.PlainSocketImpl.connect(PlainSocketImpl.java:200)
    [junit] 	at java.net.SocksSocketImpl.connect(SocksSocketImpl.java:432)
    [junit] 	at java.net.Socket.connect(Socket.java:529)
    [junit] 	at sun.reflect.NativeMethodAccessorImpl.invoke0(Native Method)
    [junit] 	at sun.reflect.NativeMethodAccessorImpl.invoke(NativeMethodAccessorImpl.java:39)
    [junit] 	at sun.reflect.DelegatingMethodAccessorImpl.invoke(DelegatingMethodAccessorImpl.java:25)
    [junit] 	at java.lang.reflect.Method.invoke(Method.java:597)
    [junit] 	at org.apache.commons.httpclient.protocol.ReflectionSocketFactory.createSocket(ReflectionSocketFactory.java:140)
    [junit] 	at org.apache.commons.httpclient.protocol.DefaultProtocolSocketFactory.createSocket(DefaultProtocolSocketFactory.java:125)
    [junit] 	at org.apache.commons.httpclient.HttpConnection.open(HttpConnection.java:707)
    [junit] 	at org.apache.commons.httpclient.MultiThreadedHttpConnectionManager$HttpConnectionAdapter.open(MultiThreadedHttpConnectionManager.java:1361)
    [junit] 	at org.apache.commons.httpclient.HttpMethodDirector.executeWithRetry(HttpMethodDirector.java:387)
    [junit] 	at org.apache.commons.httpclient.HttpMethodDirector.executeMethod(HttpMethodDirector.java:171)
    [junit] 	at org.apache.commons.httpclient.HttpClient.executeMethod(HttpClient.java:397)
    [junit] 	at org.apache.commons.httpclient.HttpClient.executeMethod(HttpClient.java:323)
    [junit] 	at voldemort.store.http.HttpStore.executeRequest(HttpStore.java:167)
    [junit] 	... 27 more
    [junit] WARN   bootstrapMetadata, Failed to bootstrap from http://localhost:58558
    [junit] voldemort.store.UnreachableStoreException: Could not connect to http://localhost:58558/stores for metadata
    [junit] 	at voldemort.store.http.HttpStore.executeRequest(HttpStore.java:176)
    [junit] 	at voldemort.store.http.HttpStore.get(HttpStore.java:104)
    [junit] 	at voldemort.store.http.HttpStore.get(HttpStore.java:50)
    [junit] 	at voldemort.store.serialized.SerializingStore.get(SerializingStore.java:103)
    [junit] 	at voldemort.client.AbstractStoreClientFactory.getRemoteMetadata(AbstractStoreClientFactory.java:317)
    [junit] 	at voldemort.client.AbstractStoreClientFactory.bootstrapMetadata(AbstractStoreClientFactory.java:298)
    [junit] 	at voldemort.client.AbstractStoreClientFactory.bootstrapMetadataWithRetries(AbstractStoreClientFactory.java:273)
    [junit] 	at voldemort.client.AbstractStoreClientFactory.getRawStore(AbstractStoreClientFactory.java:145)
    [junit] 	at voldemort.client.DefaultStoreClient.bootStrap(DefaultStoreClient.java:88)
    [junit] 	at voldemort.client.DefaultStoreClient.<init>(DefaultStoreClient.java:82)
    [junit] 	at voldemort.client.AbstractStoreClientFactory.getStoreClient(AbstractStoreClientFactory.java:136)
    [junit] 	at voldemort.client.AbstractStoreClientFactory.getStoreClient(AbstractStoreClientFactory.java:131)
    [junit] 	at voldemort.client.AbstractStoreClientFactoryTest.testBootstrapFailoverSucceeds(AbstractStoreClientFactoryTest.java:117)
    [junit] 	at sun.reflect.NativeMethodAccessorImpl.invoke0(Native Method)
    [junit] 	at sun.reflect.NativeMethodAccessorImpl.invoke(NativeMethodAccessorImpl.java:39)
    [junit] 	at sun.reflect.DelegatingMethodAccessorImpl.invoke(DelegatingMethodAccessorImpl.java:25)
    [junit] 	at java.lang.reflect.Method.invoke(Method.java:597)
    [junit] 	at junit.framework.TestCase.runTest(TestCase.java:168)
    [junit] 	at junit.framework.TestCase.runBare(TestCase.java:134)
    [junit] 	at junit.framework.TestResult$1.protect(TestResult.java:110)
    [junit] 	at junit.framework.TestResult.runProtected(TestResult.java:128)
    [junit] 	at junit.framework.TestResult.run(TestResult.java:113)
    [junit] 	at junit.framework.TestCase.run(TestCase.java:124)
    [junit] 	at junit.framework.TestSuite.runTest(TestSuite.java:232)
    [junit] 	at junit.framework.TestSuite.run(TestSuite.java:227)
    [junit] 	at org.apache.tools.ant.taskdefs.optional.junit.JUnitTestRunner.run(JUnitTestRunner.java:518)
    [junit] 	at org.apache.tools.ant.taskdefs.optional.junit.JUnitTestRunner.launch(JUnitTestRunner.java:1052)
    [junit] 	at org.apache.tools.ant.taskdefs.optional.junit.JUnitTestRunner.main(JUnitTestRunner.java:906)
    [junit] Caused by: java.net.ConnectException: Connection refused
    [junit] 	at java.net.PlainSocketImpl.socketConnect(Native Method)
    [junit] 	at java.net.PlainSocketImpl.doConnect(PlainSocketImpl.java:351)
    [junit] 	at java.net.PlainSocketImpl.connectToAddress(PlainSocketImpl.java:213)
    [junit] 	at java.net.PlainSocketImpl.connect(PlainSocketImpl.java:200)
    [junit] 	at java.net.SocksSocketImpl.connect(SocksSocketImpl.java:432)
    [junit] 	at java.net.Socket.connect(Socket.java:529)
    [junit] 	at sun.reflect.NativeMethodAccessorImpl.invoke0(Native Method)
    [junit] 	at sun.reflect.NativeMethodAccessorImpl.invoke(NativeMethodAccessorImpl.java:39)
    [junit] 	at sun.reflect.DelegatingMethodAccessorImpl.invoke(DelegatingMethodAccessorImpl.java:25)
    [junit] 	at java.lang.reflect.Method.invoke(Method.java:597)
    [junit] 	at org.apache.commons.httpclient.protocol.ReflectionSocketFactory.createSocket(ReflectionSocketFactory.java:140)
    [junit] 	at org.apache.commons.httpclient.protocol.DefaultProtocolSocketFactory.createSocket(DefaultProtocolSocketFactory.java:125)
    [junit] 	at org.apache.commons.httpclient.HttpConnection.open(HttpConnection.java:707)
    [junit] 	at org.apache.commons.httpclient.MultiThreadedHttpConnectionManager$HttpConnectionAdapter.open(MultiThreadedHttpConnectionManager.java:1361)
    [junit] 	at org.apache.commons.httpclient.HttpMethodDirector.executeWithRetry(HttpMethodDirector.java:387)
    [junit] 	at org.apache.commons.httpclient.HttpMethodDirector.executeMethod(HttpMethodDirector.java:171)
    [junit] 	at org.apache.commons.httpclient.HttpClient.executeMethod(HttpClient.java:397)
    [junit] 	at org.apache.commons.httpclient.HttpClient.executeMethod(HttpClient.java:323)
    [junit] 	at voldemort.store.http.HttpStore.executeRequest(HttpStore.java:167)
    [junit] 	... 27 more
    [junit] WARN   toNonblockingStore, Using pseudo NonblockingStore implementation for class voldemort.store.http.HttpStore
    [junit] WARN   bootstrapMetadata, Failed to bootstrap from http://localhost:58558
    [junit] voldemort.store.UnreachableStoreException: Could not connect to http://localhost:58558/stores for metadata
    [junit] 	at voldemort.store.http.HttpStore.executeRequest(HttpStore.java:176)
    [junit] 	at voldemort.store.http.HttpStore.get(HttpStore.java:104)
    [junit] 	at voldemort.store.http.HttpStore.get(HttpStore.java:50)
    [junit] 	at voldemort.store.serialized.SerializingStore.get(SerializingStore.java:103)
    [junit] 	at voldemort.client.AbstractStoreClientFactory.getRemoteMetadata(AbstractStoreClientFactory.java:317)
    [junit] 	at voldemort.client.AbstractStoreClientFactory.bootstrapMetadata(AbstractStoreClientFactory.java:298)
    [junit] 	at voldemort.client.AbstractStoreClientFactory.bootstrapMetadataWithRetries(AbstractStoreClientFactory.java:273)
    [junit] 	at voldemort.client.AbstractStoreClientFactory.getFailureDetector(AbstractStoreClientFactory.java:251)
    [junit] 	at voldemort.client.AbstractStoreClientFactory.getRawStore(AbstractStoreClientFactory.java:191)
    [junit] 	at voldemort.client.DefaultStoreClient.bootStrap(DefaultStoreClient.java:88)
    [junit] 	at voldemort.client.DefaultStoreClient.<init>(DefaultStoreClient.java:82)
    [junit] 	at voldemort.client.AbstractStoreClientFactory.getStoreClient(AbstractStoreClientFactory.java:136)
    [junit] 	at voldemort.client.AbstractStoreClientFactory.getStoreClient(AbstractStoreClientFactory.java:131)
    [junit] 	at voldemort.client.AbstractStoreClientFactoryTest.testBootstrapFailoverSucceeds(AbstractStoreClientFactoryTest.java:117)
    [junit] 	at sun.reflect.NativeMethodAccessorImpl.invoke0(Native Method)
    [junit] 	at sun.reflect.NativeMethodAccessorImpl.invoke(NativeMethodAccessorImpl.java:39)
    [junit] 	at sun.reflect.DelegatingMethodAccessorImpl.invoke(DelegatingMethodAccessorImpl.java:25)
    [junit] 	at java.lang.reflect.Method.invoke(Method.java:597)
    [junit] 	at junit.framework.TestCase.runTest(TestCase.java:168)
    [junit] 	at junit.framework.TestCase.runBare(TestCase.java:134)
    [junit] 	at junit.framework.TestResult$1.protect(TestResult.java:110)
    [junit] 	at junit.framework.TestResult.runProtected(TestResult.java:128)
    [junit] 	at junit.framework.TestResult.run(TestResult.java:113)
    [junit] 	at junit.framework.TestCase.run(TestCase.java:124)
    [junit] 	at junit.framework.TestSuite.runTest(TestSuite.java:232)
    [junit] 	at junit.framework.TestSuite.run(TestSuite.java:227)
    [junit] 	at org.apache.tools.ant.taskdefs.optional.junit.JUnitTestRunner.run(JUnitTestRunner.java:518)
    [junit] 	at org.apache.tools.ant.taskdefs.optional.junit.JUnitTestRunner.launch(JUnitTestRunner.java:1052)
    [junit] 	at org.apache.tools.ant.taskdefs.optional.junit.JUnitTestRunner.main(JUnitTestRunner.java:906)
    [junit] Caused by: java.net.ConnectException: Connection refused
    [junit] 	at java.net.PlainSocketImpl.socketConnect(Native Method)
    [junit] 	at java.net.PlainSocketImpl.doConnect(PlainSocketImpl.java:351)
    [junit] 	at java.net.PlainSocketImpl.connectToAddress(PlainSocketImpl.java:213)
    [junit] 	at java.net.PlainSocketImpl.connect(PlainSocketImpl.java:200)
    [junit] 	at java.net.SocksSocketImpl.connect(SocksSocketImpl.java:432)
    [junit] 	at java.net.Socket.connect(Socket.java:529)
    [junit] 	at sun.reflect.NativeMethodAccessorImpl.invoke0(Native Method)
    [junit] 	at sun.reflect.NativeMethodAccessorImpl.invoke(NativeMethodAccessorImpl.java:39)
    [junit] 	at sun.reflect.DelegatingMethodAccessorImpl.invoke(DelegatingMethodAccessorImpl.java:25)
    [junit] 	at java.lang.reflect.Method.invoke(Method.java:597)
    [junit] 	at org.apache.commons.httpclient.protocol.ReflectionSocketFactory.createSocket(ReflectionSocketFactory.java:140)
    [junit] 	at org.apache.commons.httpclient.protocol.DefaultProtocolSocketFactory.createSocket(DefaultProtocolSocketFactory.java:125)
    [junit] 	at org.apache.commons.httpclient.HttpConnection.open(HttpConnection.java:707)
    [junit] 	at org.apache.commons.httpclient.MultiThreadedHttpConnectionManager$HttpConnectionAdapter.open(MultiThreadedHttpConnectionManager.java:1361)
    [junit] 	at org.apache.commons.httpclient.HttpMethodDirector.executeWithRetry(HttpMethodDirector.java:387)
    [junit] 	at org.apache.commons.httpclient.HttpMethodDirector.executeMethod(HttpMethodDirector.java:171)
    [junit] 	at org.apache.commons.httpclient.HttpClient.executeMethod(HttpClient.java:397)
    [junit] 	at org.apache.commons.httpclient.HttpClient.executeMethod(HttpClient.java:323)
    [junit] 	at voldemort.store.http.HttpStore.executeRequest(HttpStore.java:167)
    [junit] 	... 28 more
    [junit] Tests run: 5, Failures: 0, Errors: 0, Time elapsed: 6.958 sec
    [junit] Running voldemort.client.LazyStoreClientTest
    [junit] Tests run: 11, Failures: 0, Errors: 0, Time elapsed: 2.761 sec
    [junit] Running voldemort.client.SocketStoreClientFactoryTest
    [junit] Tests run: 1, Failures: 1, Errors: 0, Time elapsed: 0.125 sec
    [junit] Running voldemort.client.rebalance.MigratePartitionsPlanTest
    [junit] Tests run: 4, Failures: 0, Errors: 0, Time elapsed: 0.217 sec
    [junit] Running voldemort.client.rebalance.MigratePartitionsTest
    [junit] WARN   toNonblockingStore, Using pseudo NonblockingStore implementation for class voldemort.store.stats.StatTrackingStore
    [junit] WARN   toNonblockingStore, Using pseudo NonblockingStore implementation for class voldemort.store.stats.StatTrackingStore
    [junit] ERROR  handleUpdateGrandfatherMetadata, handleUpdateGrandfatherMetadata failed for request(plan {
    [junit]   stealer_id: 0
    [junit]   donor_id: 1
    [junit]   partitions: 1
    [junit]   partitions: 3
    [junit]   attempt: 0
    [junit]   unbalanced_store: "consistent_to_zone_store"
    [junit] }
    [junit] )
    [junit] voldemort.VoldemortException: Voldemort server was not in normal state
    [junit] 	at voldemort.server.protocol.admin.AdminServiceRequestHandler.handleUpdateGrandfatherMetadata(AdminServiceRequestHandler.java:265)
    [junit] 	at voldemort.server.protocol.admin.AdminServiceRequestHandler.handleRequest(AdminServiceRequestHandler.java:232)
    [junit] 	at voldemort.server.socket.SocketServerSession.run(SocketServerSession.java:75)
    [junit] 	at java.util.concurrent.ThreadPoolExecutor$Worker.runTask(ThreadPoolExecutor.java:886)
    [junit] 	at java.util.concurrent.ThreadPoolExecutor$Worker.run(ThreadPoolExecutor.java:908)
    [junit] 	at java.lang.Thread.run(Thread.java:680)
    [junit] WARN   toNonblockingStore, Using pseudo NonblockingStore implementation for class voldemort.store.stats.StatTrackingStore
    [junit] WARN   toNonblockingStore, Using pseudo NonblockingStore implementation for class voldemort.store.stats.StatTrackingStore
    [junit] Tests run: 2, Failures: 0, Errors: 0, Time elapsed: 2.842 sec
    [junit] Running voldemort.client.rebalance.RebalanceTest
    [junit] WARN   toNonblockingStore, Using pseudo NonblockingStore implementation for class voldemort.store.stats.StatTrackingStore
    [junit] WARN   <init>, Metadata file not found. Assuming default settings
    [junit] WARN   toNonblockingStore, Using pseudo NonblockingStore implementation for class voldemort.store.stats.StatTrackingStore
    [junit] WARN   toNonblockingStore, Using pseudo NonblockingStore implementation for class voldemort.store.stats.StatTrackingStore
    [junit] WARN   <init>, Metadata file not found. Assuming default settings
    [junit] WARN   toNonblockingStore, Using pseudo NonblockingStore implementation for class voldemort.store.stats.StatTrackingStore
    [junit] WARN   completeClientRequest, No client associated with Socket[unconnected]
    [junit] WARN   operate, File fetcher class has not instantiated correctly. Assuming local file
    [junit] WARN   operate, File fetcher class has not instantiated correctly. Assuming local file
    [junit] WARN   completeClientRequest, No client associated with Socket[unconnected]
    [junit] WARN   completeClientRequest, No client associated with Socket[unconnected]
    [junit] WARN   completeClientRequest, No client associated with Socket[unconnected]
    [junit] WARN   completeClientRequest, No client associated with Socket[unconnected]
    [junit] WARN   toNonblockingStore, Using pseudo NonblockingStore implementation for class voldemort.store.stats.StatTrackingStore
    [junit] WARN   <init>, Metadata file not found. Assuming default settings
    [junit] WARN   toNonblockingStore, Using pseudo NonblockingStore implementation for class voldemort.store.stats.StatTrackingStore
    [junit] WARN   toNonblockingStore, Using pseudo NonblockingStore implementation for class voldemort.store.stats.StatTrackingStore
    [junit] WARN   <init>, Metadata file not found. Assuming default settings
    [junit] WARN   toNonblockingStore, Using pseudo NonblockingStore implementation for class voldemort.store.stats.StatTrackingStore
    [junit] WARN   completeClientRequest, No client associated with Socket[unconnected]
    [junit] WARN   operate, File fetcher class has not instantiated correctly. Assuming local file
    [junit] WARN   operate, File fetcher class has not instantiated correctly. Assuming local file
    [junit] WARN   get, Invalid chunk id returned. Either routing strategy is inconsistent or storage format not understood
    [junit] WARN   get, Invalid chunk id returned. Either routing strategy is inconsistent or storage format not understood
    [junit] WARN   get, Invalid chunk id returned. Either routing strategy is inconsistent or storage format not understood
    [junit] WARN   get, Invalid chunk id returned. Either routing strategy is inconsistent or storage format not understood
    [junit] WARN   get, Invalid chunk id returned. Either routing strategy is inconsistent or storage format not understood
    [junit] WARN   get, Invalid chunk id returned. Either routing strategy is inconsistent or storage format not understood
    [junit] WARN   get, Invalid chunk id returned. Either routing strategy is inconsistent or storage format not understood
    [junit] WARN   get, Invalid chunk id returned. Either routing strategy is inconsistent or storage format not understood
    [junit] WARN   get, Invalid chunk id returned. Either routing strategy is inconsistent or storage format not understood
    [junit] WARN   get, Invalid chunk id returned. Either routing strategy is inconsistent or storage format not understood
    [junit] WARN   get, Invalid chunk id returned. Either routing strategy is inconsistent or storage format not understood
    [junit] WARN   get, Invalid chunk id returned. Either routing strategy is inconsistent or storage format not understood
    [junit] WARN   get, Invalid chunk id returned. Either routing strategy is inconsistent or storage format not understood
    [junit] WARN   get, Invalid chunk id returned. Either routing strategy is inconsistent or storage format not understood
    [junit] WARN   get, Invalid chunk id returned. Either routing strategy is inconsistent or storage format not understood
    [junit] WARN   get, Invalid chunk id returned. Either routing strategy is inconsistent or storage format not understood
    [junit] WARN   get, Invalid chunk id returned. Either routing strategy is inconsistent or storage format not understood
    [junit] WARN   get, Invalid chunk id returned. Either routing strategy is inconsistent or storage format not understood
    [junit] WARN   get, Invalid chunk id returned. Either routing strategy is inconsistent or storage format not understood
    [junit] WARN   get, Invalid chunk id returned. Either routing strategy is inconsistent or storage format not understood
    [junit] WARN   get, Invalid chunk id returned. Either routing strategy is inconsistent or storage format not understood
    [junit] WARN   get, Invalid chunk id returned. Either routing strategy is inconsistent or storage format not understood
    [junit] WARN   get, Invalid chunk id returned. Either routing strategy is inconsistent or storage format not understood
    [junit] WARN   completeClientRequest, No client associated with Socket[unconnected]
    [junit] WARN   completeClientRequest, No client associated with Socket[unconnected]
    [junit] WARN   completeClientRequest, No client associated with Socket[unconnected]
    [junit] WARN   completeClientRequest, No client associated with Socket[unconnected]
    [junit] WARN   toNonblockingStore, Using pseudo NonblockingStore implementation for class voldemort.store.stats.StatTrackingStore
    [junit] WARN   <init>, Metadata file not found. Assuming default settings
    [junit] WARN   toNonblockingStore, Using pseudo NonblockingStore implementation for class voldemort.store.stats.StatTrackingStore
    [junit] WARN   toNonblockingStore, Using pseudo NonblockingStore implementation for class voldemort.store.stats.StatTrackingStore
    [junit] WARN   <init>, Metadata file not found. Assuming default settings
    [junit] WARN   toNonblockingStore, Using pseudo NonblockingStore implementation for class voldemort.store.stats.StatTrackingStore
    [junit] WARN   completeClientRequest, No client associated with Socket[unconnected]
    [junit] WARN   operate, File fetcher class has not instantiated correctly. Assuming local file
    [junit] WARN   operate, File fetcher class has not instantiated correctly. Assuming local file
    [junit] WARN   completeClientRequest, No client associated with Socket[unconnected]
    [junit] WARN   completeClientRequest, No client associated with Socket[unconnected]
    [junit] WARN   completeClientRequest, No client associated with Socket[unconnected]
    [junit] WARN   completeClientRequest, No client associated with Socket[unconnected]
    [junit] WARN   toNonblockingStore, Using pseudo NonblockingStore implementation for class voldemort.store.stats.StatTrackingStore
    [junit] WARN   <init>, Metadata file not found. Assuming default settings
    [junit] WARN   toNonblockingStore, Using pseudo NonblockingStore implementation for class voldemort.store.stats.StatTrackingStore
    [junit] WARN   toNonblockingStore, Using pseudo NonblockingStore implementation for class voldemort.store.stats.StatTrackingStore
    [junit] WARN   <init>, Metadata file not found. Assuming default settings
    [junit] WARN   toNonblockingStore, Using pseudo NonblockingStore implementation for class voldemort.store.stats.StatTrackingStore
    [junit] WARN   toNonblockingStore, Using pseudo NonblockingStore implementation for class voldemort.store.stats.StatTrackingStore
    [junit] WARN   <init>, Metadata file not found. Assuming default settings
    [junit] WARN   toNonblockingStore, Using pseudo NonblockingStore implementation for class voldemort.store.stats.StatTrackingStore
    [junit] WARN   completeClientRequest, No client associated with Socket[unconnected]
    [junit] WARN   operate, File fetcher class has not instantiated correctly. Assuming local file
    [junit] WARN   operate, File fetcher class has not instantiated correctly. Assuming local file
    [junit] WARN   operate, File fetcher class has not instantiated correctly. Assuming local file
    [junit] WARN   completeClientRequest, No client associated with Socket[unconnected]
    [junit] WARN   completeClientRequest, No client associated with Socket[unconnected]
    [junit] WARN   completeClientRequest, No client associated with Socket[unconnected]
    [junit] WARN   completeClientRequest, No client associated with Socket[unconnected]
    [junit] WARN   completeClientRequest, No client associated with Socket[unconnected]
    [junit] WARN   completeClientRequest, No client associated with Socket[unconnected]
    [junit] WARN   toNonblockingStore, Using pseudo NonblockingStore implementation for class voldemort.store.stats.StatTrackingStore
    [junit] WARN   <init>, Metadata file not found. Assuming default settings
    [junit] WARN   toNonblockingStore, Using pseudo NonblockingStore implementation for class voldemort.store.stats.StatTrackingStore
    [junit] WARN   toNonblockingStore, Using pseudo NonblockingStore implementation for class voldemort.store.stats.StatTrackingStore
    [junit] WARN   <init>, Metadata file not found. Assuming default settings
    [junit] WARN   toNonblockingStore, Using pseudo NonblockingStore implementation for class voldemort.store.stats.StatTrackingStore
    [junit] WARN   toNonblockingStore, Using pseudo NonblockingStore implementation for class voldemort.store.stats.StatTrackingStore
    [junit] WARN   <init>, Metadata file not found. Assuming default settings
    [junit] WARN   toNonblockingStore, Using pseudo NonblockingStore implementation for class voldemort.store.stats.StatTrackingStore
    [junit] WARN   completeClientRequest, No client associated with Socket[unconnected]
    [junit] WARN   operate, File fetcher class has not instantiated correctly. Assuming local file
    [junit] WARN   operate, File fetcher class has not instantiated correctly. Assuming local file
    [junit] WARN   operate, File fetcher class has not instantiated correctly. Assuming local file
    [junit] WARN   completeClientRequest, No client associated with Socket[unconnected]
    [junit] WARN   completeClientRequest, No client associated with Socket[unconnected]
    [junit] WARN   completeClientRequest, No client associated with Socket[unconnected]
    [junit] WARN   completeClientRequest, No client associated with Socket[unconnected]
    [junit] WARN   completeClientRequest, No client associated with Socket[unconnected]
    [junit] WARN   completeClientRequest, No client associated with Socket[unconnected]
    [junit] WARN   toNonblockingStore, Using pseudo NonblockingStore implementation for class voldemort.store.stats.StatTrackingStore
    [junit] WARN   <init>, Metadata file not found. Assuming default settings
    [junit] WARN   toNonblockingStore, Using pseudo NonblockingStore implementation for class voldemort.store.stats.StatTrackingStore
    [junit] WARN   toNonblockingStore, Using pseudo NonblockingStore implementation for class voldemort.store.stats.StatTrackingStore
    [junit] WARN   <init>, Metadata file not found. Assuming default settings
    [junit] WARN   toNonblockingStore, Using pseudo NonblockingStore implementation for class voldemort.store.stats.StatTrackingStore
    [junit] WARN   toNonblockingStore, Using pseudo NonblockingStore implementation for class voldemort.store.stats.StatTrackingStore
    [junit] WARN   <init>, Metadata file not found. Assuming default settings
    [junit] WARN   toNonblockingStore, Using pseudo NonblockingStore implementation for class voldemort.store.stats.StatTrackingStore
    [junit] WARN   toNonblockingStore, Using pseudo NonblockingStore implementation for class voldemort.store.stats.StatTrackingStore
    [junit] WARN   <init>, Metadata file not found. Assuming default settings
    [junit] WARN   toNonblockingStore, Using pseudo NonblockingStore implementation for class voldemort.store.stats.StatTrackingStore
    [junit] WARN   completeClientRequest, No client associated with Socket[unconnected]
    [junit] WARN   operate, File fetcher class has not instantiated correctly. Assuming local file
    [junit] WARN   operate, File fetcher class has not instantiated correctly. Assuming local file
    [junit] WARN   operate, File fetcher class has not instantiated correctly. Assuming local file
    [junit] WARN   operate, File fetcher class has not instantiated correctly. Assuming local file
    [junit] WARN   completeClientRequest, No client associated with Socket[unconnected]
    [junit] WARN   completeClientRequest, No client associated with Socket[unconnected]
    [junit] WARN   completeClientRequest, No client associated with Socket[unconnected]
    [junit] WARN   completeClientRequest, No client associated with Socket[unconnected]
    [junit] WARN   completeClientRequest, No client associated with Socket[unconnected]
    [junit] WARN   completeClientRequest, No client associated with Socket[unconnected]
    [junit] WARN   completeClientRequest, No client associated with Socket[unconnected]
    [junit] WARN   completeClientRequest, No client associated with Socket[unconnected]
    [junit] WARN   toNonblockingStore, Using pseudo NonblockingStore implementation for class voldemort.store.stats.StatTrackingStore
    [junit] WARN   <init>, Metadata file not found. Assuming default settings
    [junit] WARN   toNonblockingStore, Using pseudo NonblockingStore implementation for class voldemort.store.stats.StatTrackingStore
    [junit] WARN   toNonblockingStore, Using pseudo NonblockingStore implementation for class voldemort.store.stats.StatTrackingStore
    [junit] WARN   <init>, Metadata file not found. Assuming default settings
    [junit] WARN   toNonblockingStore, Using pseudo NonblockingStore implementation for class voldemort.store.stats.StatTrackingStore
    [junit] WARN   toNonblockingStore, Using pseudo NonblockingStore implementation for class voldemort.store.stats.StatTrackingStore
    [junit] WARN   <init>, Metadata file not found. Assuming default settings
    [junit] WARN   toNonblockingStore, Using pseudo NonblockingStore implementation for class voldemort.store.stats.StatTrackingStore
    [junit] WARN   toNonblockingStore, Using pseudo NonblockingStore implementation for class voldemort.store.stats.StatTrackingStore
    [junit] WARN   <init>, Metadata file not found. Assuming default settings
    [junit] WARN   toNonblockingStore, Using pseudo NonblockingStore implementation for class voldemort.store.stats.StatTrackingStore
    [junit] WARN   completeClientRequest, No client associated with Socket[unconnected]
    [junit] WARN   operate, File fetcher class has not instantiated correctly. Assuming local file
    [junit] WARN   operate, File fetcher class has not instantiated correctly. Assuming local file
    [junit] WARN   operate, File fetcher class has not instantiated correctly. Assuming local file
    [junit] WARN   operate, File fetcher class has not instantiated correctly. Assuming local file
    [junit] WARN   completeClientRequest, No client associated with Socket[unconnected]
    [junit] WARN   completeClientRequest, No client associated with Socket[unconnected]
    [junit] WARN   completeClientRequest, No client associated with Socket[unconnected]
    [junit] WARN   completeClientRequest, No client associated with Socket[unconnected]
    [junit] WARN   completeClientRequest, No client associated with Socket[unconnected]
    [junit] WARN   completeClientRequest, No client associated with Socket[unconnected]
    [junit] WARN   completeClientRequest, No client associated with Socket[unconnected]
    [junit] WARN   toNonblockingStore, Using pseudo NonblockingStore implementation for class voldemort.store.stats.StatTrackingStore
    [junit] WARN   <init>, Metadata file not found. Assuming default settings
    [junit] WARN   toNonblockingStore, Using pseudo NonblockingStore implementation for class voldemort.store.stats.StatTrackingStore
    [junit] WARN   toNonblockingStore, Using pseudo NonblockingStore implementation for class voldemort.store.stats.StatTrackingStore
    [junit] WARN   <init>, Metadata file not found. Assuming default settings
    [junit] WARN   toNonblockingStore, Using pseudo NonblockingStore implementation for class voldemort.store.stats.StatTrackingStore
    [junit] WARN   completeClientRequest, No client associated with Socket[unconnected]
    [junit] WARN   operate, File fetcher class has not instantiated correctly. Assuming local file
    [junit] WARN   operate, File fetcher class has not instantiated correctly. Assuming local file
    [junit] WARN   handleResponseError, Error in get on node 0(localhost)
    [junit] voldemort.store.InvalidMetadataException: client attempt accessing key belonging to partition:[1] at Node:Node0 in zone 0 partitionList:[]
    [junit] 	at sun.reflect.GeneratedConstructorAccessor9.newInstance(Unknown Source)
    [junit] 	at sun.reflect.DelegatingConstructorAccessorImpl.newInstance(DelegatingConstructorAccessorImpl.java:27)
    [junit] 	at java.lang.reflect.Constructor.newInstance(Constructor.java:513)
    [junit] 	at voldemort.utils.ReflectUtils.callConstructor(ReflectUtils.java:116)
    [junit] 	at voldemort.utils.ReflectUtils.callConstructor(ReflectUtils.java:103)
    [junit] 	at voldemort.store.ErrorCodeMapper.getError(ErrorCodeMapper.java:70)
    [junit] 	at voldemort.client.protocol.vold.VoldemortNativeClientRequestFormat.checkException(VoldemortNativeClientRequestFormat.java:238)
    [junit] 	at voldemort.client.protocol.vold.VoldemortNativeClientRequestFormat.readGetResponse(VoldemortNativeClientRequestFormat.java:114)
    [junit] 	at voldemort.store.socket.clientrequest.GetClientRequest.parseResponseInternal(GetClientRequest.java:57)
    [junit] 	at voldemort.store.socket.clientrequest.GetClientRequest.parseResponseInternal(GetClientRequest.java:30)
    [junit] 	at voldemort.store.socket.clientrequest.AbstractClientRequest.parseResponse(AbstractClientRequest.java:63)
    [junit] 	at voldemort.store.socket.SocketStore$NonblockingStoreCallbackClientRequest.parseResponse(SocketStore.java:377)
    [junit] 	at voldemort.store.socket.clientrequest.ClientRequestExecutor.read(ClientRequestExecutor.java:200)
    [junit] 	at voldemort.utils.SelectorManagerWorker.run(SelectorManagerWorker.java:98)
    [junit] 	at voldemort.utils.SelectorManager.run(SelectorManager.java:193)
    [junit] 	at java.util.concurrent.ThreadPoolExecutor$Worker.runTask(ThreadPoolExecutor.java:886)
    [junit] 	at java.util.concurrent.ThreadPoolExecutor$Worker.run(ThreadPoolExecutor.java:908)
    [junit] 	at java.lang.Thread.run(Thread.java:680)
    [junit] voldemort.store.InvalidMetadataException: client attempt accessing key belonging to partition:[1] at Node:Node0 in zone 0 partitionList:[]
    [junit] 	at voldemort.store.StoreUtils.assertValidMetadata(StoreUtils.java:142)
    [junit] 	at voldemort.store.invalidmetadata.InvalidMetadataCheckingStore.get(InvalidMetadataCheckingStore.java:101)
    [junit] 	at voldemort.store.invalidmetadata.InvalidMetadataCheckingStore.get(InvalidMetadataCheckingStore.java:41)
    [junit] 	at voldemort.store.DelegatingStore.get(DelegatingStore.java:60)
    [junit] 	at voldemort.store.stats.StatTrackingStore.get(StatTrackingStore.java:66)
    [junit] 	at voldemort.store.stats.StatTrackingStore.get(StatTrackingStore.java:39)
    [junit] 	at voldemort.server.protocol.vold.VoldemortNativeRequestHandler.handleGet(VoldemortNativeRequestHandler.java:245)
    [junit] 	at voldemort.server.protocol.vold.VoldemortNativeRequestHandler.handleRequest(VoldemortNativeRequestHandler.java:63)
    [junit] 	at voldemort.server.socket.SocketServerSession.run(SocketServerSession.java:75)
    [junit] 	at java.util.concurrent.ThreadPoolExecutor$Worker.runTask(ThreadPoolExecutor.java:886)
    [junit] 	at java.util.concurrent.ThreadPoolExecutor$Worker.run(ThreadPoolExecutor.java:908)
    [junit] 	at java.lang.Thread.run(Thread.java:680)
    [junit] WARN   completeClientRequest, No client associated with Socket[unconnected]
    [junit] WARN   completeClientRequest, No client associated with Socket[unconnected]
    [junit] WARN   completeClientRequest, No client associated with Socket[unconnected]
    [junit] WARN   completeClientRequest, No client associated with Socket[unconnected]
    [junit] WARN   completeClientRequest, No client associated with Socket[unconnected]
    [junit] WARN   completeClientRequest, No client associated with Socket[unconnected]
    [junit] WARN   toNonblockingStore, Using pseudo NonblockingStore implementation for class voldemort.store.stats.StatTrackingStore
    [junit] WARN   <init>, Metadata file not found. Assuming default settings
    [junit] WARN   toNonblockingStore, Using pseudo NonblockingStore implementation for class voldemort.store.stats.StatTrackingStore
    [junit] WARN   toNonblockingStore, Using pseudo NonblockingStore implementation for class voldemort.store.stats.StatTrackingStore
    [junit] WARN   <init>, Metadata file not found. Assuming default settings
    [junit] WARN   toNonblockingStore, Using pseudo NonblockingStore implementation for class voldemort.store.stats.StatTrackingStore
    [junit] WARN   toNonblockingStore, Using pseudo NonblockingStore implementation for class voldemort.store.stats.StatTrackingStore
    [junit] WARN   <init>, Metadata file not found. Assuming default settings
    [junit] WARN   toNonblockingStore, Using pseudo NonblockingStore implementation for class voldemort.store.stats.StatTrackingStore
    [junit] WARN   toNonblockingStore, Using pseudo NonblockingStore implementation for class voldemort.store.stats.StatTrackingStore
    [junit] WARN   <init>, Metadata file not found. Assuming default settings
    [junit] WARN   toNonblockingStore, Using pseudo NonblockingStore implementation for class voldemort.store.stats.StatTrackingStore
    [junit] WARN   completeClientRequest, No client associated with Socket[unconnected]
    [junit] WARN   operate, File fetcher class has not instantiated correctly. Assuming local file
    [junit] WARN   operate, File fetcher class has not instantiated correctly. Assuming local file
    [junit] WARN   operate, File fetcher class has not instantiated correctly. Assuming local file
    [junit] WARN   operate, File fetcher class has not instantiated correctly. Assuming local file
    [junit] voldemort.store.InvalidMetadataException: client attempt accessing key belonging to partition:[6] at Node:Node0 in zone 0 partitionList:[0, 2, 4]
    [junit] 	at voldemort.store.StoreUtils.assertValidMetadata(StoreUtils.java:142)
    [junit] 	at voldemort.store.invalidmetadata.InvalidMetadataCheckingStore.get(InvalidMetadataCheckingStore.java:101)
    [junit] 	at voldemort.store.invalidmetadata.InvalidMetadataCheckingStore.get(InvalidMetadataCheckingStore.java:41)
    [junit] 	at voldemort.store.DelegatingStore.get(DelegatingStore.java:60)
    [junit] 	at voldemort.store.stats.StatTrackingStore.get(StatTrackingStore.java:66)
    [junit] 	at voldemort.store.stats.StatTrackingStore.get(StatTrackingStore.java:39)
    [junit] 	at voldemort.server.protocol.vold.VoldemortNativeRequestHandler.handleGet(VoldemortNativeRequestHandler.java:245)
    [junit] 	at voldemort.server.protocol.vold.VoldemortNativeRequestHandler.handleRequest(VoldemortNativeRequestHandler.java:63)
    [junit] 	at voldemort.server.socket.SocketServerSession.run(SocketServerSession.java:75)
    [junit] 	at java.util.concurrent.ThreadPoolExecutor$Worker.runTask(ThreadPoolExecutor.java:886)
    [junit] 	at java.util.concurrent.ThreadPoolExecutor$Worker.run(ThreadPoolExecutor.java:908)
    [junit] 	at java.lang.Thread.run(Thread.java:680)
    [junit] voldemort.store.InvalidMetadataException: client attempt accessing key belonging to partition:[3] at Node:Node1 in zone 0 partitionList:[1, 5]
    [junit] 	at voldemort.store.StoreUtils.assertValidMetadata(StoreUtils.java:142)
    [junit] 	at voldemort.store.invalidmetadata.InvalidMetadataCheckingStore.get(InvalidMetadataCheckingStore.java:101)
    [junit] 	at voldemort.store.invalidmetadata.InvalidMetadataCheckingStore.get(InvalidMetadataCheckingStore.java:41)
    [junit] 	at voldemort.store.DelegatingStore.get(DelegatingStore.java:60)
    [junit] 	at voldemort.store.stats.StatTrackingStore.get(StatTrackingStore.java:66)
    [junit] 	at voldemort.store.stats.StatTrackingStore.get(StatTrackingStore.java:39)
    [junit] 	at voldemort.server.protocol.vold.VoldemortNativeRequestHandler.handleGet(VoldemortNativeRequestHandler.java:245)
    [junit] 	at voldemort.server.protocol.vold.VoldemortNativeRequestHandler.handleRequest(VoldemortNativeRequestHandler.java:63)
    [junit] 	at voldemort.server.socket.SocketServerSession.run(SocketServerSession.java:75)
    [junit] 	at java.util.concurrent.ThreadPoolExecutor$Worker.runTask(ThreadPoolExecutor.java:886)
    [junit] 	at java.util.concurrent.ThreadPoolExecutor$Worker.run(ThreadPoolExecutor.java:908)
    [junit] 	at java.lang.Thread.run(Thread.java:680)
    [junit] WARN   handleResponseError, Error in get on node 0(localhost)
    [junit] voldemort.store.InvalidMetadataException: client attempt accessing key belonging to partition:[6] at Node:Node0 in zone 0 partitionList:[0, 2, 4]
    [junit] 	at sun.reflect.GeneratedConstructorAccessor9.newInstance(Unknown Source)
    [junit] 	at sun.reflect.DelegatingConstructorAccessorImpl.newInstance(DelegatingConstructorAccessorImpl.java:27)
    [junit] 	at java.lang.reflect.Constructor.newInstance(Constructor.java:513)
    [junit] 	at voldemort.utils.ReflectUtils.callConstructor(ReflectUtils.java:116)
    [junit] 	at voldemort.utils.ReflectUtils.callConstructor(ReflectUtils.java:103)
    [junit] 	at voldemort.store.ErrorCodeMapper.getError(ErrorCodeMapper.java:70)
    [junit] 	at voldemort.client.protocol.vold.VoldemortNativeClientRequestFormat.checkException(VoldemortNativeClientRequestFormat.java:238)
    [junit] 	at voldemort.client.protocol.vold.VoldemortNativeClientRequestFormat.readGetResponse(VoldemortNativeClientRequestFormat.java:114)
    [junit] 	at voldemort.store.socket.clientrequest.GetClientRequest.parseResponseInternal(GetClientRequest.java:57)
    [junit] 	at voldemort.store.socket.clientrequest.GetClientRequest.parseResponseInternal(GetClientRequest.java:30)
    [junit] 	at voldemort.store.socket.clientrequest.AbstractClientRequest.parseResponse(AbstractClientRequest.java:63)
    [junit] 	at voldemort.store.socket.SocketStore$NonblockingStoreCallbackClientRequest.parseResponse(SocketStore.java:377)
    [junit] 	at voldemort.store.socket.clientrequest.ClientRequestExecutor.read(ClientRequestExecutor.java:200)
    [junit] 	at voldemort.utils.SelectorManagerWorker.run(SelectorManagerWorker.java:98)
    [junit] 	at voldemort.utils.SelectorManager.run(SelectorManager.java:193)
    [junit] 	at java.util.concurrent.ThreadPoolExecutor$Worker.runTask(ThreadPoolExecutor.java:886)
    [junit] 	at java.util.concurrent.ThreadPoolExecutor$Worker.run(ThreadPoolExecutor.java:908)
    [junit] 	at java.lang.Thread.run(Thread.java:680)
    [junit] WARN   handleResponseError, Error in get on node 1(localhost)
    [junit] voldemort.store.InvalidMetadataException: client attempt accessing key belonging to partition:[3] at Node:Node1 in zone 0 partitionList:[1, 5]
    [junit] 	at sun.reflect.GeneratedConstructorAccessor9.newInstance(Unknown Source)
    [junit] 	at sun.reflect.DelegatingConstructorAccessorImpl.newInstance(DelegatingConstructorAccessorImpl.java:27)
    [junit] 	at java.lang.reflect.Constructor.newInstance(Constructor.java:513)
    [junit] 	at voldemort.utils.ReflectUtils.callConstructor(ReflectUtils.java:116)
    [junit] 	at voldemort.utils.ReflectUtils.callConstructor(ReflectUtils.java:103)
    [junit] 	at voldemort.store.ErrorCodeMapper.getError(ErrorCodeMapper.java:70)
    [junit] 	at voldemort.client.protocol.vold.VoldemortNativeClientRequestFormat.checkException(VoldemortNativeClientRequestFormat.java:238)
    [junit] 	at voldemort.client.protocol.vold.VoldemortNativeClientRequestFormat.readGetResponse(VoldemortNativeClientRequestFormat.java:114)
    [junit] 	at voldemort.store.socket.clientrequest.GetClientRequest.parseResponseInternal(GetClientRequest.java:57)
    [junit] 	at voldemort.store.socket.clientrequest.GetClientRequest.parseResponseInternal(GetClientRequest.java:30)
    [junit] 	at voldemort.store.socket.clientrequest.AbstractClientRequest.parseResponse(AbstractClientRequest.java:63)
    [junit] 	at voldemort.store.socket.SocketStore$NonblockingStoreCallbackClientRequest.parseResponse(SocketStore.java:377)
    [junit] 	at voldemort.store.socket.clientrequest.ClientRequestExecutor.read(ClientRequestExecutor.java:200)
    [junit] 	at voldemort.utils.SelectorManagerWorker.run(SelectorManagerWorker.java:98)
    [junit] 	at voldemort.utils.SelectorManager.run(SelectorManager.java:193)
    [junit] 	at java.util.concurrent.ThreadPoolExecutor$Worker.runTask(ThreadPoolExecutor.java:886)
    [junit] 	at java.util.concurrent.ThreadPoolExecutor$Worker.run(ThreadPoolExecutor.java:908)
    [junit] 	at java.lang.Thread.run(Thread.java:680)
    [junit] WARN   handleResponseError, Error in get on node 1(localhost)
    [junit] voldemort.store.InvalidMetadataException: client attempt accessing key belonging to partition:[5] at Node:Node1 in zone 0 partitionList:[1]
    [junit] 	at sun.reflect.GeneratedConstructorAccessor9.newInstance(Unknown Source)
    [junit] 	at sun.reflect.DelegatingConstructorAccessorImpl.newInstance(DelegatingConstructorAccessorImpl.java:27)
    [junit] 	at java.lang.reflect.Constructor.newInstance(Constructor.java:513)
    [junit] 	at voldemort.utils.ReflectUtils.callConstructor(ReflectUtils.java:116)
    [junit] 	at voldemort.utils.ReflectUtils.callConstructor(ReflectUtils.java:103)
    [junit] 	at voldemort.store.ErrorCodeMapper.getError(ErrorCodeMapper.java:70)
    [junit] 	at voldemort.client.protocol.vold.VoldemortNativeClientRequestFormat.checkException(VoldemortNativeClientRequestFormat.java:238)
    [junit] 	at voldemort.client.protocol.vold.VoldemortNativeClientRequestFormat.readGetResponse(VoldemortNativeClientRequestFormat.java:114)
    [junit] 	at voldemort.store.socket.clientrequest.GetClientRequest.parseResponseInternal(GetClientRequest.java:57)
    [junit] 	at voldemort.store.socket.clientrequest.GetClientRequest.parseResponseInternal(GetClientRequest.java:30)
    [junit] 	at voldemort.store.socket.clientrequest.AbstractClientRequest.parseResponse(AbstractClientRequest.java:63)
    [junit] 	at voldemort.store.socket.SocketStore$NonblockingStoreCallbackClientRequest.parseResponse(SocketStore.java:377)
    [junit] 	at voldemort.store.socket.clientrequest.ClientRequestExecutor.read(ClientRequestExecutor.java:200)
    [junit] 	at voldemort.utils.SelectorManagerWorker.run(SelectorManagerWorker.java:98)
    [junit] 	at voldemort.utils.SelectorManager.run(SelectorManager.java:193)
    [junit] 	at java.util.concurrent.ThreadPoolExecutor$Worker.runTask(ThreadPoolExecutor.java:886)
    [junit] 	at java.util.concurrent.ThreadPoolExecutor$Worker.run(ThreadPoolExecutor.java:908)
    [junit] 	at java.lang.Thread.run(Thread.java:680)
    [junit] voldemort.store.InvalidMetadataException: client attempt accessing key belonging to partition:[5] at Node:Node1 in zone 0 partitionList:[1]
    [junit] 	at voldemort.store.StoreUtils.assertValidMetadata(StoreUtils.java:142)
    [junit] 	at voldemort.store.invalidmetadata.InvalidMetadataCheckingStore.get(InvalidMetadataCheckingStore.java:101)
    [junit] 	at voldemort.store.invalidmetadata.InvalidMetadataCheckingStore.get(InvalidMetadataCheckingStore.java:41)
    [junit] 	at voldemort.store.DelegatingStore.get(DelegatingStore.java:60)
    [junit] 	at voldemort.store.stats.StatTrackingStore.get(StatTrackingStore.java:66)
    [junit] 	at voldemort.store.stats.StatTrackingStore.get(StatTrackingStore.java:39)
    [junit] 	at voldemort.server.protocol.vold.VoldemortNativeRequestHandler.handleGet(VoldemortNativeRequestHandler.java:245)
    [junit] 	at voldemort.server.protocol.vold.VoldemortNativeRequestHandler.handleRequest(VoldemortNativeRequestHandler.java:63)
    [junit] 	at voldemort.server.socket.SocketServerSession.run(SocketServerSession.java:75)
    [junit] 	at java.util.concurrent.ThreadPoolExecutor$Worker.runTask(ThreadPoolExecutor.java:886)
    [junit] 	at java.util.concurrent.ThreadPoolExecutor$Worker.run(ThreadPoolExecutor.java:908)
    [junit] 	at java.lang.Thread.run(Thread.java:680)
    [junit] voldemort.store.InvalidMetadataException: client attempt accessing key belonging to partition:[2] at Node:Node0 in zone 0 partitionList:[0, 4]
    [junit] 	at voldemort.store.StoreUtils.assertValidMetadata(StoreUtils.java:142)
    [junit] 	at voldemort.store.invalidmetadata.InvalidMetadataCheckingStore.get(InvalidMetadataCheckingStore.java:101)
    [junit] 	at voldemort.store.invalidmetadata.InvalidMetadataCheckingStore.get(InvalidMetadataCheckingStore.java:41)
    [junit] 	at voldemort.store.DelegatingStore.get(DelegatingStore.java:60)
    [junit] 	at voldemort.store.stats.StatTrackingStore.get(StatTrackingStore.java:66)
    [junit] 	at voldemort.store.stats.StatTrackingStore.get(StatTrackingStore.java:39)
    [junit] 	at voldemort.server.protocol.vold.VoldemortNativeRequestHandler.handleGet(VoldemortNativeRequestHandler.java:245)
    [junit] 	at voldemort.server.protocol.vold.VoldemortNativeRequestHandler.handleRequest(VoldemortNativeRequestHandler.java:63)
    [junit] 	at voldemort.server.socket.SocketServerSession.run(SocketServerSession.java:75)
    [junit] 	at java.util.concurrent.ThreadPoolExecutor$Worker.runTask(ThreadPoolExecutor.java:886)
    [junit] 	at java.util.concurrent.ThreadPoolExecutor$Worker.run(ThreadPoolExecutor.java:908)
    [junit] 	at java.lang.Thread.run(Thread.java:680)
    [junit] WARN   handleResponseError, Error in get on node 0(localhost)
    [junit] voldemort.store.InvalidMetadataException: client attempt accessing key belonging to partition:[2] at Node:Node0 in zone 0 partitionList:[0, 4]
    [junit] 	at sun.reflect.GeneratedConstructorAccessor9.newInstance(Unknown Source)
    [junit] 	at sun.reflect.DelegatingConstructorAccessorImpl.newInstance(DelegatingConstructorAccessorImpl.java:27)
    [junit] 	at java.lang.reflect.Constructor.newInstance(Constructor.java:513)
    [junit] 	at voldemort.utils.ReflectUtils.callConstructor(ReflectUtils.java:116)
    [junit] 	at voldemort.utils.ReflectUtils.callConstructor(ReflectUtils.java:103)
    [junit] 	at voldemort.store.ErrorCodeMapper.getError(ErrorCodeMapper.java:70)
    [junit] 	at voldemort.client.protocol.vold.VoldemortNativeClientRequestFormat.checkException(VoldemortNativeClientRequestFormat.java:238)
    [junit] 	at voldemort.client.protocol.vold.VoldemortNativeClientRequestFormat.readGetResponse(VoldemortNativeClientRequestFormat.java:114)
    [junit] 	at voldemort.store.socket.clientrequest.GetClientRequest.parseResponseInternal(GetClientRequest.java:57)
    [junit] 	at voldemort.store.socket.clientrequest.GetClientRequest.parseResponseInternal(GetClientRequest.java:30)
    [junit] 	at voldemort.store.socket.clientrequest.AbstractClientRequest.parseResponse(AbstractClientRequest.java:63)
    [junit] 	at voldemort.store.socket.SocketStore$NonblockingStoreCallbackClientRequest.parseResponse(SocketStore.java:377)
    [junit] 	at voldemort.store.socket.clientrequest.ClientRequestExecutor.read(ClientRequestExecutor.java:200)
    [junit] 	at voldemort.utils.SelectorManagerWorker.run(SelectorManagerWorker.java:98)
    [junit] 	at voldemort.utils.SelectorManager.run(SelectorManager.java:193)
    [junit] 	at java.util.concurrent.ThreadPoolExecutor$Worker.runTask(ThreadPoolExecutor.java:886)
    [junit] 	at java.util.concurrent.ThreadPoolExecutor$Worker.run(ThreadPoolExecutor.java:908)
    [junit] 	at java.lang.Thread.run(Thread.java:680)
    [junit] WARN   completeClientRequest, No client associated with Socket[unconnected]
    [junit] WARN   completeClientRequest, No client associated with Socket[unconnected]
    [junit] WARN   completeClientRequest, No client associated with Socket[unconnected]
    [junit] WARN   completeClientRequest, No client associated with Socket[unconnected]
    [junit] WARN   completeClientRequest, No client associated with Socket[unconnected]
    [junit] WARN   completeClientRequest, No client associated with Socket[unconnected]
    [junit] WARN   completeClientRequest, No client associated with Socket[unconnected]
    [junit] WARN   completeClientRequest, No client associated with Socket[unconnected]
    [junit] WARN   completeClientRequest, No client associated with Socket[unconnected]
    [junit] WARN   completeClientRequest, No client associated with Socket[unconnected]
    [junit] WARN   completeClientRequest, No client associated with Socket[unconnected]
    [junit] WARN   completeClientRequest, No client associated with Socket[unconnected]
    [junit] WARN   completeClientRequest, No client associated with Socket[unconnected]
    [junit] WARN   toNonblockingStore, Using pseudo NonblockingStore implementation for class voldemort.store.stats.StatTrackingStore
    [junit] WARN   <init>, Metadata file not found. Assuming default settings
    [junit] WARN   toNonblockingStore, Using pseudo NonblockingStore implementation for class voldemort.store.stats.StatTrackingStore
    [junit] WARN   toNonblockingStore, Using pseudo NonblockingStore implementation for class voldemort.store.stats.StatTrackingStore
    [junit] WARN   <init>, Metadata file not found. Assuming default settings
    [junit] WARN   toNonblockingStore, Using pseudo NonblockingStore implementation for class voldemort.store.stats.StatTrackingStore
    [junit] WARN   completeClientRequest, No client associated with Socket[unconnected]
    [junit] WARN   operate, File fetcher class has not instantiated correctly. Assuming local file
    [junit] WARN   operate, File fetcher class has not instantiated correctly. Assuming local file
    [junit] WARN   handleResponseError, Error in get on node 0(localhost)
    [junit] voldemort.store.InvalidMetadataException: client attempt accessing key belonging to partition:[3] at Node:Node0 in zone 0 partitionList:[]
    [junit] 	at voldemort.store.StoreUtils.assertValidMetadata(StoreUtils.java:142)
    [junit] 	at voldemort.store.invalidmetadata.InvalidMetadataCheckingStore.get(InvalidMetadataCheckingStore.java:101)
    [junit] 	at voldemort.store.invalidmetadata.InvalidMetadataCheckingStore.get(InvalidMetadataCheckingStore.java:41)
    [junit] 	at voldemort.store.DelegatingStore.get(DelegatingStore.java:60)
    [junit] 	at voldemort.store.stats.StatTrackingStore.get(StatTrackingStore.java:66)
    [junit] 	at voldemort.store.stats.StatTrackingStore.get(StatTrackingStore.java:39)
    [junit] 	at voldemort.store.nonblockingstore.ThreadPoolBasedNonblockingStoreImpl$2.request(ThreadPoolBasedNonblockingStoreImpl.java:72)
    [junit] 	at voldemort.store.nonblockingstore.ThreadPoolBasedNonblockingStoreImpl$2.request(ThreadPoolBasedNonblockingStoreImpl.java:69)
    [junit] 	at voldemort.store.nonblockingstore.ThreadPoolBasedNonblockingStoreImpl$6.run(ThreadPoolBasedNonblockingStoreImpl.java:129)
    [junit] 	at java.util.concurrent.Executors$RunnableAdapter.call(Executors.java:441)
    [junit] 	at java.util.concurrent.FutureTask$Sync.innerRun(FutureTask.java:303)
    [junit] 	at java.util.concurrent.FutureTask.run(FutureTask.java:138)
    [junit] 	at java.util.concurrent.ThreadPoolExecutor$Worker.runTask(ThreadPoolExecutor.java:886)
    [junit] 	at java.util.concurrent.ThreadPoolExecutor$Worker.run(ThreadPoolExecutor.java:908)
    [junit] 	at java.lang.Thread.run(Thread.java:680)
    [junit] WARN   completeClientRequest, No client associated with Socket[unconnected]
    [junit] WARN   completeClientRequest, No client associated with Socket[unconnected]
    [junit] WARN   completeClientRequest, No client associated with Socket[unconnected]
    [junit] WARN   completeClientRequest, No client associated with Socket[unconnected]
    [junit] Tests run: 10, Failures: 0, Errors: 0, Time elapsed: 33.587 sec
    [junit] Running voldemort.cluster.failuredetector.BannagePeriodFailureDetectorTest
    [junit] WARN   setUnavailable, Node 8 set as unavailable
    [junit] voldemort.store.UnreachableStoreException: intentionalerror
    [junit] 	at voldemort.cluster.failuredetector.BannagePeriodFailureDetectorTest.testCatastrophicErrors(BannagePeriodFailureDetectorTest.java:60)
    [junit] 	at sun.reflect.NativeMethodAccessorImpl.invoke0(Native Method)
    [junit] 	at sun.reflect.NativeMethodAccessorImpl.invoke(NativeMethodAccessorImpl.java:39)
    [junit] 	at sun.reflect.DelegatingMethodAccessorImpl.invoke(DelegatingMethodAccessorImpl.java:25)
    [junit] 	at java.lang.reflect.Method.invoke(Method.java:597)
    [junit] 	at org.junit.runners.model.FrameworkMethod$1.runReflectiveCall(FrameworkMethod.java:44)
    [junit] 	at org.junit.internal.runners.model.ReflectiveCallable.run(ReflectiveCallable.java:15)
    [junit] 	at org.junit.runners.model.FrameworkMethod.invokeExplosively(FrameworkMethod.java:41)
    [junit] 	at org.junit.internal.runners.statements.InvokeMethod.evaluate(InvokeMethod.java:20)
    [junit] 	at org.junit.internal.runners.statements.RunBefores.evaluate(RunBefores.java:28)
    [junit] 	at org.junit.internal.runners.statements.RunAfters.evaluate(RunAfters.java:31)
    [junit] 	at org.junit.runners.BlockJUnit4ClassRunner.runChild(BlockJUnit4ClassRunner.java:70)
    [junit] 	at org.junit.runners.BlockJUnit4ClassRunner.runChild(BlockJUnit4ClassRunner.java:44)
    [junit] 	at org.junit.runners.ParentRunner.runChildren(ParentRunner.java:180)
    [junit] 	at org.junit.runners.ParentRunner.access$000(ParentRunner.java:41)
    [junit] 	at org.junit.runners.ParentRunner$1.evaluate(ParentRunner.java:173)
    [junit] 	at org.junit.internal.runners.statements.RunBefores.evaluate(RunBefores.java:28)
    [junit] 	at org.junit.internal.runners.statements.RunAfters.evaluate(RunAfters.java:31)
    [junit] 	at org.junit.runners.ParentRunner.run(ParentRunner.java:220)
    [junit] 	at junit.framework.JUnit4TestAdapter.run(JUnit4TestAdapter.java:39)
    [junit] 	at org.apache.tools.ant.taskdefs.optional.junit.JUnitTestRunner.run(JUnitTestRunner.java:518)
    [junit] 	at org.apache.tools.ant.taskdefs.optional.junit.JUnitTestRunner.launch(JUnitTestRunner.java:1052)
    [junit] 	at org.apache.tools.ant.taskdefs.optional.junit.JUnitTestRunner.main(JUnitTestRunner.java:906)
    [junit] Caused by: java.net.ConnectException: intentionalerror
    [junit] 	... 23 more
    [junit] WARN   setUnavailable, Node 8 set as unavailable
    [junit] voldemort.store.UnreachableStoreException: intentionalerror
    [junit] 	at voldemort.cluster.failuredetector.BannagePeriodFailureDetectorTest.testCatastrophicErrors(BannagePeriodFailureDetectorTest.java:68)
    [junit] 	at sun.reflect.NativeMethodAccessorImpl.invoke0(Native Method)
    [junit] 	at sun.reflect.NativeMethodAccessorImpl.invoke(NativeMethodAccessorImpl.java:39)
    [junit] 	at sun.reflect.DelegatingMethodAccessorImpl.invoke(DelegatingMethodAccessorImpl.java:25)
    [junit] 	at java.lang.reflect.Method.invoke(Method.java:597)
    [junit] 	at org.junit.runners.model.FrameworkMethod$1.runReflectiveCall(FrameworkMethod.java:44)
    [junit] 	at org.junit.internal.runners.model.ReflectiveCallable.run(ReflectiveCallable.java:15)
    [junit] 	at org.junit.runners.model.FrameworkMethod.invokeExplosively(FrameworkMethod.java:41)
    [junit] 	at org.junit.internal.runners.statements.InvokeMethod.evaluate(InvokeMethod.java:20)
    [junit] 	at org.junit.internal.runners.statements.RunBefores.evaluate(RunBefores.java:28)
    [junit] 	at org.junit.internal.runners.statements.RunAfters.evaluate(RunAfters.java:31)
    [junit] 	at org.junit.runners.BlockJUnit4ClassRunner.runChild(BlockJUnit4ClassRunner.java:70)
    [junit] 	at org.junit.runners.BlockJUnit4ClassRunner.runChild(BlockJUnit4ClassRunner.java:44)
    [junit] 	at org.junit.runners.ParentRunner.runChildren(ParentRunner.java:180)
    [junit] 	at org.junit.runners.ParentRunner.access$000(ParentRunner.java:41)
    [junit] 	at org.junit.runners.ParentRunner$1.evaluate(ParentRunner.java:173)
    [junit] 	at org.junit.internal.runners.statements.RunBefores.evaluate(RunBefores.java:28)
    [junit] 	at org.junit.internal.runners.statements.RunAfters.evaluate(RunAfters.java:31)
    [junit] 	at org.junit.runners.ParentRunner.run(ParentRunner.java:220)
    [junit] 	at junit.framework.JUnit4TestAdapter.run(JUnit4TestAdapter.java:39)
    [junit] 	at org.apache.tools.ant.taskdefs.optional.junit.JUnitTestRunner.run(JUnitTestRunner.java:518)
    [junit] 	at org.apache.tools.ant.taskdefs.optional.junit.JUnitTestRunner.launch(JUnitTestRunner.java:1052)
    [junit] 	at org.apache.tools.ant.taskdefs.optional.junit.JUnitTestRunner.main(JUnitTestRunner.java:906)
    [junit] Caused by: java.net.UnknownHostException: intentionalerror
    [junit] 	... 23 more
    [junit] WARN   setUnavailable, Node 8 set as unavailable
    [junit] voldemort.store.UnreachableStoreException: intentionalerror
    [junit] 	at voldemort.cluster.failuredetector.BannagePeriodFailureDetectorTest.testCatastrophicErrors(BannagePeriodFailureDetectorTest.java:76)
    [junit] 	at sun.reflect.NativeMethodAccessorImpl.invoke0(Native Method)
    [junit] 	at sun.reflect.NativeMethodAccessorImpl.invoke(NativeMethodAccessorImpl.java:39)
    [junit] 	at sun.reflect.DelegatingMethodAccessorImpl.invoke(DelegatingMethodAccessorImpl.java:25)
    [junit] 	at java.lang.reflect.Method.invoke(Method.java:597)
    [junit] 	at org.junit.runners.model.FrameworkMethod$1.runReflectiveCall(FrameworkMethod.java:44)
    [junit] 	at org.junit.internal.runners.model.ReflectiveCallable.run(ReflectiveCallable.java:15)
    [junit] 	at org.junit.runners.model.FrameworkMethod.invokeExplosively(FrameworkMethod.java:41)
    [junit] 	at org.junit.internal.runners.statements.InvokeMethod.evaluate(InvokeMethod.java:20)
    [junit] 	at org.junit.internal.runners.statements.RunBefores.evaluate(RunBefores.java:28)
    [junit] 	at org.junit.internal.runners.statements.RunAfters.evaluate(RunAfters.java:31)
    [junit] 	at org.junit.runners.BlockJUnit4ClassRunner.runChild(BlockJUnit4ClassRunner.java:70)
    [junit] 	at org.junit.runners.BlockJUnit4ClassRunner.runChild(BlockJUnit4ClassRunner.java:44)
    [junit] 	at org.junit.runners.ParentRunner.runChildren(ParentRunner.java:180)
    [junit] 	at org.junit.runners.ParentRunner.access$000(ParentRunner.java:41)
    [junit] 	at org.junit.runners.ParentRunner$1.evaluate(ParentRunner.java:173)
    [junit] 	at org.junit.internal.runners.statements.RunBefores.evaluate(RunBefores.java:28)
    [junit] 	at org.junit.internal.runners.statements.RunAfters.evaluate(RunAfters.java:31)
    [junit] 	at org.junit.runners.ParentRunner.run(ParentRunner.java:220)
    [junit] 	at junit.framework.JUnit4TestAdapter.run(JUnit4TestAdapter.java:39)
    [junit] 	at org.apache.tools.ant.taskdefs.optional.junit.JUnitTestRunner.run(JUnitTestRunner.java:518)
    [junit] 	at org.apache.tools.ant.taskdefs.optional.junit.JUnitTestRunner.launch(JUnitTestRunner.java:1052)
    [junit] 	at org.apache.tools.ant.taskdefs.optional.junit.JUnitTestRunner.main(JUnitTestRunner.java:906)
    [junit] Caused by: java.net.NoRouteToHostException: intentionalerror
    [junit] 	... 23 more
    [junit] WARN   setUnavailable, Node 8 set as unavailable
    [junit] WARN   setUnavailable, Node 8 set as unavailable
    [junit] WARN   setUnavailable, Node 8 set as unavailable
    [junit] WARN   setUnavailable, Node 8 set as unavailable
    [junit] WARN   setUnavailable, Node 8 set as unavailable
    [junit] Tests run: 6, Failures: 0, Errors: 0, Time elapsed: 0.968 sec
    [junit] Running voldemort.cluster.failuredetector.ServerStoreVerifierTest
    [junit] WARN   toNonblockingStore, Using pseudo NonblockingStore implementation for class voldemort.store.stats.StatTrackingStore
    [junit] WARN   toNonblockingStore, Using pseudo NonblockingStore implementation for class voldemort.store.stats.StatTrackingStore
    [junit] WARN   completeClientRequest, No client associated with Socket[unconnected]
    [junit] WARN   completeClientRequest, No client associated with Socket[unconnected]
    [junit] WARN   toNonblockingStore, Using pseudo NonblockingStore implementation for class voldemort.store.stats.StatTrackingStore
    [junit] WARN   toNonblockingStore, Using pseudo NonblockingStore implementation for class voldemort.store.stats.StatTrackingStore
    [junit] WARN   completeClientRequest, No client associated with Socket[unconnected]
    [junit] WARN   completeClientRequest, No client associated with Socket[unconnected]
    [junit] Tests run: 2, Failures: 0, Errors: 0, Time elapsed: 1.503 sec
    [junit] Running voldemort.cluster.failuredetector.ThresholdFailureDetectorTest
    [junit] WARN   setUnavailable, Node 8 set as unavailable
    [junit] voldemort.store.UnreachableStoreException: intentionalerror
    [junit] 	at voldemort.cluster.failuredetector.ThresholdFailureDetectorTest.testCatastrophicErrors(ThresholdFailureDetectorTest.java:63)
    [junit] 	at sun.reflect.NativeMethodAccessorImpl.invoke0(Native Method)
    [junit] 	at sun.reflect.NativeMethodAccessorImpl.invoke(NativeMethodAccessorImpl.java:39)
    [junit] 	at sun.reflect.DelegatingMethodAccessorImpl.invoke(DelegatingMethodAccessorImpl.java:25)
    [junit] 	at java.lang.reflect.Method.invoke(Method.java:597)
    [junit] 	at org.junit.runners.model.FrameworkMethod$1.runReflectiveCall(FrameworkMethod.java:44)
    [junit] 	at org.junit.internal.runners.model.ReflectiveCallable.run(ReflectiveCallable.java:15)
    [junit] 	at org.junit.runners.model.FrameworkMethod.invokeExplosively(FrameworkMethod.java:41)
    [junit] 	at org.junit.internal.runners.statements.InvokeMethod.evaluate(InvokeMethod.java:20)
    [junit] 	at org.junit.internal.runners.statements.RunBefores.evaluate(RunBefores.java:28)
    [junit] 	at org.junit.internal.runners.statements.RunAfters.evaluate(RunAfters.java:31)
    [junit] 	at org.junit.runners.BlockJUnit4ClassRunner.runChild(BlockJUnit4ClassRunner.java:70)
    [junit] 	at org.junit.runners.BlockJUnit4ClassRunner.runChild(BlockJUnit4ClassRunner.java:44)
    [junit] 	at org.junit.runners.ParentRunner.runChildren(ParentRunner.java:180)
    [junit] 	at org.junit.runners.ParentRunner.access$000(ParentRunner.java:41)
    [junit] 	at org.junit.runners.ParentRunner$1.evaluate(ParentRunner.java:173)
    [junit] 	at org.junit.internal.runners.statements.RunBefores.evaluate(RunBefores.java:28)
    [junit] 	at org.junit.internal.runners.statements.RunAfters.evaluate(RunAfters.java:31)
    [junit] 	at org.junit.runners.ParentRunner.run(ParentRunner.java:220)
    [junit] 	at junit.framework.JUnit4TestAdapter.run(JUnit4TestAdapter.java:39)
    [junit] 	at org.apache.tools.ant.taskdefs.optional.junit.JUnitTestRunner.run(JUnitTestRunner.java:518)
    [junit] 	at org.apache.tools.ant.taskdefs.optional.junit.JUnitTestRunner.launch(JUnitTestRunner.java:1052)
    [junit] 	at org.apache.tools.ant.taskdefs.optional.junit.JUnitTestRunner.main(JUnitTestRunner.java:906)
    [junit] Caused by: java.net.ConnectException: intentionalerror
    [junit] 	... 23 more
    [junit] WARN   setUnavailable, Node 8 set as unavailable
    [junit] voldemort.store.UnreachableStoreException: intentionalerror
    [junit] 	at voldemort.cluster.failuredetector.ThresholdFailureDetectorTest.testCatastrophicErrors(ThresholdFailureDetectorTest.java:70)
    [junit] 	at sun.reflect.NativeMethodAccessorImpl.invoke0(Native Method)
    [junit] 	at sun.reflect.NativeMethodAccessorImpl.invoke(NativeMethodAccessorImpl.java:39)
    [junit] 	at sun.reflect.DelegatingMethodAccessorImpl.invoke(DelegatingMethodAccessorImpl.java:25)
    [junit] 	at java.lang.reflect.Method.invoke(Method.java:597)
    [junit] 	at org.junit.runners.model.FrameworkMethod$1.runReflectiveCall(FrameworkMethod.java:44)
    [junit] 	at org.junit.internal.runners.model.ReflectiveCallable.run(ReflectiveCallable.java:15)
    [junit] 	at org.junit.runners.model.FrameworkMethod.invokeExplosively(FrameworkMethod.java:41)
    [junit] 	at org.junit.internal.runners.statements.InvokeMethod.evaluate(InvokeMethod.java:20)
    [junit] 	at org.junit.internal.runners.statements.RunBefores.evaluate(RunBefores.java:28)
    [junit] 	at org.junit.internal.runners.statements.RunAfters.evaluate(RunAfters.java:31)
    [junit] 	at org.junit.runners.BlockJUnit4ClassRunner.runChild(BlockJUnit4ClassRunner.java:70)
    [junit] 	at org.junit.runners.BlockJUnit4ClassRunner.runChild(BlockJUnit4ClassRunner.java:44)
    [junit] 	at org.junit.runners.ParentRunner.runChildren(ParentRunner.java:180)
    [junit] 	at org.junit.runners.ParentRunner.access$000(ParentRunner.java:41)
    [junit] 	at org.junit.runners.ParentRunner$1.evaluate(ParentRunner.java:173)
    [junit] 	at org.junit.internal.runners.statements.RunBefores.evaluate(RunBefores.java:28)
    [junit] 	at org.junit.internal.runners.statements.RunAfters.evaluate(RunAfters.java:31)
    [junit] 	at org.junit.runners.ParentRunner.run(ParentRunner.java:220)
    [junit] 	at junit.framework.JUnit4TestAdapter.run(JUnit4TestAdapter.java:39)
    [junit] 	at org.apache.tools.ant.taskdefs.optional.junit.JUnitTestRunner.run(JUnitTestRunner.java:518)
    [junit] 	at org.apache.tools.ant.taskdefs.optional.junit.JUnitTestRunner.launch(JUnitTestRunner.java:1052)
    [junit] 	at org.apache.tools.ant.taskdefs.optional.junit.JUnitTestRunner.main(JUnitTestRunner.java:906)
    [junit] Caused by: java.net.UnknownHostException: intentionalerror
    [junit] 	... 23 more
    [junit] WARN   setUnavailable, Node 8 set as unavailable
    [junit] voldemort.store.UnreachableStoreException: intentionalerror
    [junit] 	at voldemort.cluster.failuredetector.ThresholdFailureDetectorTest.testCatastrophicErrors(ThresholdFailureDetectorTest.java:77)
    [junit] 	at sun.reflect.NativeMethodAccessorImpl.invoke0(Native Method)
    [junit] 	at sun.reflect.NativeMethodAccessorImpl.invoke(NativeMethodAccessorImpl.java:39)
    [junit] 	at sun.reflect.DelegatingMethodAccessorImpl.invoke(DelegatingMethodAccessorImpl.java:25)
    [junit] 	at java.lang.reflect.Method.invoke(Method.java:597)
    [junit] 	at org.junit.runners.model.FrameworkMethod$1.runReflectiveCall(FrameworkMethod.java:44)
    [junit] 	at org.junit.internal.runners.model.ReflectiveCallable.run(ReflectiveCallable.java:15)
    [junit] 	at org.junit.runners.model.FrameworkMethod.invokeExplosively(FrameworkMethod.java:41)
    [junit] 	at org.junit.internal.runners.statements.InvokeMethod.evaluate(InvokeMethod.java:20)
    [junit] 	at org.junit.internal.runners.statements.RunBefores.evaluate(RunBefores.java:28)
    [junit] 	at org.junit.internal.runners.statements.RunAfters.evaluate(RunAfters.java:31)
    [junit] 	at org.junit.runners.BlockJUnit4ClassRunner.runChild(BlockJUnit4ClassRunner.java:70)
    [junit] 	at org.junit.runners.BlockJUnit4ClassRunner.runChild(BlockJUnit4ClassRunner.java:44)
    [junit] 	at org.junit.runners.ParentRunner.runChildren(ParentRunner.java:180)
    [junit] 	at org.junit.runners.ParentRunner.access$000(ParentRunner.java:41)
    [junit] 	at org.junit.runners.ParentRunner$1.evaluate(ParentRunner.java:173)
    [junit] 	at org.junit.internal.runners.statements.RunBefores.evaluate(RunBefores.java:28)
    [junit] 	at org.junit.internal.runners.statements.RunAfters.evaluate(RunAfters.java:31)
    [junit] 	at org.junit.runners.ParentRunner.run(ParentRunner.java:220)
    [junit] 	at junit.framework.JUnit4TestAdapter.run(JUnit4TestAdapter.java:39)
    [junit] 	at org.apache.tools.ant.taskdefs.optional.junit.JUnitTestRunner.run(JUnitTestRunner.java:518)
    [junit] 	at org.apache.tools.ant.taskdefs.optional.junit.JUnitTestRunner.launch(JUnitTestRunner.java:1052)
    [junit] 	at org.apache.tools.ant.taskdefs.optional.junit.JUnitTestRunner.main(JUnitTestRunner.java:906)
    [junit] Caused by: java.net.NoRouteToHostException: intentionalerror
    [junit] 	... 23 more
    [junit] WARN   setUnavailable, Node 8 set as unavailable
    [junit] voldemort.store.UnreachableStoreException: Node 8 recording success, but request time (5001) exceeded threshold (5000)
    [junit] 	at voldemort.cluster.failuredetector.ThresholdFailureDetector.recordSuccess(ThresholdFailureDetector.java:84)
    [junit] 	at voldemort.cluster.failuredetector.ThresholdFailureDetectorTest.testTimeouts(ThresholdFailureDetectorTest.java:102)
    [junit] 	at sun.reflect.NativeMethodAccessorImpl.invoke0(Native Method)
    [junit] 	at sun.reflect.NativeMethodAccessorImpl.invoke(NativeMethodAccessorImpl.java:39)
    [junit] 	at sun.reflect.DelegatingMethodAccessorImpl.invoke(DelegatingMethodAccessorImpl.java:25)
    [junit] 	at java.lang.reflect.Method.invoke(Method.java:597)
    [junit] 	at org.junit.runners.model.FrameworkMethod$1.runReflectiveCall(FrameworkMethod.java:44)
    [junit] 	at org.junit.internal.runners.model.ReflectiveCallable.run(ReflectiveCallable.java:15)
    [junit] 	at org.junit.runners.model.FrameworkMethod.invokeExplosively(FrameworkMethod.java:41)
    [junit] 	at org.junit.internal.runners.statements.InvokeMethod.evaluate(InvokeMethod.java:20)
    [junit] 	at org.junit.internal.runners.statements.RunBefores.evaluate(RunBefores.java:28)
    [junit] 	at org.junit.internal.runners.statements.RunAfters.evaluate(RunAfters.java:31)
    [junit] 	at org.junit.runners.BlockJUnit4ClassRunner.runChild(BlockJUnit4ClassRunner.java:70)
    [junit] 	at org.junit.runners.BlockJUnit4ClassRunner.runChild(BlockJUnit4ClassRunner.java:44)
    [junit] 	at org.junit.runners.ParentRunner.runChildren(ParentRunner.java:180)
    [junit] 	at org.junit.runners.ParentRunner.access$000(ParentRunner.java:41)
    [junit] 	at org.junit.runners.ParentRunner$1.evaluate(ParentRunner.java:173)
    [junit] 	at org.junit.internal.runners.statements.RunBefores.evaluate(RunBefores.java:28)
    [junit] 	at org.junit.internal.runners.statements.RunAfters.evaluate(RunAfters.java:31)
    [junit] 	at org.junit.runners.ParentRunner.run(ParentRunner.java:220)
    [junit] 	at junit.framework.JUnit4TestAdapter.run(JUnit4TestAdapter.java:39)
    [junit] 	at org.apache.tools.ant.taskdefs.optional.junit.JUnitTestRunner.run(JUnitTestRunner.java:518)
    [junit] 	at org.apache.tools.ant.taskdefs.optional.junit.JUnitTestRunner.launch(JUnitTestRunner.java:1052)
    [junit] 	at org.apache.tools.ant.taskdefs.optional.junit.JUnitTestRunner.main(JUnitTestRunner.java:906)
    [junit] WARN   setUnavailable, Node 8 set as unavailable
    [junit] voldemort.store.UnreachableStoreException: Node 8 recording success, but request time (5001) exceeded threshold (5000)
    [junit] 	at voldemort.cluster.failuredetector.ThresholdFailureDetector.recordSuccess(ThresholdFailureDetector.java:84)
    [junit] 	at voldemort.cluster.failuredetector.ThresholdFailureDetectorTest.testTimeouts(ThresholdFailureDetectorTest.java:102)
    [junit] 	at sun.reflect.NativeMethodAccessorImpl.invoke0(Native Method)
    [junit] 	at sun.reflect.NativeMethodAccessorImpl.invoke(NativeMethodAccessorImpl.java:39)
    [junit] 	at sun.reflect.DelegatingMethodAccessorImpl.invoke(DelegatingMethodAccessorImpl.java:25)
    [junit] 	at java.lang.reflect.Method.invoke(Method.java:597)
    [junit] 	at org.junit.runners.model.FrameworkMethod$1.runReflectiveCall(FrameworkMethod.java:44)
    [junit] 	at org.junit.internal.runners.model.ReflectiveCallable.run(ReflectiveCallable.java:15)
    [junit] 	at org.junit.runners.model.FrameworkMethod.invokeExplosively(FrameworkMethod.java:41)
    [junit] 	at org.junit.internal.runners.statements.InvokeMethod.evaluate(InvokeMethod.java:20)
    [junit] 	at org.junit.internal.runners.statements.RunBefores.evaluate(RunBefores.java:28)
    [junit] 	at org.junit.internal.runners.statements.RunAfters.evaluate(RunAfters.java:31)
    [junit] 	at org.junit.runners.BlockJUnit4ClassRunner.runChild(BlockJUnit4ClassRunner.java:70)
    [junit] 	at org.junit.runners.BlockJUnit4ClassRunner.runChild(BlockJUnit4ClassRunner.java:44)
    [junit] 	at org.junit.runners.ParentRunner.runChildren(ParentRunner.java:180)
    [junit] 	at org.junit.runners.ParentRunner.access$000(ParentRunner.java:41)
    [junit] 	at org.junit.runners.ParentRunner$1.evaluate(ParentRunner.java:173)
    [junit] 	at org.junit.internal.runners.statements.RunBefores.evaluate(RunBefores.java:28)
    [junit] 	at org.junit.internal.runners.statements.RunAfters.evaluate(RunAfters.java:31)
    [junit] 	at org.junit.runners.ParentRunner.run(ParentRunner.java:220)
    [junit] 	at junit.framework.JUnit4TestAdapter.run(JUnit4TestAdapter.java:39)
    [junit] 	at org.apache.tools.ant.taskdefs.optional.junit.JUnitTestRunner.run(JUnitTestRunner.java:518)
    [junit] 	at org.apache.tools.ant.taskdefs.optional.junit.JUnitTestRunner.launch(JUnitTestRunner.java:1052)
    [junit] 	at org.apache.tools.ant.taskdefs.optional.junit.JUnitTestRunner.main(JUnitTestRunner.java:906)
    [junit] WARN   setUnavailable, Node 8 set as unavailable
    [junit] voldemort.store.UnreachableStoreException: Node 8 recording success, but request time (5001) exceeded threshold (5000)
    [junit] 	at voldemort.cluster.failuredetector.ThresholdFailureDetector.recordSuccess(ThresholdFailureDetector.java:84)
    [junit] 	at voldemort.cluster.failuredetector.ThresholdFailureDetectorTest.testTimeouts(ThresholdFailureDetectorTest.java:102)
    [junit] 	at sun.reflect.NativeMethodAccessorImpl.invoke0(Native Method)
    [junit] 	at sun.reflect.NativeMethodAccessorImpl.invoke(NativeMethodAccessorImpl.java:39)
    [junit] 	at sun.reflect.DelegatingMethodAccessorImpl.invoke(DelegatingMethodAccessorImpl.java:25)
    [junit] 	at java.lang.reflect.Method.invoke(Method.java:597)
    [junit] 	at org.junit.runners.model.FrameworkMethod$1.runReflectiveCall(FrameworkMethod.java:44)
    [junit] 	at org.junit.internal.runners.model.ReflectiveCallable.run(ReflectiveCallable.java:15)
    [junit] 	at org.junit.runners.model.FrameworkMethod.invokeExplosively(FrameworkMethod.java:41)
    [junit] 	at org.junit.internal.runners.statements.InvokeMethod.evaluate(InvokeMethod.java:20)
    [junit] 	at org.junit.internal.runners.statements.RunBefores.evaluate(RunBefores.java:28)
    [junit] 	at org.junit.internal.runners.statements.RunAfters.evaluate(RunAfters.java:31)
    [junit] 	at org.junit.runners.BlockJUnit4ClassRunner.runChild(BlockJUnit4ClassRunner.java:70)
    [junit] 	at org.junit.runners.BlockJUnit4ClassRunner.runChild(BlockJUnit4ClassRunner.java:44)
    [junit] 	at org.junit.runners.ParentRunner.runChildren(ParentRunner.java:180)
    [junit] 	at org.junit.runners.ParentRunner.access$000(ParentRunner.java:41)
    [junit] 	at org.junit.runners.ParentRunner$1.evaluate(ParentRunner.java:173)
    [junit] 	at org.junit.internal.runners.statements.RunBefores.evaluate(RunBefores.java:28)
    [junit] 	at org.junit.internal.runners.statements.RunAfters.evaluate(RunAfters.java:31)
    [junit] 	at org.junit.runners.ParentRunner.run(ParentRunner.java:220)
    [junit] 	at junit.framework.JUnit4TestAdapter.run(JUnit4TestAdapter.java:39)
    [junit] 	at org.apache.tools.ant.taskdefs.optional.junit.JUnitTestRunner.run(JUnitTestRunner.java:518)
    [junit] 	at org.apache.tools.ant.taskdefs.optional.junit.JUnitTestRunner.launch(JUnitTestRunner.java:1052)
    [junit] 	at org.apache.tools.ant.taskdefs.optional.junit.JUnitTestRunner.main(JUnitTestRunner.java:906)
    [junit] WARN   setUnavailable, Node 8 set as unavailable
    [junit] voldemort.store.UnreachableStoreException: Node 8 recording success, but request time (5001) exceeded threshold (5000)
    [junit] 	at voldemort.cluster.failuredetector.ThresholdFailureDetector.recordSuccess(ThresholdFailureDetector.java:84)
    [junit] 	at voldemort.cluster.failuredetector.ThresholdFailureDetectorTest.testTimeouts(ThresholdFailureDetectorTest.java:102)
    [junit] 	at sun.reflect.NativeMethodAccessorImpl.invoke0(Native Method)
    [junit] 	at sun.reflect.NativeMethodAccessorImpl.invoke(NativeMethodAccessorImpl.java:39)
    [junit] 	at sun.reflect.DelegatingMethodAccessorImpl.invoke(DelegatingMethodAccessorImpl.java:25)
    [junit] 	at java.lang.reflect.Method.invoke(Method.java:597)
    [junit] 	at org.junit.runners.model.FrameworkMethod$1.runReflectiveCall(FrameworkMethod.java:44)
    [junit] 	at org.junit.internal.runners.model.ReflectiveCallable.run(ReflectiveCallable.java:15)
    [junit] 	at org.junit.runners.model.FrameworkMethod.invokeExplosively(FrameworkMethod.java:41)
    [junit] 	at org.junit.internal.runners.statements.InvokeMethod.evaluate(InvokeMethod.java:20)
    [junit] 	at org.junit.internal.runners.statements.RunBefores.evaluate(RunBefores.java:28)
    [junit] 	at org.junit.internal.runners.statements.RunAfters.evaluate(RunAfters.java:31)
    [junit] 	at org.junit.runners.BlockJUnit4ClassRunner.runChild(BlockJUnit4ClassRunner.java:70)
    [junit] 	at org.junit.runners.BlockJUnit4ClassRunner.runChild(BlockJUnit4ClassRunner.java:44)
    [junit] 	at org.junit.runners.ParentRunner.runChildren(ParentRunner.java:180)
    [junit] 	at org.junit.runners.ParentRunner.access$000(ParentRunner.java:41)
    [junit] 	at org.junit.runners.ParentRunner$1.evaluate(ParentRunner.java:173)
    [junit] 	at org.junit.internal.runners.statements.RunBefores.evaluate(RunBefores.java:28)
    [junit] 	at org.junit.internal.runners.statements.RunAfters.evaluate(RunAfters.java:31)
    [junit] 	at org.junit.runners.ParentRunner.run(ParentRunner.java:220)
    [junit] 	at junit.framework.JUnit4TestAdapter.run(JUnit4TestAdapter.java:39)
    [junit] 	at org.apache.tools.ant.taskdefs.optional.junit.JUnitTestRunner.run(JUnitTestRunner.java:518)
    [junit] 	at org.apache.tools.ant.taskdefs.optional.junit.JUnitTestRunner.launch(JUnitTestRunner.java:1052)
    [junit] 	at org.apache.tools.ant.taskdefs.optional.junit.JUnitTestRunner.main(JUnitTestRunner.java:906)
    [junit] WARN   setUnavailable, Node 8 set as unavailable
    [junit] voldemort.store.UnreachableStoreException: Node 8 recording success, but request time (5001) exceeded threshold (5000)
    [junit] 	at voldemort.cluster.failuredetector.ThresholdFailureDetector.recordSuccess(ThresholdFailureDetector.java:84)
    [junit] 	at voldemort.cluster.failuredetector.ThresholdFailureDetectorTest.testTimeouts(ThresholdFailureDetectorTest.java:102)
    [junit] 	at sun.reflect.NativeMethodAccessorImpl.invoke0(Native Method)
    [junit] 	at sun.reflect.NativeMethodAccessorImpl.invoke(NativeMethodAccessorImpl.java:39)
    [junit] 	at sun.reflect.DelegatingMethodAccessorImpl.invoke(DelegatingMethodAccessorImpl.java:25)
    [junit] 	at java.lang.reflect.Method.invoke(Method.java:597)
    [junit] 	at org.junit.runners.model.FrameworkMethod$1.runReflectiveCall(FrameworkMethod.java:44)
    [junit] 	at org.junit.internal.runners.model.ReflectiveCallable.run(ReflectiveCallable.java:15)
    [junit] 	at org.junit.runners.model.FrameworkMethod.invokeExplosively(FrameworkMethod.java:41)
    [junit] 	at org.junit.internal.runners.statements.InvokeMethod.evaluate(InvokeMethod.java:20)
    [junit] 	at org.junit.internal.runners.statements.RunBefores.evaluate(RunBefores.java:28)
    [junit] 	at org.junit.internal.runners.statements.RunAfters.evaluate(RunAfters.java:31)
    [junit] 	at org.junit.runners.BlockJUnit4ClassRunner.runChild(BlockJUnit4ClassRunner.java:70)
    [junit] 	at org.junit.runners.BlockJUnit4ClassRunner.runChild(BlockJUnit4ClassRunner.java:44)
    [junit] 	at org.junit.runners.ParentRunner.runChildren(ParentRunner.java:180)
    [junit] 	at org.junit.runners.ParentRunner.access$000(ParentRunner.java:41)
    [junit] 	at org.junit.runners.ParentRunner$1.evaluate(ParentRunner.java:173)
    [junit] 	at org.junit.internal.runners.statements.RunBefores.evaluate(RunBefores.java:28)
    [junit] 	at org.junit.internal.runners.statements.RunAfters.evaluate(RunAfters.java:31)
    [junit] 	at org.junit.runners.ParentRunner.run(ParentRunner.java:220)
    [junit] 	at junit.framework.JUnit4TestAdapter.run(JUnit4TestAdapter.java:39)
    [junit] 	at org.apache.tools.ant.taskdefs.optional.junit.JUnitTestRunner.run(JUnitTestRunner.java:518)
    [junit] 	at org.apache.tools.ant.taskdefs.optional.junit.JUnitTestRunner.launch(JUnitTestRunner.java:1052)
    [junit] 	at org.apache.tools.ant.taskdefs.optional.junit.JUnitTestRunner.main(JUnitTestRunner.java:906)
    [junit] WARN   setUnavailable, Node 8 set as unavailable
    [junit] voldemort.store.UnreachableStoreException: Node 8 recording success, but request time (5001) exceeded threshold (5000)
    [junit] 	at voldemort.cluster.failuredetector.ThresholdFailureDetector.recordSuccess(ThresholdFailureDetector.java:84)
    [junit] 	at voldemort.cluster.failuredetector.ThresholdFailureDetectorTest.testTimeouts(ThresholdFailureDetectorTest.java:102)
    [junit] 	at sun.reflect.NativeMethodAccessorImpl.invoke0(Native Method)
    [junit] 	at sun.reflect.NativeMethodAccessorImpl.invoke(NativeMethodAccessorImpl.java:39)
    [junit] 	at sun.reflect.DelegatingMethodAccessorImpl.invoke(DelegatingMethodAccessorImpl.java:25)
    [junit] 	at java.lang.reflect.Method.invoke(Method.java:597)
    [junit] 	at org.junit.runners.model.FrameworkMethod$1.runReflectiveCall(FrameworkMethod.java:44)
    [junit] 	at org.junit.internal.runners.model.ReflectiveCallable.run(ReflectiveCallable.java:15)
    [junit] 	at org.junit.runners.model.FrameworkMethod.invokeExplosively(FrameworkMethod.java:41)
    [junit] 	at org.junit.internal.runners.statements.InvokeMethod.evaluate(InvokeMethod.java:20)
    [junit] 	at org.junit.internal.runners.statements.RunBefores.evaluate(RunBefores.java:28)
    [junit] 	at org.junit.internal.runners.statements.RunAfters.evaluate(RunAfters.java:31)
    [junit] 	at org.junit.runners.BlockJUnit4ClassRunner.runChild(BlockJUnit4ClassRunner.java:70)
    [junit] 	at org.junit.runners.BlockJUnit4ClassRunner.runChild(BlockJUnit4ClassRunner.java:44)
    [junit] 	at org.junit.runners.ParentRunner.runChildren(ParentRunner.java:180)
    [junit] 	at org.junit.runners.ParentRunner.access$000(ParentRunner.java:41)
    [junit] 	at org.junit.runners.ParentRunner$1.evaluate(ParentRunner.java:173)
    [junit] 	at org.junit.internal.runners.statements.RunBefores.evaluate(RunBefores.java:28)
    [junit] 	at org.junit.internal.runners.statements.RunAfters.evaluate(RunAfters.java:31)
    [junit] 	at org.junit.runners.ParentRunner.run(ParentRunner.java:220)
    [junit] 	at junit.framework.JUnit4TestAdapter.run(JUnit4TestAdapter.java:39)
    [junit] 	at org.apache.tools.ant.taskdefs.optional.junit.JUnitTestRunner.run(JUnitTestRunner.java:518)
    [junit] 	at org.apache.tools.ant.taskdefs.optional.junit.JUnitTestRunner.launch(JUnitTestRunner.java:1052)
    [junit] 	at org.apache.tools.ant.taskdefs.optional.junit.JUnitTestRunner.main(JUnitTestRunner.java:906)
    [junit] WARN   setUnavailable, Node 8 set as unavailable
    [junit] voldemort.store.UnreachableStoreException: Node 8 recording success, but request time (5001) exceeded threshold (5000)
    [junit] 	at voldemort.cluster.failuredetector.ThresholdFailureDetector.recordSuccess(ThresholdFailureDetector.java:84)
    [junit] 	at voldemort.cluster.failuredetector.ThresholdFailureDetectorTest.testTimeouts(ThresholdFailureDetectorTest.java:102)
    [junit] 	at sun.reflect.NativeMethodAccessorImpl.invoke0(Native Method)
    [junit] 	at sun.reflect.NativeMethodAccessorImpl.invoke(NativeMethodAccessorImpl.java:39)
    [junit] 	at sun.reflect.DelegatingMethodAccessorImpl.invoke(DelegatingMethodAccessorImpl.java:25)
    [junit] 	at java.lang.reflect.Method.invoke(Method.java:597)
    [junit] 	at org.junit.runners.model.FrameworkMethod$1.runReflectiveCall(FrameworkMethod.java:44)
    [junit] 	at org.junit.internal.runners.model.ReflectiveCallable.run(ReflectiveCallable.java:15)
    [junit] 	at org.junit.runners.model.FrameworkMethod.invokeExplosively(FrameworkMethod.java:41)
    [junit] 	at org.junit.internal.runners.statements.InvokeMethod.evaluate(InvokeMethod.java:20)
    [junit] 	at org.junit.internal.runners.statements.RunBefores.evaluate(RunBefores.java:28)
    [junit] 	at org.junit.internal.runners.statements.RunAfters.evaluate(RunAfters.java:31)
    [junit] 	at org.junit.runners.BlockJUnit4ClassRunner.runChild(BlockJUnit4ClassRunner.java:70)
    [junit] 	at org.junit.runners.BlockJUnit4ClassRunner.runChild(BlockJUnit4ClassRunner.java:44)
    [junit] 	at org.junit.runners.ParentRunner.runChildren(ParentRunner.java:180)
    [junit] 	at org.junit.runners.ParentRunner.access$000(ParentRunner.java:41)
    [junit] 	at org.junit.runners.ParentRunner$1.evaluate(ParentRunner.java:173)
    [junit] 	at org.junit.internal.runners.statements.RunBefores.evaluate(RunBefores.java:28)
    [junit] 	at org.junit.internal.runners.statements.RunAfters.evaluate(RunAfters.java:31)
    [junit] 	at org.junit.runners.ParentRunner.run(ParentRunner.java:220)
    [junit] 	at junit.framework.JUnit4TestAdapter.run(JUnit4TestAdapter.java:39)
    [junit] 	at org.apache.tools.ant.taskdefs.optional.junit.JUnitTestRunner.run(JUnitTestRunner.java:518)
    [junit] 	at org.apache.tools.ant.taskdefs.optional.junit.JUnitTestRunner.launch(JUnitTestRunner.java:1052)
    [junit] 	at org.apache.tools.ant.taskdefs.optional.junit.JUnitTestRunner.main(JUnitTestRunner.java:906)
    [junit] WARN   setUnavailable, Node 8 set as unavailable
    [junit] voldemort.store.UnreachableStoreException: Node 8 recording success, but request time (5001) exceeded threshold (5000)
    [junit] 	at voldemort.cluster.failuredetector.ThresholdFailureDetector.recordSuccess(ThresholdFailureDetector.java:84)
    [junit] 	at voldemort.cluster.failuredetector.ThresholdFailureDetectorTest.testTimeouts(ThresholdFailureDetectorTest.java:102)
    [junit] 	at sun.reflect.NativeMethodAccessorImpl.invoke0(Native Method)
    [junit] 	at sun.reflect.NativeMethodAccessorImpl.invoke(NativeMethodAccessorImpl.java:39)
    [junit] 	at sun.reflect.DelegatingMethodAccessorImpl.invoke(DelegatingMethodAccessorImpl.java:25)
    [junit] 	at java.lang.reflect.Method.invoke(Method.java:597)
    [junit] 	at org.junit.runners.model.FrameworkMethod$1.runReflectiveCall(FrameworkMethod.java:44)
    [junit] 	at org.junit.internal.runners.model.ReflectiveCallable.run(ReflectiveCallable.java:15)
    [junit] 	at org.junit.runners.model.FrameworkMethod.invokeExplosively(FrameworkMethod.java:41)
    [junit] 	at org.junit.internal.runners.statements.InvokeMethod.evaluate(InvokeMethod.java:20)
    [junit] 	at org.junit.internal.runners.statements.RunBefores.evaluate(RunBefores.java:28)
    [junit] 	at org.junit.internal.runners.statements.RunAfters.evaluate(RunAfters.java:31)
    [junit] 	at org.junit.runners.BlockJUnit4ClassRunner.runChild(BlockJUnit4ClassRunner.java:70)
    [junit] 	at org.junit.runners.BlockJUnit4ClassRunner.runChild(BlockJUnit4ClassRunner.java:44)
    [junit] 	at org.junit.runners.ParentRunner.runChildren(ParentRunner.java:180)
    [junit] 	at org.junit.runners.ParentRunner.access$000(ParentRunner.java:41)
    [junit] 	at org.junit.runners.ParentRunner$1.evaluate(ParentRunner.java:173)
    [junit] 	at org.junit.internal.runners.statements.RunBefores.evaluate(RunBefores.java:28)
    [junit] 	at org.junit.internal.runners.statements.RunAfters.evaluate(RunAfters.java:31)
    [junit] 	at org.junit.runners.ParentRunner.run(ParentRunner.java:220)
    [junit] 	at junit.framework.JUnit4TestAdapter.run(JUnit4TestAdapter.java:39)
    [junit] 	at org.apache.tools.ant.taskdefs.optional.junit.JUnitTestRunner.run(JUnitTestRunner.java:518)
    [junit] 	at org.apache.tools.ant.taskdefs.optional.junit.JUnitTestRunner.launch(JUnitTestRunner.java:1052)
    [junit] 	at org.apache.tools.ant.taskdefs.optional.junit.JUnitTestRunner.main(JUnitTestRunner.java:906)
    [junit] WARN   setUnavailable, Node 8 set as unavailable
    [junit] voldemort.store.UnreachableStoreException: Node 8 recording success, but request time (5001) exceeded threshold (5000)
    [junit] 	at voldemort.cluster.failuredetector.ThresholdFailureDetector.recordSuccess(ThresholdFailureDetector.java:84)
    [junit] 	at voldemort.cluster.failuredetector.ThresholdFailureDetectorTest.testTimeouts(ThresholdFailureDetectorTest.java:102)
    [junit] 	at sun.reflect.NativeMethodAccessorImpl.invoke0(Native Method)
    [junit] 	at sun.reflect.NativeMethodAccessorImpl.invoke(NativeMethodAccessorImpl.java:39)
    [junit] 	at sun.reflect.DelegatingMethodAccessorImpl.invoke(DelegatingMethodAccessorImpl.java:25)
    [junit] 	at java.lang.reflect.Method.invoke(Method.java:597)
    [junit] 	at org.junit.runners.model.FrameworkMethod$1.runReflectiveCall(FrameworkMethod.java:44)
    [junit] 	at org.junit.internal.runners.model.ReflectiveCallable.run(ReflectiveCallable.java:15)
    [junit] 	at org.junit.runners.model.FrameworkMethod.invokeExplosively(FrameworkMethod.java:41)
    [junit] 	at org.junit.internal.runners.statements.InvokeMethod.evaluate(InvokeMethod.java:20)
    [junit] 	at org.junit.internal.runners.statements.RunBefores.evaluate(RunBefores.java:28)
    [junit] 	at org.junit.internal.runners.statements.RunAfters.evaluate(RunAfters.java:31)
    [junit] 	at org.junit.runners.BlockJUnit4ClassRunner.runChild(BlockJUnit4ClassRunner.java:70)
    [junit] 	at org.junit.runners.BlockJUnit4ClassRunner.runChild(BlockJUnit4ClassRunner.java:44)
    [junit] 	at org.junit.runners.ParentRunner.runChildren(ParentRunner.java:180)
    [junit] 	at org.junit.runners.ParentRunner.access$000(ParentRunner.java:41)
    [junit] 	at org.junit.runners.ParentRunner$1.evaluate(ParentRunner.java:173)
    [junit] 	at org.junit.internal.runners.statements.RunBefores.evaluate(RunBefores.java:28)
    [junit] 	at org.junit.internal.runners.statements.RunAfters.evaluate(RunAfters.java:31)
    [junit] 	at org.junit.runners.ParentRunner.run(ParentRunner.java:220)
    [junit] 	at junit.framework.JUnit4TestAdapter.run(JUnit4TestAdapter.java:39)
    [junit] 	at org.apache.tools.ant.taskdefs.optional.junit.JUnitTestRunner.run(JUnitTestRunner.java:518)
    [junit] 	at org.apache.tools.ant.taskdefs.optional.junit.JUnitTestRunner.launch(JUnitTestRunner.java:1052)
    [junit] 	at org.apache.tools.ant.taskdefs.optional.junit.JUnitTestRunner.main(JUnitTestRunner.java:906)
    [junit] WARN   setUnavailable, Node 8 set as unavailable
    [junit] voldemort.store.UnreachableStoreException: Node 8 recording success, but request time (5001) exceeded threshold (5000)
    [junit] 	at voldemort.cluster.failuredetector.ThresholdFailureDetector.recordSuccess(ThresholdFailureDetector.java:84)
    [junit] 	at voldemort.cluster.failuredetector.ThresholdFailureDetectorTest.testTimeouts(ThresholdFailureDetectorTest.java:102)
    [junit] 	at sun.reflect.NativeMethodAccessorImpl.invoke0(Native Method)
    [junit] 	at sun.reflect.NativeMethodAccessorImpl.invoke(NativeMethodAccessorImpl.java:39)
    [junit] 	at sun.reflect.DelegatingMethodAccessorImpl.invoke(DelegatingMethodAccessorImpl.java:25)
    [junit] 	at java.lang.reflect.Method.invoke(Method.java:597)
    [junit] 	at org.junit.runners.model.FrameworkMethod$1.runReflectiveCall(FrameworkMethod.java:44)
    [junit] 	at org.junit.internal.runners.model.ReflectiveCallable.run(ReflectiveCallable.java:15)
    [junit] 	at org.junit.runners.model.FrameworkMethod.invokeExplosively(FrameworkMethod.java:41)
    [junit] 	at org.junit.internal.runners.statements.InvokeMethod.evaluate(InvokeMethod.java:20)
    [junit] 	at org.junit.internal.runners.statements.RunBefores.evaluate(RunBefores.java:28)
    [junit] 	at org.junit.internal.runners.statements.RunAfters.evaluate(RunAfters.java:31)
    [junit] 	at org.junit.runners.BlockJUnit4ClassRunner.runChild(BlockJUnit4ClassRunner.java:70)
    [junit] 	at org.junit.runners.BlockJUnit4ClassRunner.runChild(BlockJUnit4ClassRunner.java:44)
    [junit] 	at org.junit.runners.ParentRunner.runChildren(ParentRunner.java:180)
    [junit] 	at org.junit.runners.ParentRunner.access$000(ParentRunner.java:41)
    [junit] 	at org.junit.runners.ParentRunner$1.evaluate(ParentRunner.java:173)
    [junit] 	at org.junit.internal.runners.statements.RunBefores.evaluate(RunBefores.java:28)
    [junit] 	at org.junit.internal.runners.statements.RunAfters.evaluate(RunAfters.java:31)
    [junit] 	at org.junit.runners.ParentRunner.run(ParentRunner.java:220)
    [junit] 	at junit.framework.JUnit4TestAdapter.run(JUnit4TestAdapter.java:39)
    [junit] 	at org.apache.tools.ant.taskdefs.optional.junit.JUnitTestRunner.run(JUnitTestRunner.java:518)
    [junit] 	at org.apache.tools.ant.taskdefs.optional.junit.JUnitTestRunner.launch(JUnitTestRunner.java:1052)
    [junit] 	at org.apache.tools.ant.taskdefs.optional.junit.JUnitTestRunner.main(JUnitTestRunner.java:906)
    [junit] WARN   setUnavailable, Node 8 set as unavailable
    [junit] WARN   setUnavailable, Node 8 set as unavailable
    [junit] WARN   setUnavailable, Node 8 set as unavailable
    [junit] WARN   setUnavailable, Node 8 set as unavailable
    [junit] WARN   setUnavailable, Node 8 set as unavailable
    [junit] WARN   setUnavailable, Node 8 set as unavailable
    [junit] WARN   setUnavailable, Node 8 set as unavailable
    [junit] WARN   setUnavailable, Node 8 set as unavailable
    [junit] WARN   setUnavailable, Node 8 set as unavailable
    [junit] WARN   setUnavailable, Node 8 set as unavailable
    [junit] WARN   setUnavailable, Node 8 set as unavailable
    [junit] WARN   setUnavailable, Node 8 set as unavailable
    [junit] WARN   setUnavailable, Node 8 set as unavailable
    [junit] WARN   run, Node 8 still unavailable
    [junit] voldemort.store.UnreachableStoreException: test error
    [junit] 	at voldemort.FailureDetectorTestUtils.recordException(FailureDetectorTestUtils.java:33)
    [junit] 	at voldemort.FailureDetectorTestUtils.recordException(FailureDetectorTestUtils.java:26)
    [junit] 	at voldemort.cluster.failuredetector.ThresholdFailureDetectorTest.testBorder(ThresholdFailureDetectorTest.java:161)
    [junit] 	at sun.reflect.NativeMethodAccessorImpl.invoke0(Native Method)
    [junit] 	at sun.reflect.NativeMethodAccessorImpl.invoke(NativeMethodAccessorImpl.java:39)
    [junit] 	at sun.reflect.DelegatingMethodAccessorImpl.invoke(DelegatingMethodAccessorImpl.java:25)
    [junit] 	at java.lang.reflect.Method.invoke(Method.java:597)
    [junit] 	at org.junit.runners.model.FrameworkMethod$1.runReflectiveCall(FrameworkMethod.java:44)
    [junit] 	at org.junit.internal.runners.model.ReflectiveCallable.run(ReflectiveCallable.java:15)
    [junit] 	at org.junit.runners.model.FrameworkMethod.invokeExplosively(FrameworkMethod.java:41)
    [junit] 	at org.junit.internal.runners.statements.InvokeMethod.evaluate(InvokeMethod.java:20)
    [junit] 	at org.junit.internal.runners.statements.RunBefores.evaluate(RunBefores.java:28)
    [junit] 	at org.junit.internal.runners.statements.RunAfters.evaluate(RunAfters.java:31)
    [junit] 	at org.junit.runners.BlockJUnit4ClassRunner.runChild(BlockJUnit4ClassRunner.java:70)
    [junit] 	at org.junit.runners.BlockJUnit4ClassRunner.runChild(BlockJUnit4ClassRunner.java:44)
    [junit] 	at org.junit.runners.ParentRunner.runChildren(ParentRunner.java:180)
    [junit] 	at org.junit.runners.ParentRunner.access$000(ParentRunner.java:41)
    [junit] 	at org.junit.runners.ParentRunner$1.evaluate(ParentRunner.java:173)
    [junit] 	at org.junit.internal.runners.statements.RunBefores.evaluate(RunBefores.java:28)
    [junit] 	at org.junit.internal.runners.statements.RunAfters.evaluate(RunAfters.java:31)
    [junit] 	at org.junit.runners.ParentRunner.run(ParentRunner.java:220)
    [junit] 	at junit.framework.JUnit4TestAdapter.run(JUnit4TestAdapter.java:39)
    [junit] 	at org.apache.tools.ant.taskdefs.optional.junit.JUnitTestRunner.run(JUnitTestRunner.java:518)
    [junit] 	at org.apache.tools.ant.taskdefs.optional.junit.JUnitTestRunner.launch(JUnitTestRunner.java:1052)
    [junit] 	at org.apache.tools.ant.taskdefs.optional.junit.JUnitTestRunner.main(JUnitTestRunner.java:906)
    [junit] WARN   run, Node 8 still unavailable
    [junit] voldemort.store.UnreachableStoreException: test error
    [junit] 	at voldemort.FailureDetectorTestUtils.recordException(FailureDetectorTestUtils.java:33)
    [junit] 	at voldemort.FailureDetectorTestUtils.recordException(FailureDetectorTestUtils.java:26)
    [junit] 	at voldemort.cluster.failuredetector.ThresholdFailureDetectorTest.testBorder(ThresholdFailureDetectorTest.java:161)
    [junit] 	at sun.reflect.NativeMethodAccessorImpl.invoke0(Native Method)
    [junit] 	at sun.reflect.NativeMethodAccessorImpl.invoke(NativeMethodAccessorImpl.java:39)
    [junit] 	at sun.reflect.DelegatingMethodAccessorImpl.invoke(DelegatingMethodAccessorImpl.java:25)
    [junit] 	at java.lang.reflect.Method.invoke(Method.java:597)
    [junit] 	at org.junit.runners.model.FrameworkMethod$1.runReflectiveCall(FrameworkMethod.java:44)
    [junit] 	at org.junit.internal.runners.model.ReflectiveCallable.run(ReflectiveCallable.java:15)
    [junit] 	at org.junit.runners.model.FrameworkMethod.invokeExplosively(FrameworkMethod.java:41)
    [junit] 	at org.junit.internal.runners.statements.InvokeMethod.evaluate(InvokeMethod.java:20)
    [junit] 	at org.junit.internal.runners.statements.RunBefores.evaluate(RunBefores.java:28)
    [junit] 	at org.junit.internal.runners.statements.RunAfters.evaluate(RunAfters.java:31)
    [junit] 	at org.junit.runners.BlockJUnit4ClassRunner.runChild(BlockJUnit4ClassRunner.java:70)
    [junit] 	at org.junit.runners.BlockJUnit4ClassRunner.runChild(BlockJUnit4ClassRunner.java:44)
    [junit] 	at org.junit.runners.ParentRunner.runChildren(ParentRunner.java:180)
    [junit] 	at org.junit.runners.ParentRunner.access$000(ParentRunner.java:41)
    [junit] 	at org.junit.runners.ParentRunner$1.evaluate(ParentRunner.java:173)
    [junit] 	at org.junit.internal.runners.statements.RunBefores.evaluate(RunBefores.java:28)
    [junit] 	at org.junit.internal.runners.statements.RunAfters.evaluate(RunAfters.java:31)
    [junit] 	at org.junit.runners.ParentRunner.run(ParentRunner.java:220)
    [junit] 	at junit.framework.JUnit4TestAdapter.run(JUnit4TestAdapter.java:39)
    [junit] 	at org.apache.tools.ant.taskdefs.optional.junit.JUnitTestRunner.run(JUnitTestRunner.java:518)
    [junit] 	at org.apache.tools.ant.taskdefs.optional.junit.JUnitTestRunner.launch(JUnitTestRunner.java:1052)
    [junit] 	at org.apache.tools.ant.taskdefs.optional.junit.JUnitTestRunner.main(JUnitTestRunner.java:906)
    [junit] Tests run: 6, Failures: 0, Errors: 0, Time elapsed: 2.71 sec
    [junit] Running voldemort.protocol.pb.ProtocolBuffersRequestFormatTest
    [junit] Tests run: 6, Failures: 0, Errors: 0, Time elapsed: 0.267 sec
    [junit] Running voldemort.protocol.vold.VoldemortNativeRequestFormatTest
    [junit] Tests run: 5, Failures: 0, Errors: 0, Time elapsed: 0.181 sec
    [junit] Running voldemort.routing.ConsistentRoutingStrategyTest
    [junit] numNodes = 2, tagsPerNode = 10, numRequests = 1000
    [junit] master node distribution:
    [junit] node	reqs	X^2	skew
    [junit] 0	508	0.1280	1.6%
    [junit] 1	492	0.1280	-1.6%
    [junit] X^2 = 0.256
    [junit] p-value = 0.6128816234132366
    [junit] 
    [junit] storage node distribution:
    [junit] node	reqs	X^2	skew
    [junit] 0	1000	0.0000	0%
    [junit] 1	1000	0.0000	0%
    [junit] X^2 = 0.0
    [junit] p-value = 1.0
    [junit] 
    [junit] numNodes = 6, tagsPerNode = 100, numRequests = 1000
    [junit] master node distribution:
    [junit] node	reqs	X^2	skew
    [junit] 0	157	0.5607	-5.8%
    [junit] 1	168	0.0107	0.8%
    [junit] 2	162	0.1307	-2.8%
    [junit] 3	171	0.1127	2.6%
    [junit] 4	167	0.0007	0.2%
    [junit] 5	175	0.4167	5%
    [junit] X^2 = 1.232
    [junit] p-value = 0.9417708083317203
    [junit] 
    [junit] storage node distribution:
    [junit] node	reqs	X^2	skew
    [junit] 0	499	0.0020	-0.2%
    [junit] 1	500	0.0000	0%
    [junit] 2	487	0.3380	-2.6%
    [junit] 3	501	0.0020	0.2%
    [junit] 4	500	0.0000	0%
    [junit] 5	513	0.3380	2.6%
    [junit] X^2 = 0.68
    [junit] p-value = 0.9840482638713963
    [junit] 
    [junit] numNodes = 10, tagsPerNode = 200, numRequests = 10000
    [junit] master node distribution:
    [junit] node	reqs	X^2	skew
    [junit] 0	1016	0.2560	1.6%
    [junit] 1	957	1.8490	-4.3%
    [junit] 2	1033	1.0890	3.3%
    [junit] 3	1017	0.2890	1.7%
    [junit] 4	967	1.0890	-3.3%
    [junit] 5	1005	0.0250	0.5%
    [junit] 6	1004	0.0160	0.4%
    [junit] 7	943	3.2490	-5.7%
    [junit] 8	1012	0.1440	1.2%
    [junit] 9	1046	2.1160	4.6%
    [junit] X^2 = 10.122
    [junit] p-value = 0.3406992588342319
    [junit] 
    [junit] storage node distribution:
    [junit] node	reqs	X^2	skew
    [junit] 0	3074	1.8253	2.4667%
    [junit] 1	3019	0.1203	0.6333%
    [junit] 2	3006	0.0120	0.2%
    [junit] 3	3007	0.0163	0.2333%
    [junit] 4	3017	0.0963	0.5667%
    [junit] 5	2989	0.0403	-0.3667%
    [junit] 6	2976	0.1920	-0.8%
    [junit] 7	2952	0.7680	-1.6%
    [junit] 8	2959	0.5603	-1.3667%
    [junit] 9	3001	0.0003	0.0333%
    [junit] X^2 = 3.6313333333333335
    [junit] p-value = 0.9339615051164039
    [junit] 
    [junit] Tests run: 6, Failures: 0, Errors: 0, Time elapsed: 0.288 sec
    [junit] Running voldemort.routing.ZoneRoutingStrategyTest
    [junit] Tests run: 1, Failures: 0, Errors: 0, Time elapsed: 0.157 sec
    [junit] Running voldemort.scheduled.BlockingSlopPusherTest
    [junit] ERROR  run, voldemort.VoldemortException: Operation failed!
    [junit] voldemort.VoldemortException: Operation failed!
    [junit] 	at voldemort.store.FailingStore.<init>(FailingStore.java:38)
    [junit] 	at voldemort.scheduled.BlockingSlopPusherTest.setUp(BlockingSlopPusherTest.java:62)
    [junit] 	at junit.framework.TestCase.runBare(TestCase.java:132)
    [junit] 	at junit.framework.TestResult$1.protect(TestResult.java:110)
    [junit] 	at junit.framework.TestResult.runProtected(TestResult.java:128)
    [junit] 	at junit.framework.TestResult.run(TestResult.java:113)
    [junit] 	at junit.framework.TestCase.run(TestCase.java:124)
    [junit] 	at junit.framework.TestSuite.runTest(TestSuite.java:232)
    [junit] 	at junit.framework.TestSuite.run(TestSuite.java:227)
    [junit] 	at org.apache.tools.ant.taskdefs.optional.junit.JUnitTestRunner.run(JUnitTestRunner.java:518)
    [junit] 	at org.apache.tools.ant.taskdefs.optional.junit.JUnitTestRunner.launch(JUnitTestRunner.java:1052)
    [junit] 	at org.apache.tools.ant.taskdefs.optional.junit.JUnitTestRunner.main(JUnitTestRunner.java:906)
    [junit] Tests run: 3, Failures: 0, Errors: 0, Time elapsed: 0.534 sec
    [junit] Running voldemort.scheduled.DataCleanupJobTest
    [junit] Tests run: 1, Failures: 0, Errors: 0, Time elapsed: 0.156 sec
    [junit] Running voldemort.scheduled.RepairTest
    [junit] Tests run: 1, Failures: 0, Errors: 0, Time elapsed: 0.648 sec
    [junit] Running voldemort.scheduled.StreamingSlopPusherTest
    [junit] WARN   toNonblockingStore, Using pseudo NonblockingStore implementation for class voldemort.store.stats.StatTrackingStore
    [junit] WARN   toNonblockingStore, Using pseudo NonblockingStore implementation for class voldemort.store.stats.StatTrackingStore
    [junit] WARN   toNonblockingStore, Using pseudo NonblockingStore implementation for class voldemort.store.stats.StatTrackingStore
    [junit] WARN   toNonblockingStore, Using pseudo NonblockingStore implementation for class voldemort.store.stats.StatTrackingStore
    [junit] WARN   toNonblockingStore, Using pseudo NonblockingStore implementation for class voldemort.store.stats.StatTrackingStore
    [junit] WARN   toNonblockingStore, Using pseudo NonblockingStore implementation for class voldemort.store.stats.StatTrackingStore
    [junit] WARN   <init>, Metadata file not found. Assuming default settings
    [junit] WARN   toNonblockingStore, Using pseudo NonblockingStore implementation for class voldemort.store.stats.StatTrackingStore
    [junit] WARN   <init>, Metadata file not found. Assuming default settings
    [junit] WARN   toNonblockingStore, Using pseudo NonblockingStore implementation for class voldemort.store.stats.StatTrackingStore
    [junit] WARN   toNonblockingStore, Using pseudo NonblockingStore implementation for class voldemort.store.stats.StatTrackingStore
    [junit] WARN   toNonblockingStore, Using pseudo NonblockingStore implementation for class voldemort.store.stats.StatTrackingStore
    [junit] WARN   toNonblockingStore, Using pseudo NonblockingStore implementation for class voldemort.store.stats.StatTrackingStore
    [junit] WARN   toNonblockingStore, Using pseudo NonblockingStore implementation for class voldemort.store.stats.StatTrackingStore
    [junit] WARN   toNonblockingStore, Using pseudo NonblockingStore implementation for class voldemort.store.stats.StatTrackingStore
    [junit] WARN   toNonblockingStore, Using pseudo NonblockingStore implementation for class voldemort.store.stats.StatTrackingStore
    [junit] WARN   toNonblockingStore, Using pseudo NonblockingStore implementation for class voldemort.store.stats.StatTrackingStore
    [junit] WARN   toNonblockingStore, Using pseudo NonblockingStore implementation for class voldemort.store.stats.StatTrackingStore
    [junit] WARN   toNonblockingStore, Using pseudo NonblockingStore implementation for class voldemort.store.stats.StatTrackingStore
    [junit] WARN   <init>, Metadata file not found. Assuming default settings
    [junit] WARN   toNonblockingStore, Using pseudo NonblockingStore implementation for class voldemort.store.stats.StatTrackingStore
    [junit] WARN   <init>, Metadata file not found. Assuming default settings
    [junit] WARN   toNonblockingStore, Using pseudo NonblockingStore implementation for class voldemort.store.stats.StatTrackingStore
    [junit] WARN   toNonblockingStore, Using pseudo NonblockingStore implementation for class voldemort.store.stats.StatTrackingStore
    [junit] WARN   toNonblockingStore, Using pseudo NonblockingStore implementation for class voldemort.store.stats.StatTrackingStore
    [junit] WARN   toNonblockingStore, Using pseudo NonblockingStore implementation for class voldemort.store.stats.StatTrackingStore
    [junit] WARN   setUnavailable, Node 1 set as unavailable
    [junit] voldemort.store.UnreachableStoreException: Failure while checking out socket for localhost:51438(ad1): 
    [junit] 	at voldemort.client.protocol.admin.SocketPool.checkout(SocketPool.java:93)
    [junit] 	at voldemort.client.protocol.admin.AdminClient.updateSlopEntries(AdminClient.java:1564)
    [junit] 	at voldemort.server.scheduler.slop.StreamingSlopPusherJob$SlopConsumer.run(StreamingSlopPusherJob.java:422)
    [junit] 	at java.util.concurrent.Executors$RunnableAdapter.call(Executors.java:441)
    [junit] 	at java.util.concurrent.FutureTask$Sync.innerRun(FutureTask.java:303)
    [junit] 	at java.util.concurrent.FutureTask.run(FutureTask.java:138)
    [junit] 	at java.util.concurrent.ThreadPoolExecutor$Worker.runTask(ThreadPoolExecutor.java:886)
    [junit] 	at java.util.concurrent.ThreadPoolExecutor$Worker.run(ThreadPoolExecutor.java:908)
    [junit] 	at java.lang.Thread.run(Thread.java:680)
    [junit] Caused by: java.net.ConnectException: Connection refused
    [junit] 	at java.net.PlainSocketImpl.socketConnect(Native Method)
    [junit] 	at java.net.PlainSocketImpl.doConnect(PlainSocketImpl.java:351)
    [junit] 	at java.net.PlainSocketImpl.connectToAddress(PlainSocketImpl.java:213)
    [junit] 	at java.net.PlainSocketImpl.connect(PlainSocketImpl.java:200)
    [junit] 	at java.net.SocksSocketImpl.connect(SocksSocketImpl.java:432)
    [junit] 	at java.net.Socket.connect(Socket.java:529)
    [junit] 	at voldemort.client.protocol.admin.SocketResourceFactory.create(SocketResourceFactory.java:89)
    [junit] 	at voldemort.client.protocol.admin.SocketResourceFactory.create(SocketResourceFactory.java:44)
    [junit] 	at voldemort.utils.pool.KeyedResourcePool.attemptGrow(KeyedResourcePool.java:153)
    [junit] 	at voldemort.utils.pool.KeyedResourcePool.checkoutOrCreateResource(KeyedResourcePool.java:133)
    [junit] 	at voldemort.utils.pool.KeyedResourcePool.checkout(KeyedResourcePool.java:106)
    [junit] 	at voldemort.client.protocol.admin.SocketPool.checkout(SocketPool.java:88)
    [junit] 	... 8 more
    [junit] WARN   run, Exception in consumer
    [junit] java.util.concurrent.ExecutionException: voldemort.store.UnreachableStoreException: Failure while checking out socket for localhost:51438(ad1): 
    [junit] 	at java.util.concurrent.FutureTask$Sync.innerGet(FutureTask.java:222)
    [junit] 	at java.util.concurrent.FutureTask.get(FutureTask.java:83)
    [junit] 	at voldemort.server.scheduler.slop.StreamingSlopPusherJob.run(StreamingSlopPusherJob.java:242)
    [junit] 	at voldemort.scheduled.StreamingSlopPusherTest.testFailedServer(StreamingSlopPusherTest.java:146)
    [junit] 	at sun.reflect.NativeMethodAccessorImpl.invoke0(Native Method)
    [junit] 	at sun.reflect.NativeMethodAccessorImpl.invoke(NativeMethodAccessorImpl.java:39)
    [junit] 	at sun.reflect.DelegatingMethodAccessorImpl.invoke(DelegatingMethodAccessorImpl.java:25)
    [junit] 	at java.lang.reflect.Method.invoke(Method.java:597)
    [junit] 	at org.junit.runners.model.FrameworkMethod$1.runReflectiveCall(FrameworkMethod.java:44)
    [junit] 	at org.junit.internal.runners.model.ReflectiveCallable.run(ReflectiveCallable.java:15)
    [junit] 	at org.junit.runners.model.FrameworkMethod.invokeExplosively(FrameworkMethod.java:41)
    [junit] 	at org.junit.internal.runners.statements.InvokeMethod.evaluate(InvokeMethod.java:20)
    [junit] 	at org.junit.internal.runners.statements.RunBefores.evaluate(RunBefores.java:28)
    [junit] 	at org.junit.internal.runners.statements.RunAfters.evaluate(RunAfters.java:31)
    [junit] 	at org.junit.runners.BlockJUnit4ClassRunner.runChild(BlockJUnit4ClassRunner.java:70)
    [junit] 	at org.junit.runners.BlockJUnit4ClassRunner.runChild(BlockJUnit4ClassRunner.java:44)
    [junit] 	at org.junit.runners.ParentRunner.runChildren(ParentRunner.java:180)
    [junit] 	at org.junit.runners.ParentRunner.access$000(ParentRunner.java:41)
    [junit] 	at org.junit.runners.ParentRunner$1.evaluate(ParentRunner.java:173)
    [junit] 	at org.junit.internal.runners.statements.RunBefores.evaluate(RunBefores.java:28)
    [junit] 	at org.junit.internal.runners.statements.RunAfters.evaluate(RunAfters.java:31)
    [junit] 	at org.junit.runners.ParentRunner.run(ParentRunner.java:220)
    [junit] 	at junit.framework.JUnit4TestAdapter.run(JUnit4TestAdapter.java:39)
    [junit] 	at org.apache.tools.ant.taskdefs.optional.junit.JUnitTestRunner.run(JUnitTestRunner.java:518)
    [junit] 	at org.apache.tools.ant.taskdefs.optional.junit.JUnitTestRunner.launch(JUnitTestRunner.java:1052)
    [junit] 	at org.apache.tools.ant.taskdefs.optional.junit.JUnitTestRunner.main(JUnitTestRunner.java:906)
    [junit] Caused by: voldemort.store.UnreachableStoreException: Failure while checking out socket for localhost:51438(ad1): 
    [junit] 	at voldemort.client.protocol.admin.SocketPool.checkout(SocketPool.java:93)
    [junit] 	at voldemort.client.protocol.admin.AdminClient.updateSlopEntries(AdminClient.java:1564)
    [junit] 	at voldemort.server.scheduler.slop.StreamingSlopPusherJob$SlopConsumer.run(StreamingSlopPusherJob.java:422)
    [junit] 	at java.util.concurrent.Executors$RunnableAdapter.call(Executors.java:441)
    [junit] 	at java.util.concurrent.FutureTask$Sync.innerRun(FutureTask.java:303)
    [junit] 	at java.util.concurrent.FutureTask.run(FutureTask.java:138)
    [junit] 	at java.util.concurrent.ThreadPoolExecutor$Worker.runTask(ThreadPoolExecutor.java:886)
    [junit] 	at java.util.concurrent.ThreadPoolExecutor$Worker.run(ThreadPoolExecutor.java:908)
    [junit] 	at java.lang.Thread.run(Thread.java:680)
    [junit] Caused by: java.net.ConnectException: Connection refused
    [junit] 	at java.net.PlainSocketImpl.socketConnect(Native Method)
    [junit] 	at java.net.PlainSocketImpl.doConnect(PlainSocketImpl.java:351)
    [junit] 	at java.net.PlainSocketImpl.connectToAddress(PlainSocketImpl.java:213)
    [junit] 	at java.net.PlainSocketImpl.connect(PlainSocketImpl.java:200)
    [junit] 	at java.net.SocksSocketImpl.connect(SocksSocketImpl.java:432)
    [junit] 	at java.net.Socket.connect(Socket.java:529)
    [junit] 	at voldemort.client.protocol.admin.SocketResourceFactory.create(SocketResourceFactory.java:89)
    [junit] 	at voldemort.client.protocol.admin.SocketResourceFactory.create(SocketResourceFactory.java:44)
    [junit] 	at voldemort.utils.pool.KeyedResourcePool.attemptGrow(KeyedResourcePool.java:153)
    [junit] 	at voldemort.utils.pool.KeyedResourcePool.checkoutOrCreateResource(KeyedResourcePool.java:133)
    [junit] 	at voldemort.utils.pool.KeyedResourcePool.checkout(KeyedResourcePool.java:106)
    [junit] 	at voldemort.client.protocol.admin.SocketPool.checkout(SocketPool.java:88)
    [junit] 	... 8 more
    [junit] WARN   completeClientRequest, No client associated with Socket[unconnected]
    [junit] WARN   completeClientRequest, No client associated with Socket[unconnected]
    [junit] WARN   toNonblockingStore, Using pseudo NonblockingStore implementation for class voldemort.store.stats.StatTrackingStore
    [junit] WARN   toNonblockingStore, Using pseudo NonblockingStore implementation for class voldemort.store.stats.StatTrackingStore
    [junit] WARN   toNonblockingStore, Using pseudo NonblockingStore implementation for class voldemort.store.stats.StatTrackingStore
    [junit] WARN   toNonblockingStore, Using pseudo NonblockingStore implementation for class voldemort.store.stats.StatTrackingStore
    [junit] WARN   toNonblockingStore, Using pseudo NonblockingStore implementation for class voldemort.store.stats.StatTrackingStore
    [junit] WARN   toNonblockingStore, Using pseudo NonblockingStore implementation for class voldemort.store.stats.StatTrackingStore
    [junit] WARN   <init>, Metadata file not found. Assuming default settings
    [junit] WARN   toNonblockingStore, Using pseudo NonblockingStore implementation for class voldemort.store.stats.StatTrackingStore
    [junit] WARN   <init>, Metadata file not found. Assuming default settings
    [junit] WARN   toNonblockingStore, Using pseudo NonblockingStore implementation for class voldemort.store.stats.StatTrackingStore
    [junit] WARN   toNonblockingStore, Using pseudo NonblockingStore implementation for class voldemort.store.stats.StatTrackingStore
    [junit] WARN   toNonblockingStore, Using pseudo NonblockingStore implementation for class voldemort.store.stats.StatTrackingStore
    [junit] WARN   toNonblockingStore, Using pseudo NonblockingStore implementation for class voldemort.store.stats.StatTrackingStore
    [junit] WARN   toNonblockingStore, Using pseudo NonblockingStore implementation for class voldemort.store.stats.StatTrackingStore
    [junit] WARN   toNonblockingStore, Using pseudo NonblockingStore implementation for class voldemort.store.stats.StatTrackingStore
    [junit] WARN   toNonblockingStore, Using pseudo NonblockingStore implementation for class voldemort.store.stats.StatTrackingStore
    [junit] WARN   toNonblockingStore, Using pseudo NonblockingStore implementation for class voldemort.store.stats.StatTrackingStore
    [junit] WARN   toNonblockingStore, Using pseudo NonblockingStore implementation for class voldemort.store.stats.StatTrackingStore
    [junit] WARN   toNonblockingStore, Using pseudo NonblockingStore implementation for class voldemort.store.stats.StatTrackingStore
    [junit] WARN   <init>, Metadata file not found. Assuming default settings
    [junit] WARN   toNonblockingStore, Using pseudo NonblockingStore implementation for class voldemort.store.stats.StatTrackingStore
    [junit] WARN   <init>, Metadata file not found. Assuming default settings
    [junit] WARN   toNonblockingStore, Using pseudo NonblockingStore implementation for class voldemort.store.stats.StatTrackingStore
    [junit] WARN   toNonblockingStore, Using pseudo NonblockingStore implementation for class voldemort.store.stats.StatTrackingStore
    [junit] WARN   toNonblockingStore, Using pseudo NonblockingStore implementation for class voldemort.store.stats.StatTrackingStore
    [junit] WARN   toNonblockingStore, Using pseudo NonblockingStore implementation for class voldemort.store.stats.StatTrackingStore
    [junit] WARN   completeClientRequest, No client associated with Socket[unconnected]
    [junit] WARN   completeClientRequest, No client associated with Socket[unconnected]
    [junit] WARN   toNonblockingStore, Using pseudo NonblockingStore implementation for class voldemort.store.stats.StatTrackingStore
    [junit] WARN   toNonblockingStore, Using pseudo NonblockingStore implementation for class voldemort.store.stats.StatTrackingStore
    [junit] WARN   toNonblockingStore, Using pseudo NonblockingStore implementation for class voldemort.store.stats.StatTrackingStore
    [junit] WARN   toNonblockingStore, Using pseudo NonblockingStore implementation for class voldemort.store.stats.StatTrackingStore
    [junit] WARN   toNonblockingStore, Using pseudo NonblockingStore implementation for class voldemort.store.stats.StatTrackingStore
    [junit] WARN   toNonblockingStore, Using pseudo NonblockingStore implementation for class voldemort.store.stats.StatTrackingStore
    [junit] WARN   <init>, Metadata file not found. Assuming default settings
    [junit] WARN   toNonblockingStore, Using pseudo NonblockingStore implementation for class voldemort.store.stats.StatTrackingStore
    [junit] WARN   <init>, Metadata file not found. Assuming default settings
    [junit] WARN   toNonblockingStore, Using pseudo NonblockingStore implementation for class voldemort.store.stats.StatTrackingStore
    [junit] WARN   toNonblockingStore, Using pseudo NonblockingStore implementation for class voldemort.store.stats.StatTrackingStore
    [junit] WARN   toNonblockingStore, Using pseudo NonblockingStore implementation for class voldemort.store.stats.StatTrackingStore
    [junit] WARN   toNonblockingStore, Using pseudo NonblockingStore implementation for class voldemort.store.stats.StatTrackingStore
    [junit] WARN   toNonblockingStore, Using pseudo NonblockingStore implementation for class voldemort.store.stats.StatTrackingStore
    [junit] WARN   toNonblockingStore, Using pseudo NonblockingStore implementation for class voldemort.store.stats.StatTrackingStore
    [junit] WARN   toNonblockingStore, Using pseudo NonblockingStore implementation for class voldemort.store.stats.StatTrackingStore
    [junit] WARN   toNonblockingStore, Using pseudo NonblockingStore implementation for class voldemort.store.stats.StatTrackingStore
    [junit] WARN   toNonblockingStore, Using pseudo NonblockingStore implementation for class voldemort.store.stats.StatTrackingStore
    [junit] WARN   toNonblockingStore, Using pseudo NonblockingStore implementation for class voldemort.store.stats.StatTrackingStore
    [junit] WARN   <init>, Metadata file not found. Assuming default settings
    [junit] WARN   toNonblockingStore, Using pseudo NonblockingStore implementation for class voldemort.store.stats.StatTrackingStore
    [junit] WARN   <init>, Metadata file not found. Assuming default settings
    [junit] WARN   toNonblockingStore, Using pseudo NonblockingStore implementation for class voldemort.store.stats.StatTrackingStore
    [junit] WARN   toNonblockingStore, Using pseudo NonblockingStore implementation for class voldemort.store.stats.StatTrackingStore
    [junit] WARN   toNonblockingStore, Using pseudo NonblockingStore implementation for class voldemort.store.stats.StatTrackingStore
    [junit] WARN   toNonblockingStore, Using pseudo NonblockingStore implementation for class voldemort.store.stats.StatTrackingStore
    [junit] WARN   completeClientRequest, No client associated with Socket[unconnected]
    [junit] WARN   completeClientRequest, No client associated with Socket[unconnected]
    [junit] Tests run: 3, Failures: 0, Errors: 0, Time elapsed: 14.366 sec
    [junit] Running voldemort.serialization.SlopSerializerTest
    [junit] Tests run: 1, Failures: 0, Errors: 0, Time elapsed: 0.206 sec
    [junit] Running voldemort.serialization.VersionedSerializerTest
    [junit] Tests run: 1, Failures: 0, Errors: 0, Time elapsed: 0.123 sec
    [junit] Running voldemort.serialization.avro.AvroGenericSerializerTest
    [junit] Tests run: 3, Failures: 0, Errors: 0, Time elapsed: 0.352 sec
    [junit] Running voldemort.serialization.avro.AvroReflectiveSerializerTest
    [junit] Tests run: 2, Failures: 0, Errors: 0, Time elapsed: 0.378 sec
    [junit] Running voldemort.serialization.avro.AvroSpecificSerializerTest
    [junit] Tests run: 2, Failures: 0, Errors: 0, Time elapsed: 0.342 sec
    [junit] Running voldemort.serialization.json.JsonBackwardsCompatibilityTest
    [junit] Tests run: 1, Failures: 0, Errors: 0, Time elapsed: 0.127 sec
    [junit] Running voldemort.serialization.json.JsonReaderTest
    [junit] Tests run: 9, Failures: 0, Errors: 0, Time elapsed: 0.137 sec
    [junit] Running voldemort.serialization.json.JsonTypeSerializerTest
    [junit] Tests run: 8, Failures: 0, Errors: 0, Time elapsed: 0.233 sec
    [junit] Running voldemort.serialization.protobuf.ProtoBufSerializerTest
    [junit] Tests run: 7, Failures: 0, Errors: 0, Time elapsed: 0.134 sec
    [junit] Running voldemort.serialization.thrift.ThriftSerializerTest
    [junit] Tests run: 10, Failures: 0, Errors: 0, Time elapsed: 0.138 sec
    [junit] Running voldemort.server.EndToEndTest
    [junit] WARN   toNonblockingStore, Using pseudo NonblockingStore implementation for class voldemort.store.stats.StatTrackingStore
    [junit] WARN   toNonblockingStore, Using pseudo NonblockingStore implementation for class voldemort.store.stats.StatTrackingStore
    [junit] WARN   toNonblockingStore, Using pseudo NonblockingStore implementation for class voldemort.store.stats.StatTrackingStore
    [junit] WARN   toNonblockingStore, Using pseudo NonblockingStore implementation for class voldemort.store.stats.StatTrackingStore
    [junit] WARN   toNonblockingStore, Using pseudo NonblockingStore implementation for class voldemort.store.stats.StatTrackingStore
    [junit] WARN   toNonblockingStore, Using pseudo NonblockingStore implementation for class voldemort.store.stats.StatTrackingStore
    [junit] WARN   <init>, Metadata file not found. Assuming default settings
    [junit] WARN   toNonblockingStore, Using pseudo NonblockingStore implementation for class voldemort.store.stats.StatTrackingStore
    [junit] WARN   <init>, Metadata file not found. Assuming default settings
    [junit] WARN   toNonblockingStore, Using pseudo NonblockingStore implementation for class voldemort.store.stats.StatTrackingStore
    [junit] WARN   toNonblockingStore, Using pseudo NonblockingStore implementation for class voldemort.store.stats.StatTrackingStore
    [junit] WARN   toNonblockingStore, Using pseudo NonblockingStore implementation for class voldemort.store.stats.StatTrackingStore
    [junit] WARN   toNonblockingStore, Using pseudo NonblockingStore implementation for class voldemort.store.stats.StatTrackingStore
    [junit] WARN   toNonblockingStore, Using pseudo NonblockingStore implementation for class voldemort.store.stats.StatTrackingStore
    [junit] WARN   toNonblockingStore, Using pseudo NonblockingStore implementation for class voldemort.store.stats.StatTrackingStore
    [junit] WARN   toNonblockingStore, Using pseudo NonblockingStore implementation for class voldemort.store.stats.StatTrackingStore
    [junit] WARN   toNonblockingStore, Using pseudo NonblockingStore implementation for class voldemort.store.stats.StatTrackingStore
    [junit] WARN   toNonblockingStore, Using pseudo NonblockingStore implementation for class voldemort.store.stats.StatTrackingStore
    [junit] WARN   toNonblockingStore, Using pseudo NonblockingStore implementation for class voldemort.store.stats.StatTrackingStore
    [junit] WARN   <init>, Metadata file not found. Assuming default settings
    [junit] WARN   toNonblockingStore, Using pseudo NonblockingStore implementation for class voldemort.store.stats.StatTrackingStore
    [junit] WARN   <init>, Metadata file not found. Assuming default settings
    [junit] WARN   toNonblockingStore, Using pseudo NonblockingStore implementation for class voldemort.store.stats.StatTrackingStore
    [junit] WARN   toNonblockingStore, Using pseudo NonblockingStore implementation for class voldemort.store.stats.StatTrackingStore
    [junit] WARN   toNonblockingStore, Using pseudo NonblockingStore implementation for class voldemort.store.stats.StatTrackingStore
    [junit] WARN   toNonblockingStore, Using pseudo NonblockingStore implementation for class voldemort.store.stats.StatTrackingStore
    [junit] WARN   completeClientRequest, No client associated with Socket[unconnected]
    [junit] WARN   completeClientRequest, No client associated with Socket[unconnected]
    [junit] WARN   toNonblockingStore, Using pseudo NonblockingStore implementation for class voldemort.store.stats.StatTrackingStore
    [junit] WARN   toNonblockingStore, Using pseudo NonblockingStore implementation for class voldemort.store.stats.StatTrackingStore
    [junit] WARN   toNonblockingStore, Using pseudo NonblockingStore implementation for class voldemort.store.stats.StatTrackingStore
    [junit] WARN   toNonblockingStore, Using pseudo NonblockingStore implementation for class voldemort.store.stats.StatTrackingStore
    [junit] WARN   toNonblockingStore, Using pseudo NonblockingStore implementation for class voldemort.store.stats.StatTrackingStore
    [junit] WARN   toNonblockingStore, Using pseudo NonblockingStore implementation for class voldemort.store.stats.StatTrackingStore
    [junit] WARN   <init>, Metadata file not found. Assuming default settings
    [junit] WARN   toNonblockingStore, Using pseudo NonblockingStore implementation for class voldemort.store.stats.StatTrackingStore
    [junit] WARN   <init>, Metadata file not found. Assuming default settings
    [junit] WARN   toNonblockingStore, Using pseudo NonblockingStore implementation for class voldemort.store.stats.StatTrackingStore
    [junit] WARN   toNonblockingStore, Using pseudo NonblockingStore implementation for class voldemort.store.stats.StatTrackingStore
    [junit] WARN   toNonblockingStore, Using pseudo NonblockingStore implementation for class voldemort.store.stats.StatTrackingStore
    [junit] WARN   toNonblockingStore, Using pseudo NonblockingStore implementation for class voldemort.store.stats.StatTrackingStore
    [junit] WARN   toNonblockingStore, Using pseudo NonblockingStore implementation for class voldemort.store.stats.StatTrackingStore
    [junit] WARN   toNonblockingStore, Using pseudo NonblockingStore implementation for class voldemort.store.stats.StatTrackingStore
    [junit] WARN   toNonblockingStore, Using pseudo NonblockingStore implementation for class voldemort.store.stats.StatTrackingStore
    [junit] WARN   toNonblockingStore, Using pseudo NonblockingStore implementation for class voldemort.store.stats.StatTrackingStore
    [junit] WARN   toNonblockingStore, Using pseudo NonblockingStore implementation for class voldemort.store.stats.StatTrackingStore
    [junit] WARN   toNonblockingStore, Using pseudo NonblockingStore implementation for class voldemort.store.stats.StatTrackingStore
    [junit] WARN   <init>, Metadata file not found. Assuming default settings
    [junit] WARN   toNonblockingStore, Using pseudo NonblockingStore implementation for class voldemort.store.stats.StatTrackingStore
    [junit] WARN   <init>, Metadata file not found. Assuming default settings
    [junit] WARN   toNonblockingStore, Using pseudo NonblockingStore implementation for class voldemort.store.stats.StatTrackingStore
    [junit] WARN   toNonblockingStore, Using pseudo NonblockingStore implementation for class voldemort.store.stats.StatTrackingStore
    [junit] WARN   toNonblockingStore, Using pseudo NonblockingStore implementation for class voldemort.store.stats.StatTrackingStore
    [junit] WARN   toNonblockingStore, Using pseudo NonblockingStore implementation for class voldemort.store.stats.StatTrackingStore
    [junit] WARN   completeClientRequest, No client associated with Socket[unconnected]
    [junit] WARN   completeClientRequest, No client associated with Socket[unconnected]
    [junit] Tests run: 2, Failures: 0, Errors: 0, Time elapsed: 1.344 sec
    [junit] Running voldemort.server.ServiceTest
    [junit] Tests run: 2, Failures: 0, Errors: 0, Time elapsed: 0.149 sec
    [junit] Running voldemort.server.gossip.GossiperTest
    [junit] Tests run: 1, Failures: 1, Errors: 0, Time elapsed: 0.12 sec
    [junit] Running voldemort.server.protocol.admin.AsyncOperationTest
    [junit] Tests run: 2, Failures: 0, Errors: 0, Time elapsed: 1.166 sec
    [junit] Running voldemort.server.rebalance.RebalancerStateTest
    [junit] Tests run: 1, Failures: 0, Errors: 0, Time elapsed: 0.139 sec
    [junit] Running voldemort.server.socket.ClientRequestExecutorPoolTest
    [junit] Tests run: 1, Failures: 1, Errors: 0, Time elapsed: 0.12 sec
    [junit] Running voldemort.server.socket.SocketPoolTest
    [junit] Tests run: 1, Failures: 1, Errors: 0, Time elapsed: 0.12 sec
    [junit] Running voldemort.server.socket.SocketServerTest
    [junit] WARN   <init>, admin-port not defined for node:0 using default value(socket_port + 1):6667
    [junit] WARN   <init>, admin-port not defined for node:0 using default value(socket_port + 1):6667
    [junit] WARN   <init>, admin-port not defined for node:0 using default value(socket_port + 1):6667
    [junit] WARN   <init>, admin-port not defined for node:0 using default value(socket_port + 1):6667
    [junit] WARN   <init>, admin-port not defined for node:0 using default value(socket_port + 1):6667
    [junit] WARN   <init>, admin-port not defined for node:0 using default value(socket_port + 1):6667
    [junit] WARN   <init>, admin-port not defined for node:0 using default value(socket_port + 1):6667
    [junit] WARN   <init>, admin-port not defined for node:0 using default value(socket_port + 1):6667
    [junit] Exception in thread "Thread-2" voldemort.VoldemortException: java.net.BindException: Address already in use
    [junit] ERROR  run, Could not bind to port 51496.
    [junit] 	at voldemort.server.socket.SocketServer.run(SocketServer.java:152)
    [junit] Tests run: 2, Failures: 0, Errors: 0, Time elapsed: 0.8 sec
    [junit] Caused by: java.net.BindException: Address already in use
    [junit] 	at java.net.PlainSocketImpl.socketBind(Native Method)
    [junit] 	at java.net.PlainSocketImpl.bind(PlainSocketImpl.java:383)
    [junit] 	at java.net.ServerSocket.bind(ServerSocket.java:328)
    [junit] 	at java.net.ServerSocket.bind(ServerSocket.java:286)
    [junit] 	at voldemort.server.socket.SocketServer.run(SocketServer.java:137)
    [junit] Running voldemort.server.storage.StorageServiceTest
    [junit] WARN   toNonblockingStore, Using pseudo NonblockingStore implementation for class voldemort.store.stats.StatTrackingStore
    [junit] WARN   toNonblockingStore, Using pseudo NonblockingStore implementation for class voldemort.store.stats.StatTrackingStore
    [junit] Tests run: 1, Failures: 0, Errors: 0, Time elapsed: 1.007 sec
    [junit] Running voldemort.store.bdb.BdbSplitStorageEngineTest
    [junit] A.size:10031508 B.size:10031508 total:20063016 max:0 cacheMax:32000000
    [junit] Shared.A:0 nSharedEnv:0
    [junit] A.size:18031747 B.size:18031747 total:36063494 max:20063016 cacheMax:32000000
    [junit] Shared.A:0 nSharedEnv:0
    [junit] A.size:26032801 B.size:26033911 total:52066712 max:36063494 cacheMax:32000000
    [junit] Shared.A:0 nSharedEnv:0
    [junit] A.size:10023390 B.size:10023390 total:20046780 max:52066712 cacheMax:32000000
    [junit] Shared.A:0 nSharedEnv:0
    [junit] A.size:18023629 B.size:18023629 total:36047258 max:52066712 cacheMax:32000000
    [junit] Shared.A:0 nSharedEnv:0
    [junit] A.size:9031508 B.size:9031508 total:18063016 max:0 cacheMax:32000000
    [junit] Shared.A:18063016 nSharedEnv:2
    [junit] A.size:1022432 B.size:17025889 total:18048321 max:18063016 cacheMax:32000000
    [junit] Shared.A:18048321 nSharedEnv:2
    [junit] A.size:1029422 B.size:25033704 total:26063126 max:18063016 cacheMax:32000000
    [junit] Shared.A:26063126 nSharedEnv:2
    [junit] A.size:9023771 B.size:9026686 total:18050457 max:26063126 cacheMax:32000000
    [junit] Shared.A:18050457 nSharedEnv:2
    [junit] A.size:1023850 B.size:17023883 total:18047733 max:26063126 cacheMax:32000000
    [junit] Shared.A:18047733 nSharedEnv:2
    [junit] Tests run: 4, Failures: 0, Errors: 0, Time elapsed: 2.832 sec
    [junit] Running voldemort.store.bdb.BdbStorageEngineTest
    [junit] Tests run: 21, Failures: 0, Errors: 0, Time elapsed: 0.799 sec
    [junit] Running voldemort.store.compress.CompressingStoreTest
    [junit] Tests run: 1, Failures: 1, Errors: 0, Time elapsed: 0.119 sec
    [junit] Running voldemort.store.configuration.ConfigurationStorageEngineTest
    [junit] Tests run: 11, Failures: 0, Errors: 0, Time elapsed: 0.398 sec
    [junit] Running voldemort.store.grandfather.GrandfatherStateTest
    [junit] WARN   toNonblockingStore, Using pseudo NonblockingStore implementation for class voldemort.store.stats.StatTrackingStore
    [junit] WARN   toNonblockingStore, Using pseudo NonblockingStore implementation for class voldemort.store.stats.StatTrackingStore
    [junit] WARN   toNonblockingStore, Using pseudo NonblockingStore implementation for class voldemort.store.stats.StatTrackingStore
    [junit] WARN   toNonblockingStore, Using pseudo NonblockingStore implementation for class voldemort.store.stats.StatTrackingStore
    [junit] WARN   toNonblockingStore, Using pseudo NonblockingStore implementation for class voldemort.store.stats.StatTrackingStore
    [junit] WARN   toNonblockingStore, Using pseudo NonblockingStore implementation for class voldemort.store.stats.StatTrackingStore
    [junit] ERROR  stopInner, java.lang.IllegalStateException: Database still has 1 open cursors while trying to close.
    [junit] ERROR  stopInner, voldemort.VoldemortException: java.lang.IllegalStateException: Database still has 1 open cursors while trying to close.
    [junit] WARN   toNonblockingStore, Using pseudo NonblockingStore implementation for class voldemort.store.stats.StatTrackingStore
    [junit] WARN   toNonblockingStore, Using pseudo NonblockingStore implementation for class voldemort.store.stats.StatTrackingStore
    [junit] ERROR  finalize, Failure to close cursor, will be forcably closed.
    [junit] Tests run: 4, Failures: 0, Errors: 0, Time elapsed: 5.749 sec
    [junit] Running voldemort.store.http.HttpStoreTest
    [junit] Tests run: 13, Failures: 0, Errors: 0, Time elapsed: 3.743 sec
    [junit] Running voldemort.store.invalidmetadata.InvalidMetadataCheckingStoreTest
    [junit] Tests run: 3, Failures: 0, Errors: 0, Time elapsed: 0.724 sec
    [junit] Running voldemort.store.invalidmetadata.ServerSideRoutingTest
    [junit] Tests run: 1, Failures: 0, Errors: 0, Time elapsed: 0.115 sec
    [junit] Running voldemort.store.logging.LoggingStoreTest
    [junit] Tests run: 10, Failures: 0, Errors: 0, Time elapsed: 0.163 sec
    [junit] Running voldemort.store.memory.CacheStorageEngineTest
    [junit] Tests run: 19, Failures: 0, Errors: 0, Time elapsed: 5.779 sec
    [junit] Running voldemort.store.memory.InMemoryStorageEngineTest
    [junit] Tests run: 17, Failures: 0, Errors: 0, Time elapsed: 0.242 sec
    [junit] Running voldemort.store.metadata.MetadataStoreTest
    [junit] Tests run: 5, Failures: 0, Errors: 0, Time elapsed: 2.794 sec
    [junit] Running voldemort.store.mysql.MysqlStorageEngineTest
    [junit] Tests run: 18, Failures: 0, Errors: 18, Time elapsed: 0.316 sec
    [junit] Running voldemort.store.readonly.ExternalSorterTest
    [junit] Tests run: 1, Failures: 0, Errors: 0, Time elapsed: 0.905 sec
    [junit] Running voldemort.store.readonly.ReadOnlyStorageEngineTest
    [junit] WARN   <init>, Metadata file not found. Assuming default settings
    [junit] WARN   rollback, No rollback performed since there are no back-up directories
    [junit] ERROR  swapFiles, Swap operation failed.
    [junit] WARN   <init>, Metadata file not found. Assuming default settings
    [junit] WARN   <init>, Metadata file not found. Assuming default settings
    [junit] WARN   rollback, No rollback performed since there are no back-up directories
    [junit] ERROR  swapFiles, Swap operation failed.
    [junit] WARN   <init>, Metadata file not found. Assuming default settings
    [junit] WARN   <init>, Metadata file not found. Assuming default settings
    [junit] WARN   rollback, No rollback performed since there are no back-up directories
    [junit] ERROR  swapFiles, Swap operation failed.
    [junit] WARN   <init>, Metadata file not found. Assuming default settings
    [junit] WARN   <init>, Metadata file not found. Assuming default settings
    [junit] WARN   rollback, No rollback performed since there are no back-up directories
    [junit] ERROR  swapFiles, Swap operation failed.
    [junit] WARN   <init>, Metadata file not found. Assuming default settings
    [junit] WARN   <init>, Metadata file not found. Assuming default settings
    [junit] WARN   rollback, No rollback performed since there are no back-up directories
    [junit] ERROR  swapFiles, Swap operation failed.
    [junit] WARN   <init>, Metadata file not found. Assuming default settings
    [junit] WARN   <init>, Metadata file not found. Assuming default settings
    [junit] WARN   rollback, No rollback performed since there are no back-up directories
    [junit] ERROR  swapFiles, Swap operation failed.
    [junit] WARN   <init>, Metadata file not found. Assuming default settings
    [junit] Tests run: 78, Failures: 0, Errors: 0, Time elapsed: 2.783 sec
    [junit] Running voldemort.store.readonly.ReadOnlyStorageMetadataTest
    [junit] Tests run: 1, Failures: 0, Errors: 0, Time elapsed: 0.128 sec
    [junit] Running voldemort.store.readonly.ReadOnlyUtilsTest
    [junit] ERROR  findKthVersionedDir, Incorrect version number requested (-1,100). Should be between (0,0)
    [junit] ERROR  findKthVersionedDir, Incorrect version number requested (0,1). Should be between (0,0)
    [junit] ERROR  findKthVersionedDir, Incorrect version number requested (7,7). Should be between (0,6)
    [junit] Tests run: 3, Failures: 0, Errors: 0, Time elapsed: 0.234 sec
    [junit] Running voldemort.store.readonly.SearchStrategyTest
    [junit] Tests run: 20, Failures: 0, Errors: 0, Time elapsed: 0.258 sec
    [junit] Running voldemort.store.rebalancing.RebootstrappingStoreTest
    [junit] WARN   toNonblockingStore, Using pseudo NonblockingStore implementation for class voldemort.store.stats.StatTrackingStore
    [junit] WARN   toNonblockingStore, Using pseudo NonblockingStore implementation for class voldemort.store.stats.StatTrackingStore
    [junit] WARN   handleResponseError, Error in get on node 0(localhost)
    [junit] voldemort.store.InvalidMetadataException: client attempt accessing key belonging to partition:[0] at Node:Node0 in zone 0 partitionList:[]
    [junit] voldemort.store.InvalidMetadataException: client attempt accessing key belonging to partition:[0] at Node:Node0 in zone 0 partitionList:[]
    [junit] 	at sun.reflect.NativeConstructorAccessorImpl.newInstance0(Native Method)
    [junit] 	at voldemort.store.StoreUtils.assertValidMetadata(StoreUtils.java:142)
    [junit] 	at sun.reflect.NativeConstructorAccessorImpl.newInstance(NativeConstructorAccessorImpl.java:39)
    [junit] 	at voldemort.store.invalidmetadata.InvalidMetadataCheckingStore.get(InvalidMetadataCheckingStore.java:101)
    [junit] 	at sun.reflect.DelegatingConstructorAccessorImpl.newInstance(DelegatingConstructorAccessorImpl.java:27)
    [junit] 	at voldemort.store.invalidmetadata.InvalidMetadataCheckingStore.get(InvalidMetadataCheckingStore.java:41)
    [junit] 	at java.lang.reflect.Constructor.newInstance(Constructor.java:513)
    [junit] 	at voldemort.store.DelegatingStore.get(DelegatingStore.java:60)
    [junit] 	at voldemort.utils.ReflectUtils.callConstructor(ReflectUtils.java:116)
    [junit] 	at voldemort.store.stats.StatTrackingStore.get(StatTrackingStore.java:66)
    [junit] 	at voldemort.utils.ReflectUtils.callConstructor(ReflectUtils.java:103)
    [junit] 	at voldemort.store.stats.StatTrackingStore.get(StatTrackingStore.java:39)
    [junit] 	at voldemort.store.ErrorCodeMapper.getError(ErrorCodeMapper.java:70)
    [junit] 	at voldemort.server.protocol.vold.VoldemortNativeRequestHandler.handleGet(VoldemortNativeRequestHandler.java:245)
    [junit] 	at voldemort.client.protocol.vold.VoldemortNativeClientRequestFormat.checkException(VoldemortNativeClientRequestFormat.java:238)
    [junit] 	at voldemort.server.protocol.vold.VoldemortNativeRequestHandler.handleRequest(VoldemortNativeRequestHandler.java:63)
    [junit] 	at voldemort.client.protocol.vold.VoldemortNativeClientRequestFormat.readGetResponse(VoldemortNativeClientRequestFormat.java:114)
    [junit] 	at voldemort.server.socket.SocketServerSession.run(SocketServerSession.java:75)
    [junit] 	at voldemort.store.socket.clientrequest.GetClientRequest.parseResponseInternal(GetClientRequest.java:57)
    [junit] 	at java.util.concurrent.ThreadPoolExecutor$Worker.runTask(ThreadPoolExecutor.java:886)
    [junit] 	at voldemort.store.socket.clientrequest.GetClientRequest.parseResponseInternal(GetClientRequest.java:30)
    [junit] 	at java.util.concurrent.ThreadPoolExecutor$Worker.run(ThreadPoolExecutor.java:908)
    [junit] 	at voldemort.store.socket.clientrequest.AbstractClientRequest.parseResponse(AbstractClientRequest.java:63)
    [junit] 	at java.lang.Thread.run(Thread.java:680)
    [junit] 	at voldemort.store.socket.SocketStore$NonblockingStoreCallbackClientRequest.parseResponse(SocketStore.java:377)
    [junit] 	at voldemort.store.socket.clientrequest.ClientRequestExecutor.read(ClientRequestExecutor.java:200)
    [junit] 	at voldemort.utils.SelectorManagerWorker.run(SelectorManagerWorker.java:98)
    [junit] 	at voldemort.utils.SelectorManager.run(SelectorManager.java:193)
    [junit] 	at java.util.concurrent.ThreadPoolExecutor$Worker.runTask(ThreadPoolExecutor.java:886)
    [junit] 	at java.util.concurrent.ThreadPoolExecutor$Worker.run(ThreadPoolExecutor.java:908)
    [junit] 	at java.lang.Thread.run(Thread.java:680)
    [junit] WARN   toNonblockingStore, Using pseudo NonblockingStore implementation for class voldemort.store.stats.StatTrackingStore
    [junit] WARN   toNonblockingStore, Using pseudo NonblockingStore implementation for class voldemort.store.stats.StatTrackingStore
    [junit] WARN   handleResponseError, Error in put on node 0(localhost)
    [junit] voldemort.store.InvalidMetadataException: client attempt accessing key belonging to partition:[0] at Node:Node0 in zone 0 partitionList:[]
    [junit] 	at sun.reflect.NativeConstructorAccessorImpl.newInstance0(Native Method)
    [junit] 	at sun.reflect.NativeConstructorAccessorImpl.newInstance(NativeConstructorAccessorImpl.java:39)
    [junit] 	at sun.reflect.DelegatingConstructorAccessorImpl.newInstance(DelegatingConstructorAccessorImpl.java:27)
    [junit] 	at java.lang.reflect.Constructor.newInstance(Constructor.java:513)
    [junit] 	at voldemort.utils.ReflectUtils.callConstructor(ReflectUtils.java:116)
    [junit] 	at voldemort.utils.ReflectUtils.callConstructor(ReflectUtils.java:103)
    [junit] 	at voldemort.store.ErrorCodeMapper.getError(ErrorCodeMapper.java:70)
    [junit] 	at voldemort.client.protocol.vold.VoldemortNativeClientRequestFormat.checkException(VoldemortNativeClientRequestFormat.java:238)
    [junit] 	at voldemort.client.protocol.vold.VoldemortNativeClientRequestFormat.readPutResponse(VoldemortNativeClientRequestFormat.java:228)
    [junit] 	at voldemort.store.socket.clientrequest.PutClientRequest.parseResponseInternal(PutClientRequest.java:67)
    [junit] 	at voldemort.store.socket.clientrequest.PutClientRequest.parseResponseInternal(PutClientRequest.java:30)
    [junit] 	at voldemort.store.socket.clientrequest.AbstractClientRequest.parseResponse(AbstractClientRequest.java:63)
    [junit] 	at voldemort.store.socket.clientrequest.BlockingClientRequest.parseResponse(BlockingClientRequest.java:73)
    [junit] 	at voldemort.store.socket.clientrequest.ClientRequestExecutor.read(ClientRequestExecutor.java:200)
    [junit] 	at voldemort.utils.SelectorManagerWorker.run(SelectorManagerWorker.java:98)
    [junit] 	at voldemort.utils.SelectorManager.run(SelectorManager.java:193)
    [junit] 	at java.util.concurrent.ThreadPoolExecutor$Worker.runTask(ThreadPoolExecutor.java:886)
    [junit] 	at java.util.concurrent.ThreadPoolExecutor$Worker.run(ThreadPoolExecutor.java:908)
    [junit] 	at java.lang.Thread.run(Thread.java:680)
    [junit] WARN   toNonblockingStore, Using pseudo NonblockingStore implementation for class voldemort.store.stats.StatTrackingStore
    [junit] WARN   toNonblockingStore, Using pseudo NonblockingStore implementation for class voldemort.store.stats.StatTrackingStore
    [junit] WARN   toNonblockingStore, Using pseudo NonblockingStore implementation for class voldemort.store.stats.StatTrackingStore
    [junit] WARN   toNonblockingStore, Using pseudo NonblockingStore implementation for class voldemort.store.stats.StatTrackingStore
    [junit] WARN   handleResponseError, Error in get all on node 0(localhost)
    [junit] voldemort.store.InvalidMetadataException: client attempt accessing key belonging to partition:[1] at Node:Node0 in zone 0 partitionList:[]
    [junit] 	at sun.reflect.NativeConstructorAccessorImpl.newInstance0(Native Method)
    [junit] 	at sun.reflect.NativeConstructorAccessorImpl.newInstance(NativeConstructorAccessorImpl.java:39)
    [junit] 	at sun.reflect.DelegatingConstructorAccessorImpl.newInstance(DelegatingConstructorAccessorImpl.java:27)
    [junit] 	at java.lang.reflect.Constructor.newInstance(Constructor.java:513)
    [junit] 	at voldemort.utils.ReflectUtils.callConstructor(ReflectUtils.java:116)
    [junit] 	at voldemort.utils.ReflectUtils.callConstructor(ReflectUtils.java:103)
    [junit] 	at voldemort.store.ErrorCodeMapper.getError(ErrorCodeMapper.java:70)
    [junit] 	at voldemort.client.protocol.vold.VoldemortNativeClientRequestFormat.checkException(VoldemortNativeClientRequestFormat.java:238)
    [junit] 	at voldemort.client.protocol.vold.VoldemortNativeClientRequestFormat.readGetAllResponse(VoldemortNativeClientRequestFormat.java:182)
    [junit] 	at voldemort.store.socket.clientrequest.GetAllClientRequest.parseResponseInternal(GetAllClientRequest.java:63)
    [junit] 	at voldemort.store.socket.clientrequest.GetAllClientRequest.parseResponseInternal(GetAllClientRequest.java:31)
    [junit] 	at voldemort.store.socket.clientrequest.AbstractClientRequest.parseResponse(AbstractClientRequest.java:63)
    [junit] 	at voldemort.store.socket.SocketStore$NonblockingStoreCallbackClientRequest.parseResponse(SocketStore.java:377)
    [junit] 	at voldemort.store.socket.clientrequest.ClientRequestExecutor.read(ClientRequestExecutor.java:200)
    [junit] 	at voldemort.utils.SelectorManagerWorker.run(SelectorManagerWorker.java:98)
    [junit] 	at voldemort.utils.SelectorManager.run(SelectorManager.java:193)
    [junit] 	at java.util.concurrent.ThreadPoolExecutor$Worker.runTask(ThreadPoolExecutor.java:886)
    [junit] 	at java.util.concurrent.ThreadPoolExecutor$Worker.run(ThreadPoolExecutor.java:908)
    [junit] 	at java.lang.Thread.run(Thread.java:680)
    [junit] Tests run: 4, Failures: 0, Errors: 0, Time elapsed: 6.185 sec
    [junit] Running voldemort.store.rebalancing.RedirectingStoreTest
    [junit] Tests run: 1, Failures: 1, Errors: 0, Time elapsed: 0.118 sec
    [junit] Running voldemort.store.routed.HintedHandoffTest
    [junit] WARN   toNonblockingStore, Using pseudo NonblockingStore implementation for class voldemort.store.slop.SlopStorageEngine
    [junit] WARN   toNonblockingStore, Using pseudo NonblockingStore implementation for class voldemort.store.slop.SlopStorageEngine
    [junit] WARN   toNonblockingStore, Using pseudo NonblockingStore implementation for class voldemort.store.slop.SlopStorageEngine
    [junit] WARN   toNonblockingStore, Using pseudo NonblockingStore implementation for class voldemort.store.slop.SlopStorageEngine
    [junit] WARN   toNonblockingStore, Using pseudo NonblockingStore implementation for class voldemort.store.slop.SlopStorageEngine
    [junit] WARN   toNonblockingStore, Using pseudo NonblockingStore implementation for class voldemort.store.slop.SlopStorageEngine
    [junit] WARN   toNonblockingStore, Using pseudo NonblockingStore implementation for class voldemort.store.slop.SlopStorageEngine
    [junit] WARN   toNonblockingStore, Using pseudo NonblockingStore implementation for class voldemort.store.slop.SlopStorageEngine
    [junit] WARN   toNonblockingStore, Using pseudo NonblockingStore implementation for class voldemort.store.slop.SlopStorageEngine
    [junit] WARN   toNonblockingStore, Using pseudo NonblockingStore implementation for class voldemort.store.ForceFailStore
    [junit] WARN   toNonblockingStore, Using pseudo NonblockingStore implementation for class voldemort.store.ForceFailStore
    [junit] WARN   toNonblockingStore, Using pseudo NonblockingStore implementation for class voldemort.store.ForceFailStore
    [junit] WARN   toNonblockingStore, Using pseudo NonblockingStore implementation for class voldemort.store.ForceFailStore
    [junit] WARN   toNonblockingStore, Using pseudo NonblockingStore implementation for class voldemort.store.ForceFailStore
    [junit] WARN   toNonblockingStore, Using pseudo NonblockingStore implementation for class voldemort.store.ForceFailStore
    [junit] WARN   toNonblockingStore, Using pseudo NonblockingStore implementation for class voldemort.store.ForceFailStore
    [junit] WARN   toNonblockingStore, Using pseudo NonblockingStore implementation for class voldemort.store.ForceFailStore
    [junit] WARN   toNonblockingStore, Using pseudo NonblockingStore implementation for class voldemort.store.ForceFailStore
    [junit] WARN   handleResponseError, Error in put on node 1(localhost)
    [junit] voldemort.store.UnreachableStoreException: Node down
    [junit] 	at voldemort.store.routed.HintedHandoffTest.setUp(HintedHandoffTest.java:160)
    [junit] 	at sun.reflect.NativeMethodAccessorImpl.invoke0(Native Method)
    [junit] 	at sun.reflect.NativeMethodAccessorImpl.invoke(NativeMethodAccessorImpl.java:39)
    [junit] 	at sun.reflect.DelegatingMethodAccessorImpl.invoke(DelegatingMethodAccessorImpl.java:25)
    [junit] 	at java.lang.reflect.Method.invoke(Method.java:597)
    [junit] 	at org.junit.runners.model.FrameworkMethod$1.runReflectiveCall(FrameworkMethod.java:44)
    [junit] 	at org.junit.internal.runners.model.ReflectiveCallable.run(ReflectiveCallable.java:15)
    [junit] 	at org.junit.runners.model.FrameworkMethod.invokeExplosively(FrameworkMethod.java:41)
    [junit] 	at org.junit.internal.runners.statements.RunBefores.evaluate(RunBefores.java:27)
    [junit] 	at org.junit.internal.runners.statements.RunAfters.evaluate(RunAfters.java:31)
    [junit] 	at org.junit.runners.BlockJUnit4ClassRunner.runChild(BlockJUnit4ClassRunner.java:70)
    [junit] 	at org.junit.runners.BlockJUnit4ClassRunner.runChild(BlockJUnit4ClassRunner.java:44)
    [junit] 	at org.junit.runners.ParentRunner.runChildren(ParentRunner.java:180)
    [junit] 	at org.junit.runners.ParentRunner.access$000(ParentRunner.java:41)
    [junit] 	at org.junit.runners.ParentRunner$1.evaluate(ParentRunner.java:173)
    [junit] 	at org.junit.runners.ParentRunner.run(ParentRunner.java:220)
    [junit] 	at org.junit.runners.Suite.runChild(Suite.java:117)
    [junit] 	at org.junit.runners.Suite.runChild(Suite.java:24)
    [junit] 	at org.junit.runners.ParentRunner.runChildren(ParentRunner.java:180)
    [junit] 	at org.junit.runners.ParentRunner.access$000(ParentRunner.java:41)
    [junit] 	at org.junit.runners.ParentRunner$1.evaluate(ParentRunner.java:173)
    [junit] 	at org.junit.internal.runners.statements.RunBefores.evaluate(RunBefores.java:28)
    [junit] 	at org.junit.internal.runners.statements.RunAfters.evaluate(RunAfters.java:31)
    [junit] 	at org.junit.runners.ParentRunner.run(ParentRunner.java:220)
    [junit] 	at junit.framework.JUnit4TestAdapter.run(JUnit4TestAdapter.java:39)
    [junit] 	at org.apache.tools.ant.taskdefs.optional.junit.JUnitTestRunner.run(JUnitTestRunner.java:518)
    [junit] 	at org.apache.tools.ant.taskdefs.optional.junit.JUnitTestRunner.launch(JUnitTestRunner.java:1052)
    [junit] 	at org.apache.tools.ant.taskdefs.optional.junit.JUnitTestRunner.main(JUnitTestRunner.java:906)
    [junit] WARN   setUnavailable, Node 1 set as unavailable
    [junit] voldemort.store.UnreachableStoreException: Node down
    [junit] 	at voldemort.store.routed.HintedHandoffTest.setUp(HintedHandoffTest.java:160)
    [junit] 	at sun.reflect.NativeMethodAccessorImpl.invoke0(Native Method)
    [junit] 	at sun.reflect.NativeMethodAccessorImpl.invoke(NativeMethodAccessorImpl.java:39)
    [junit] 	at sun.reflect.DelegatingMethodAccessorImpl.invoke(DelegatingMethodAccessorImpl.java:25)
    [junit] 	at java.lang.reflect.Method.invoke(Method.java:597)
    [junit] 	at org.junit.runners.model.FrameworkMethod$1.runReflectiveCall(FrameworkMethod.java:44)
    [junit] 	at org.junit.internal.runners.model.ReflectiveCallable.run(ReflectiveCallable.java:15)
    [junit] 	at org.junit.runners.model.FrameworkMethod.invokeExplosively(FrameworkMethod.java:41)
    [junit] 	at org.junit.internal.runners.statements.RunBefores.evaluate(RunBefores.java:27)
    [junit] 	at org.junit.internal.runners.statements.RunAfters.evaluate(RunAfters.java:31)
    [junit] 	at org.junit.runners.BlockJUnit4ClassRunner.runChild(BlockJUnit4ClassRunner.java:70)
    [junit] 	at org.junit.runners.BlockJUnit4ClassRunner.runChild(BlockJUnit4ClassRunner.java:44)
    [junit] 	at org.junit.runners.ParentRunner.runChildren(ParentRunner.java:180)
    [junit] 	at org.junit.runners.ParentRunner.access$000(ParentRunner.java:41)
    [junit] 	at org.junit.runners.ParentRunner$1.evaluate(ParentRunner.java:173)
    [junit] 	at org.junit.runners.ParentRunner.run(ParentRunner.java:220)
    [junit] 	at org.junit.runners.Suite.runChild(Suite.java:117)
    [junit] 	at org.junit.runners.Suite.runChild(Suite.java:24)
    [junit] 	at org.junit.runners.ParentRunner.runChildren(ParentRunner.java:180)
    [junit] 	at org.junit.runners.ParentRunner.access$000(ParentRunner.java:41)
    [junit] 	at org.junit.runners.ParentRunner$1.evaluate(ParentRunner.java:173)
    [junit] 	at org.junit.internal.runners.statements.RunBefores.evaluate(RunBefores.java:28)
    [junit] 	at org.junit.internal.runners.statements.RunAfters.evaluate(RunAfters.java:31)
    [junit] 	at org.junit.runners.ParentRunner.run(ParentRunner.java:220)
    [junit] 	at junit.framework.JUnit4TestAdapter.run(JUnit4TestAdapter.java:39)
    [junit] 	at org.apache.tools.ant.taskdefs.optional.junit.JUnitTestRunner.run(JUnitTestRunner.java:518)
    [junit] 	at org.apache.tools.ant.taskdefs.optional.junit.JUnitTestRunner.launch(JUnitTestRunner.java:1052)
    [junit] 	at org.apache.tools.ant.taskdefs.optional.junit.JUnitTestRunner.main(JUnitTestRunner.java:906)
    [junit] WARN   handleResponseError, Error in put on node 3(localhost)
    [junit] voldemort.store.UnreachableStoreException: Node down
    [junit] 	at voldemort.store.routed.HintedHandoffTest.setUp(HintedHandoffTest.java:160)
    [junit] 	at sun.reflect.NativeMethodAccessorImpl.invoke0(Native Method)
    [junit] 	at sun.reflect.NativeMethodAccessorImpl.invoke(NativeMethodAccessorImpl.java:39)
    [junit] 	at sun.reflect.DelegatingMethodAccessorImpl.invoke(DelegatingMethodAccessorImpl.java:25)
    [junit] 	at java.lang.reflect.Method.invoke(Method.java:597)
    [junit] 	at org.junit.runners.model.FrameworkMethod$1.runReflectiveCall(FrameworkMethod.java:44)
    [junit] 	at org.junit.internal.runners.model.ReflectiveCallable.run(ReflectiveCallable.java:15)
    [junit] 	at org.junit.runners.model.FrameworkMethod.invokeExplosively(FrameworkMethod.java:41)
    [junit] 	at org.junit.internal.runners.statements.RunBefores.evaluate(RunBefores.java:27)
    [junit] 	at org.junit.internal.runners.statements.RunAfters.evaluate(RunAfters.java:31)
    [junit] 	at org.junit.runners.BlockJUnit4ClassRunner.runChild(BlockJUnit4ClassRunner.java:70)
    [junit] 	at org.junit.runners.BlockJUnit4ClassRunner.runChild(BlockJUnit4ClassRunner.java:44)
    [junit] 	at org.junit.runners.ParentRunner.runChildren(ParentRunner.java:180)
    [junit] 	at org.junit.runners.ParentRunner.access$000(ParentRunner.java:41)
    [junit] 	at org.junit.runners.ParentRunner$1.evaluate(ParentRunner.java:173)
    [junit] 	at org.junit.runners.ParentRunner.run(ParentRunner.java:220)
    [junit] 	at org.junit.runners.Suite.runChild(Suite.java:117)
    [junit] 	at org.junit.runners.Suite.runChild(Suite.java:24)
    [junit] 	at org.junit.runners.ParentRunner.runChildren(ParentRunner.java:180)
    [junit] 	at org.junit.runners.ParentRunner.access$000(ParentRunner.java:41)
    [junit] 	at org.junit.runners.ParentRunner$1.evaluate(ParentRunner.java:173)
    [junit] 	at org.junit.internal.runners.statements.RunBefores.evaluate(RunBefores.java:28)
    [junit] 	at org.junit.internal.runners.statements.RunAfters.evaluate(RunAfters.java:31)
    [junit] 	at org.junit.runners.ParentRunner.run(ParentRunner.java:220)
    [junit] 	at junit.framework.JUnit4TestAdapter.run(JUnit4TestAdapter.java:39)
    [junit] 	at org.apache.tools.ant.taskdefs.optional.junit.JUnitTestRunner.run(JUnitTestRunner.java:518)
    [junit] 	at org.apache.tools.ant.taskdefs.optional.junit.JUnitTestRunner.launch(JUnitTestRunner.java:1052)
    [junit] 	at org.apache.tools.ant.taskdefs.optional.junit.JUnitTestRunner.main(JUnitTestRunner.java:906)
    [junit] WARN   setUnavailable, Node 3 set as unavailable
    [junit] voldemort.store.UnreachableStoreException: Node down
    [junit] 	at voldemort.store.routed.HintedHandoffTest.setUp(HintedHandoffTest.java:160)
    [junit] 	at sun.reflect.NativeMethodAccessorImpl.invoke0(Native Method)
    [junit] 	at sun.reflect.NativeMethodAccessorImpl.invoke(NativeMethodAccessorImpl.java:39)
    [junit] 	at sun.reflect.DelegatingMethodAccessorImpl.invoke(DelegatingMethodAccessorImpl.java:25)
    [junit] 	at java.lang.reflect.Method.invoke(Method.java:597)
    [junit] 	at org.junit.runners.model.FrameworkMethod$1.runReflectiveCall(FrameworkMethod.java:44)
    [junit] 	at org.junit.internal.runners.model.ReflectiveCallable.run(ReflectiveCallable.java:15)
    [junit] 	at org.junit.runners.model.FrameworkMethod.invokeExplosively(FrameworkMethod.java:41)
    [junit] 	at org.junit.internal.runners.statements.RunBefores.evaluate(RunBefores.java:27)
    [junit] 	at org.junit.internal.runners.statements.RunAfters.evaluate(RunAfters.java:31)
    [junit] 	at org.junit.runners.BlockJUnit4ClassRunner.runChild(BlockJUnit4ClassRunner.java:70)
    [junit] 	at org.junit.runners.BlockJUnit4ClassRunner.runChild(BlockJUnit4ClassRunner.java:44)
    [junit] 	at org.junit.runners.ParentRunner.runChildren(ParentRunner.java:180)
    [junit] 	at org.junit.runners.ParentRunner.access$000(ParentRunner.java:41)
    [junit] 	at org.junit.runners.ParentRunner$1.evaluate(ParentRunner.java:173)
    [junit] 	at org.junit.runners.ParentRunner.run(ParentRunner.java:220)
    [junit] 	at org.junit.runners.Suite.runChild(Suite.java:117)
    [junit] 	at org.junit.runners.Suite.runChild(Suite.java:24)
    [junit] 	at org.junit.runners.ParentRunner.runChildren(ParentRunner.java:180)
    [junit] 	at org.junit.runners.ParentRunner.access$000(ParentRunner.java:41)
    [junit] 	at org.junit.runners.ParentRunner$1.evaluate(ParentRunner.java:173)
    [junit] 	at org.junit.internal.runners.statements.RunBefores.evaluate(RunBefores.java:28)
    [junit] 	at org.junit.internal.runners.statements.RunAfters.evaluate(RunAfters.java:31)
    [junit] 	at org.junit.runners.ParentRunner.run(ParentRunner.java:220)
    [junit] 	at junit.framework.JUnit4TestAdapter.run(JUnit4TestAdapter.java:39)
    [junit] 	at org.apache.tools.ant.taskdefs.optional.junit.JUnitTestRunner.run(JUnitTestRunner.java:518)
    [junit] 	at org.apache.tools.ant.taskdefs.optional.junit.JUnitTestRunner.launch(JUnitTestRunner.java:1052)
    [junit] 	at org.apache.tools.ant.taskdefs.optional.junit.JUnitTestRunner.main(JUnitTestRunner.java:906)
    [junit] WARN   handleResponseError, Error in put on node 0(localhost)
    [junit] voldemort.store.UnreachableStoreException: Node down
    [junit] 	at voldemort.store.routed.HintedHandoffTest.setUp(HintedHandoffTest.java:160)
    [junit] 	at sun.reflect.NativeMethodAccessorImpl.invoke0(Native Method)
    [junit] 	at sun.reflect.NativeMethodAccessorImpl.invoke(NativeMethodAccessorImpl.java:39)
    [junit] 	at sun.reflect.DelegatingMethodAccessorImpl.invoke(DelegatingMethodAccessorImpl.java:25)
    [junit] 	at java.lang.reflect.Method.invoke(Method.java:597)
    [junit] 	at org.junit.runners.model.FrameworkMethod$1.runReflectiveCall(FrameworkMethod.java:44)
    [junit] 	at org.junit.internal.runners.model.ReflectiveCallable.run(ReflectiveCallable.java:15)
    [junit] 	at org.junit.runners.model.FrameworkMethod.invokeExplosively(FrameworkMethod.java:41)
    [junit] 	at org.junit.internal.runners.statements.RunBefores.evaluate(RunBefores.java:27)
    [junit] 	at org.junit.internal.runners.statements.RunAfters.evaluate(RunAfters.java:31)
    [junit] 	at org.junit.runners.BlockJUnit4ClassRunner.runChild(BlockJUnit4ClassRunner.java:70)
    [junit] 	at org.junit.runners.BlockJUnit4ClassRunner.runChild(BlockJUnit4ClassRunner.java:44)
    [junit] 	at org.junit.runners.ParentRunner.runChildren(ParentRunner.java:180)
    [junit] 	at org.junit.runners.ParentRunner.access$000(ParentRunner.java:41)
    [junit] 	at org.junit.runners.ParentRunner$1.evaluate(ParentRunner.java:173)
    [junit] 	at org.junit.runners.ParentRunner.run(ParentRunner.java:220)
    [junit] 	at org.junit.runners.Suite.runChild(Suite.java:117)
    [junit] 	at org.junit.runners.Suite.runChild(Suite.java:24)
    [junit] 	at org.junit.runners.ParentRunner.runChildren(ParentRunner.java:180)
    [junit] 	at org.junit.runners.ParentRunner.access$000(ParentRunner.java:41)
    [junit] 	at org.junit.runners.ParentRunner$1.evaluate(ParentRunner.java:173)
    [junit] 	at org.junit.internal.runners.statements.RunBefores.evaluate(RunBefores.java:28)
    [junit] 	at org.junit.internal.runners.statements.RunAfters.evaluate(RunAfters.java:31)
    [junit] 	at org.junit.runners.ParentRunner.run(ParentRunner.java:220)
    [junit] 	at junit.framework.JUnit4TestAdapter.run(JUnit4TestAdapter.java:39)
    [junit] 	at org.apache.tools.ant.taskdefs.optional.junit.JUnitTestRunner.run(JUnitTestRunner.java:518)
    [junit] 	at org.apache.tools.ant.taskdefs.optional.junit.JUnitTestRunner.launch(JUnitTestRunner.java:1052)
    [junit] 	at org.apache.tools.ant.taskdefs.optional.junit.JUnitTestRunner.main(JUnitTestRunner.java:906)
    [junit] WARN   setUnavailable, Node 0 set as unavailable
    [junit] voldemort.store.UnreachableStoreException: Node down
    [junit] 	at voldemort.store.routed.HintedHandoffTest.setUp(HintedHandoffTest.java:160)
    [junit] 	at sun.reflect.NativeMethodAccessorImpl.invoke0(Native Method)
    [junit] 	at sun.reflect.NativeMethodAccessorImpl.invoke(NativeMethodAccessorImpl.java:39)
    [junit] 	at sun.reflect.DelegatingMethodAccessorImpl.invoke(DelegatingMethodAccessorImpl.java:25)
    [junit] 	at java.lang.reflect.Method.invoke(Method.java:597)
    [junit] 	at org.junit.runners.model.FrameworkMethod$1.runReflectiveCall(FrameworkMethod.java:44)
    [junit] 	at org.junit.internal.runners.model.ReflectiveCallable.run(ReflectiveCallable.java:15)
    [junit] 	at org.junit.runners.model.FrameworkMethod.invokeExplosively(FrameworkMethod.java:41)
    [junit] 	at org.junit.internal.runners.statements.RunBefores.evaluate(RunBefores.java:27)
    [junit] 	at org.junit.internal.runners.statements.RunAfters.evaluate(RunAfters.java:31)
    [junit] 	at org.junit.runners.BlockJUnit4ClassRunner.runChild(BlockJUnit4ClassRunner.java:70)
    [junit] 	at org.junit.runners.BlockJUnit4ClassRunner.runChild(BlockJUnit4ClassRunner.java:44)
    [junit] 	at org.junit.runners.ParentRunner.runChildren(ParentRunner.java:180)
    [junit] 	at org.junit.runners.ParentRunner.access$000(ParentRunner.java:41)
    [junit] 	at org.junit.runners.ParentRunner$1.evaluate(ParentRunner.java:173)
    [junit] 	at org.junit.runners.ParentRunner.run(ParentRunner.java:220)
    [junit] 	at org.junit.runners.Suite.runChild(Suite.java:117)
    [junit] 	at org.junit.runners.Suite.runChild(Suite.java:24)
    [junit] 	at org.junit.runners.ParentRunner.runChildren(ParentRunner.java:180)
    [junit] 	at org.junit.runners.ParentRunner.access$000(ParentRunner.java:41)
    [junit] 	at org.junit.runners.ParentRunner$1.evaluate(ParentRunner.java:173)
    [junit] 	at org.junit.internal.runners.statements.RunBefores.evaluate(RunBefores.java:28)
    [junit] 	at org.junit.internal.runners.statements.RunAfters.evaluate(RunAfters.java:31)
    [junit] 	at org.junit.runners.ParentRunner.run(ParentRunner.java:220)
    [junit] 	at junit.framework.JUnit4TestAdapter.run(JUnit4TestAdapter.java:39)
    [junit] 	at org.apache.tools.ant.taskdefs.optional.junit.JUnitTestRunner.run(JUnitTestRunner.java:518)
    [junit] 	at org.apache.tools.ant.taskdefs.optional.junit.JUnitTestRunner.launch(JUnitTestRunner.java:1052)
    [junit] 	at org.apache.tools.ant.taskdefs.optional.junit.JUnitTestRunner.main(JUnitTestRunner.java:906)
    [junit] WARN   toNonblockingStore, Using pseudo NonblockingStore implementation for class voldemort.store.slop.SlopStorageEngine
    [junit] WARN   toNonblockingStore, Using pseudo NonblockingStore implementation for class voldemort.store.slop.SlopStorageEngine
    [junit] WARN   toNonblockingStore, Using pseudo NonblockingStore implementation for class voldemort.store.slop.SlopStorageEngine
    [junit] WARN   toNonblockingStore, Using pseudo NonblockingStore implementation for class voldemort.store.slop.SlopStorageEngine
    [junit] WARN   toNonblockingStore, Using pseudo NonblockingStore implementation for class voldemort.store.slop.SlopStorageEngine
    [junit] WARN   toNonblockingStore, Using pseudo NonblockingStore implementation for class voldemort.store.slop.SlopStorageEngine
    [junit] WARN   toNonblockingStore, Using pseudo NonblockingStore implementation for class voldemort.store.slop.SlopStorageEngine
    [junit] WARN   toNonblockingStore, Using pseudo NonblockingStore implementation for class voldemort.store.slop.SlopStorageEngine
    [junit] WARN   toNonblockingStore, Using pseudo NonblockingStore implementation for class voldemort.store.slop.SlopStorageEngine
    [junit] WARN   toNonblockingStore, Using pseudo NonblockingStore implementation for class voldemort.store.ForceFailStore
    [junit] WARN   toNonblockingStore, Using pseudo NonblockingStore implementation for class voldemort.store.ForceFailStore
    [junit] WARN   toNonblockingStore, Using pseudo NonblockingStore implementation for class voldemort.store.ForceFailStore
    [junit] WARN   toNonblockingStore, Using pseudo NonblockingStore implementation for class voldemort.store.ForceFailStore
    [junit] WARN   toNonblockingStore, Using pseudo NonblockingStore implementation for class voldemort.store.ForceFailStore
    [junit] WARN   toNonblockingStore, Using pseudo NonblockingStore implementation for class voldemort.store.ForceFailStore
    [junit] WARN   toNonblockingStore, Using pseudo NonblockingStore implementation for class voldemort.store.ForceFailStore
    [junit] WARN   toNonblockingStore, Using pseudo NonblockingStore implementation for class voldemort.store.ForceFailStore
    [junit] WARN   toNonblockingStore, Using pseudo NonblockingStore implementation for class voldemort.store.ForceFailStore
    [junit] WARN   handleResponseError, Error in put on node 0(localhost)
    [junit] voldemort.store.UnreachableStoreException: Node down
    [junit] 	at voldemort.store.routed.HintedHandoffTest.setUp(HintedHandoffTest.java:160)
    [junit] 	at sun.reflect.NativeMethodAccessorImpl.invoke0(Native Method)
    [junit] 	at sun.reflect.NativeMethodAccessorImpl.invoke(NativeMethodAccessorImpl.java:39)
    [junit] 	at sun.reflect.DelegatingMethodAccessorImpl.invoke(DelegatingMethodAccessorImpl.java:25)
    [junit] 	at java.lang.reflect.Method.invoke(Method.java:597)
    [junit] 	at org.junit.runners.model.FrameworkMethod$1.runReflectiveCall(FrameworkMethod.java:44)
    [junit] 	at org.junit.internal.runners.model.ReflectiveCallable.run(ReflectiveCallable.java:15)
    [junit] 	at org.junit.runners.model.FrameworkMethod.invokeExplosively(FrameworkMethod.java:41)
    [junit] 	at org.junit.internal.runners.statements.RunBefores.evaluate(RunBefores.java:27)
    [junit] 	at org.junit.internal.runners.statements.RunAfters.evaluate(RunAfters.java:31)
    [junit] 	at org.junit.runners.BlockJUnit4ClassRunner.runChild(BlockJUnit4ClassRunner.java:70)
    [junit] 	at org.junit.runners.BlockJUnit4ClassRunner.runChild(BlockJUnit4ClassRunner.java:44)
    [junit] 	at org.junit.runners.ParentRunner.runChildren(ParentRunner.java:180)
    [junit] 	at org.junit.runners.ParentRunner.access$000(ParentRunner.java:41)
    [junit] 	at org.junit.runners.ParentRunner$1.evaluate(ParentRunner.java:173)
    [junit] 	at org.junit.runners.ParentRunner.run(ParentRunner.java:220)
    [junit] 	at org.junit.runners.Suite.runChild(Suite.java:117)
    [junit] 	at org.junit.runners.Suite.runChild(Suite.java:24)
    [junit] 	at org.junit.runners.ParentRunner.runChildren(ParentRunner.java:180)
    [junit] 	at org.junit.runners.ParentRunner.access$000(ParentRunner.java:41)
    [junit] 	at org.junit.runners.ParentRunner$1.evaluate(ParentRunner.java:173)
    [junit] 	at org.junit.internal.runners.statements.RunBefores.evaluate(RunBefores.java:28)
    [junit] 	at org.junit.internal.runners.statements.RunAfters.evaluate(RunAfters.java:31)
    [junit] 	at org.junit.runners.ParentRunner.run(ParentRunner.java:220)
    [junit] 	at junit.framework.JUnit4TestAdapter.run(JUnit4TestAdapter.java:39)
    [junit] 	at org.apache.tools.ant.taskdefs.optional.junit.JUnitTestRunner.run(JUnitTestRunner.java:518)
    [junit] 	at org.apache.tools.ant.taskdefs.optional.junit.JUnitTestRunner.launch(JUnitTestRunner.java:1052)
    [junit] 	at org.apache.tools.ant.taskdefs.optional.junit.JUnitTestRunner.main(JUnitTestRunner.java:906)
    [junit] WARN   setUnavailable, Node 0 set as unavailable
    [junit] voldemort.store.UnreachableStoreException: Node down
    [junit] 	at voldemort.store.routed.HintedHandoffTest.setUp(HintedHandoffTest.java:160)
    [junit] 	at sun.reflect.NativeMethodAccessorImpl.invoke0(Native Method)
    [junit] 	at sun.reflect.NativeMethodAccessorImpl.invoke(NativeMethodAccessorImpl.java:39)
    [junit] 	at sun.reflect.DelegatingMethodAccessorImpl.invoke(DelegatingMethodAccessorImpl.java:25)
    [junit] 	at java.lang.reflect.Method.invoke(Method.java:597)
    [junit] 	at org.junit.runners.model.FrameworkMethod$1.runReflectiveCall(FrameworkMethod.java:44)
    [junit] 	at org.junit.internal.runners.model.ReflectiveCallable.run(ReflectiveCallable.java:15)
    [junit] 	at org.junit.runners.model.FrameworkMethod.invokeExplosively(FrameworkMethod.java:41)
    [junit] 	at org.junit.internal.runners.statements.RunBefores.evaluate(RunBefores.java:27)
    [junit] 	at org.junit.internal.runners.statements.RunAfters.evaluate(RunAfters.java:31)
    [junit] 	at org.junit.runners.BlockJUnit4ClassRunner.runChild(BlockJUnit4ClassRunner.java:70)
    [junit] 	at org.junit.runners.BlockJUnit4ClassRunner.runChild(BlockJUnit4ClassRunner.java:44)
    [junit] 	at org.junit.runners.ParentRunner.runChildren(ParentRunner.java:180)
    [junit] 	at org.junit.runners.ParentRunner.access$000(ParentRunner.java:41)
    [junit] 	at org.junit.runners.ParentRunner$1.evaluate(ParentRunner.java:173)
    [junit] 	at org.junit.runners.ParentRunner.run(ParentRunner.java:220)
    [junit] 	at org.junit.runners.Suite.runChild(Suite.java:117)
    [junit] 	at org.junit.runners.Suite.runChild(Suite.java:24)
    [junit] 	at org.junit.runners.ParentRunner.runChildren(ParentRunner.java:180)
    [junit] 	at org.junit.runners.ParentRunner.access$000(ParentRunner.java:41)
    [junit] 	at org.junit.runners.ParentRunner$1.evaluate(ParentRunner.java:173)
    [junit] 	at org.junit.internal.runners.statements.RunBefores.evaluate(RunBefores.java:28)
    [junit] 	at org.junit.internal.runners.statements.RunAfters.evaluate(RunAfters.java:31)
    [junit] 	at org.junit.runners.ParentRunner.run(ParentRunner.java:220)
    [junit] 	at junit.framework.JUnit4TestAdapter.run(JUnit4TestAdapter.java:39)
    [junit] 	at org.apache.tools.ant.taskdefs.optional.junit.JUnitTestRunner.run(JUnitTestRunner.java:518)
    [junit] 	at org.apache.tools.ant.taskdefs.optional.junit.JUnitTestRunner.launch(JUnitTestRunner.java:1052)
    [junit] 	at org.apache.tools.ant.taskdefs.optional.junit.JUnitTestRunner.main(JUnitTestRunner.java:906)
    [junit] WARN   handleResponseError, Error in put on node 3(localhost)
    [junit] voldemort.store.UnreachableStoreException: Node down
    [junit] 	at voldemort.store.routed.HintedHandoffTest.setUp(HintedHandoffTest.java:160)
    [junit] 	at sun.reflect.NativeMethodAccessorImpl.invoke0(Native Method)
    [junit] 	at sun.reflect.NativeMethodAccessorImpl.invoke(NativeMethodAccessorImpl.java:39)
    [junit] 	at sun.reflect.DelegatingMethodAccessorImpl.invoke(DelegatingMethodAccessorImpl.java:25)
    [junit] 	at java.lang.reflect.Method.invoke(Method.java:597)
    [junit] 	at org.junit.runners.model.FrameworkMethod$1.runReflectiveCall(FrameworkMethod.java:44)
    [junit] 	at org.junit.internal.runners.model.ReflectiveCallable.run(ReflectiveCallable.java:15)
    [junit] 	at org.junit.runners.model.FrameworkMethod.invokeExplosively(FrameworkMethod.java:41)
    [junit] 	at org.junit.internal.runners.statements.RunBefores.evaluate(RunBefores.java:27)
    [junit] 	at org.junit.internal.runners.statements.RunAfters.evaluate(RunAfters.java:31)
    [junit] 	at org.junit.runners.BlockJUnit4ClassRunner.runChild(BlockJUnit4ClassRunner.java:70)
    [junit] 	at org.junit.runners.BlockJUnit4ClassRunner.runChild(BlockJUnit4ClassRunner.java:44)
    [junit] 	at org.junit.runners.ParentRunner.runChildren(ParentRunner.java:180)
    [junit] 	at org.junit.runners.ParentRunner.access$000(ParentRunner.java:41)
    [junit] 	at org.junit.runners.ParentRunner$1.evaluate(ParentRunner.java:173)
    [junit] 	at org.junit.runners.ParentRunner.run(ParentRunner.java:220)
    [junit] 	at org.junit.runners.Suite.runChild(Suite.java:117)
    [junit] 	at org.junit.runners.Suite.runChild(Suite.java:24)
    [junit] 	at org.junit.runners.ParentRunner.runChildren(ParentRunner.java:180)
    [junit] 	at org.junit.runners.ParentRunner.access$000(ParentRunner.java:41)
    [junit] 	at org.junit.runners.ParentRunner$1.evaluate(ParentRunner.java:173)
    [junit] 	at org.junit.internal.runners.statements.RunBefores.evaluate(RunBefores.java:28)
    [junit] 	at org.junit.internal.runners.statements.RunAfters.evaluate(RunAfters.java:31)
    [junit] 	at org.junit.runners.ParentRunner.run(ParentRunner.java:220)
    [junit] 	at junit.framework.JUnit4TestAdapter.run(JUnit4TestAdapter.java:39)
    [junit] 	at org.apache.tools.ant.taskdefs.optional.junit.JUnitTestRunner.run(JUnitTestRunner.java:518)
    [junit] 	at org.apache.tools.ant.taskdefs.optional.junit.JUnitTestRunner.launch(JUnitTestRunner.java:1052)
    [junit] 	at org.apache.tools.ant.taskdefs.optional.junit.JUnitTestRunner.main(JUnitTestRunner.java:906)
    [junit] WARN   setUnavailable, Node 3 set as unavailable
    [junit] voldemort.store.UnreachableStoreException: Node down
    [junit] 	at voldemort.store.routed.HintedHandoffTest.setUp(HintedHandoffTest.java:160)
    [junit] 	at sun.reflect.NativeMethodAccessorImpl.invoke0(Native Method)
    [junit] 	at sun.reflect.NativeMethodAccessorImpl.invoke(NativeMethodAccessorImpl.java:39)
    [junit] 	at sun.reflect.DelegatingMethodAccessorImpl.invoke(DelegatingMethodAccessorImpl.java:25)
    [junit] 	at java.lang.reflect.Method.invoke(Method.java:597)
    [junit] 	at org.junit.runners.model.FrameworkMethod$1.runReflectiveCall(FrameworkMethod.java:44)
    [junit] 	at org.junit.internal.runners.model.ReflectiveCallable.run(ReflectiveCallable.java:15)
    [junit] 	at org.junit.runners.model.FrameworkMethod.invokeExplosively(FrameworkMethod.java:41)
    [junit] 	at org.junit.internal.runners.statements.RunBefores.evaluate(RunBefores.java:27)
    [junit] 	at org.junit.internal.runners.statements.RunAfters.evaluate(RunAfters.java:31)
    [junit] 	at org.junit.runners.BlockJUnit4ClassRunner.runChild(BlockJUnit4ClassRunner.java:70)
    [junit] 	at org.junit.runners.BlockJUnit4ClassRunner.runChild(BlockJUnit4ClassRunner.java:44)
    [junit] 	at org.junit.runners.ParentRunner.runChildren(ParentRunner.java:180)
    [junit] 	at org.junit.runners.ParentRunner.access$000(ParentRunner.java:41)
    [junit] 	at org.junit.runners.ParentRunner$1.evaluate(ParentRunner.java:173)
    [junit] 	at org.junit.runners.ParentRunner.run(ParentRunner.java:220)
    [junit] 	at org.junit.runners.Suite.runChild(Suite.java:117)
    [junit] 	at org.junit.runners.Suite.runChild(Suite.java:24)
    [junit] 	at org.junit.runners.ParentRunner.runChildren(ParentRunner.java:180)
    [junit] 	at org.junit.runners.ParentRunner.access$000(ParentRunner.java:41)
    [junit] 	at org.junit.runners.ParentRunner$1.evaluate(ParentRunner.java:173)
    [junit] 	at org.junit.internal.runners.statements.RunBefores.evaluate(RunBefores.java:28)
    [junit] 	at org.junit.internal.runners.statements.RunAfters.evaluate(RunAfters.java:31)
    [junit] 	at org.junit.runners.ParentRunner.run(ParentRunner.java:220)
    [junit] 	at junit.framework.JUnit4TestAdapter.run(JUnit4TestAdapter.java:39)
    [junit] 	at org.apache.tools.ant.taskdefs.optional.junit.JUnitTestRunner.run(JUnitTestRunner.java:518)
    [junit] 	at org.apache.tools.ant.taskdefs.optional.junit.JUnitTestRunner.launch(JUnitTestRunner.java:1052)
    [junit] 	at org.apache.tools.ant.taskdefs.optional.junit.JUnitTestRunner.main(JUnitTestRunner.java:906)
    [junit] WARN   handleResponseError, Error in put on node 1(localhost)
    [junit] voldemort.store.UnreachableStoreException: Node down
    [junit] 	at voldemort.store.routed.HintedHandoffTest.setUp(HintedHandoffTest.java:160)
    [junit] 	at sun.reflect.NativeMethodAccessorImpl.invoke0(Native Method)
    [junit] 	at sun.reflect.NativeMethodAccessorImpl.invoke(NativeMethodAccessorImpl.java:39)
    [junit] 	at sun.reflect.DelegatingMethodAccessorImpl.invoke(DelegatingMethodAccessorImpl.java:25)
    [junit] 	at java.lang.reflect.Method.invoke(Method.java:597)
    [junit] 	at org.junit.runners.model.FrameworkMethod$1.runReflectiveCall(FrameworkMethod.java:44)
    [junit] 	at org.junit.internal.runners.model.ReflectiveCallable.run(ReflectiveCallable.java:15)
    [junit] 	at org.junit.runners.model.FrameworkMethod.invokeExplosively(FrameworkMethod.java:41)
    [junit] 	at org.junit.internal.runners.statements.RunBefores.evaluate(RunBefores.java:27)
    [junit] 	at org.junit.internal.runners.statements.RunAfters.evaluate(RunAfters.java:31)
    [junit] 	at org.junit.runners.BlockJUnit4ClassRunner.runChild(BlockJUnit4ClassRunner.java:70)
    [junit] 	at org.junit.runners.BlockJUnit4ClassRunner.runChild(BlockJUnit4ClassRunner.java:44)
    [junit] 	at org.junit.runners.ParentRunner.runChildren(ParentRunner.java:180)
    [junit] 	at org.junit.runners.ParentRunner.access$000(ParentRunner.java:41)
    [junit] 	at org.junit.runners.ParentRunner$1.evaluate(ParentRunner.java:173)
    [junit] 	at org.junit.runners.ParentRunner.run(ParentRunner.java:220)
    [junit] 	at org.junit.runners.Suite.runChild(Suite.java:117)
    [junit] 	at org.junit.runners.Suite.runChild(Suite.java:24)
    [junit] 	at org.junit.runners.ParentRunner.runChildren(ParentRunner.java:180)
    [junit] 	at org.junit.runners.ParentRunner.access$000(ParentRunner.java:41)
    [junit] 	at org.junit.runners.ParentRunner$1.evaluate(ParentRunner.java:173)
    [junit] 	at org.junit.internal.runners.statements.RunBefores.evaluate(RunBefores.java:28)
    [junit] 	at org.junit.internal.runners.statements.RunAfters.evaluate(RunAfters.java:31)
    [junit] 	at org.junit.runners.ParentRunner.run(ParentRunner.java:220)
    [junit] 	at junit.framework.JUnit4TestAdapter.run(JUnit4TestAdapter.java:39)
    [junit] 	at org.apache.tools.ant.taskdefs.optional.junit.JUnitTestRunner.run(JUnitTestRunner.java:518)
    [junit] 	at org.apache.tools.ant.taskdefs.optional.junit.JUnitTestRunner.launch(JUnitTestRunner.java:1052)
    [junit] 	at org.apache.tools.ant.taskdefs.optional.junit.JUnitTestRunner.main(JUnitTestRunner.java:906)
    [junit] WARN   setUnavailable, Node 1 set as unavailable
    [junit] voldemort.store.UnreachableStoreException: Node down
    [junit] 	at voldemort.store.routed.HintedHandoffTest.setUp(HintedHandoffTest.java:160)
    [junit] 	at sun.reflect.NativeMethodAccessorImpl.invoke0(Native Method)
    [junit] 	at sun.reflect.NativeMethodAccessorImpl.invoke(NativeMethodAccessorImpl.java:39)
    [junit] 	at sun.reflect.DelegatingMethodAccessorImpl.invoke(DelegatingMethodAccessorImpl.java:25)
    [junit] 	at java.lang.reflect.Method.invoke(Method.java:597)
    [junit] 	at org.junit.runners.model.FrameworkMethod$1.runReflectiveCall(FrameworkMethod.java:44)
    [junit] 	at org.junit.internal.runners.model.ReflectiveCallable.run(ReflectiveCallable.java:15)
    [junit] 	at org.junit.runners.model.FrameworkMethod.invokeExplosively(FrameworkMethod.java:41)
    [junit] 	at org.junit.internal.runners.statements.RunBefores.evaluate(RunBefores.java:27)
    [junit] 	at org.junit.internal.runners.statements.RunAfters.evaluate(RunAfters.java:31)
    [junit] 	at org.junit.runners.BlockJUnit4ClassRunner.runChild(BlockJUnit4ClassRunner.java:70)
    [junit] 	at org.junit.runners.BlockJUnit4ClassRunner.runChild(BlockJUnit4ClassRunner.java:44)
    [junit] 	at org.junit.runners.ParentRunner.runChildren(ParentRunner.java:180)
    [junit] 	at org.junit.runners.ParentRunner.access$000(ParentRunner.java:41)
    [junit] 	at org.junit.runners.ParentRunner$1.evaluate(ParentRunner.java:173)
    [junit] 	at org.junit.runners.ParentRunner.run(ParentRunner.java:220)
    [junit] 	at org.junit.runners.Suite.runChild(Suite.java:117)
    [junit] 	at org.junit.runners.Suite.runChild(Suite.java:24)
    [junit] 	at org.junit.runners.ParentRunner.runChildren(ParentRunner.java:180)
    [junit] 	at org.junit.runners.ParentRunner.access$000(ParentRunner.java:41)
    [junit] 	at org.junit.runners.ParentRunner$1.evaluate(ParentRunner.java:173)
    [junit] 	at org.junit.internal.runners.statements.RunBefores.evaluate(RunBefores.java:28)
    [junit] 	at org.junit.internal.runners.statements.RunAfters.evaluate(RunAfters.java:31)
    [junit] 	at org.junit.runners.ParentRunner.run(ParentRunner.java:220)
    [junit] 	at junit.framework.JUnit4TestAdapter.run(JUnit4TestAdapter.java:39)
    [junit] 	at org.apache.tools.ant.taskdefs.optional.junit.JUnitTestRunner.run(JUnitTestRunner.java:518)
    [junit] 	at org.apache.tools.ant.taskdefs.optional.junit.JUnitTestRunner.launch(JUnitTestRunner.java:1052)
    [junit] 	at org.apache.tools.ant.taskdefs.optional.junit.JUnitTestRunner.main(JUnitTestRunner.java:906)
    [junit] WARN   handleResponseError, Error in put on node 7(localhost)
    [junit] voldemort.store.UnreachableStoreException: Node down
    [junit] 	at voldemort.store.routed.HintedHandoffTest.setUp(HintedHandoffTest.java:160)
    [junit] 	at sun.reflect.NativeMethodAccessorImpl.invoke0(Native Method)
    [junit] 	at sun.reflect.NativeMethodAccessorImpl.invoke(NativeMethodAccessorImpl.java:39)
    [junit] 	at sun.reflect.DelegatingMethodAccessorImpl.invoke(DelegatingMethodAccessorImpl.java:25)
    [junit] 	at java.lang.reflect.Method.invoke(Method.java:597)
    [junit] 	at org.junit.runners.model.FrameworkMethod$1.runReflectiveCall(FrameworkMethod.java:44)
    [junit] 	at org.junit.internal.runners.model.ReflectiveCallable.run(ReflectiveCallable.java:15)
    [junit] 	at org.junit.runners.model.FrameworkMethod.invokeExplosively(FrameworkMethod.java:41)
    [junit] 	at org.junit.internal.runners.statements.RunBefores.evaluate(RunBefores.java:27)
    [junit] 	at org.junit.internal.runners.statements.RunAfters.evaluate(RunAfters.java:31)
    [junit] 	at org.junit.runners.BlockJUnit4ClassRunner.runChild(BlockJUnit4ClassRunner.java:70)
    [junit] 	at org.junit.runners.BlockJUnit4ClassRunner.runChild(BlockJUnit4ClassRunner.java:44)
    [junit] 	at org.junit.runners.ParentRunner.runChildren(ParentRunner.java:180)
    [junit] 	at org.junit.runners.ParentRunner.access$000(ParentRunner.java:41)
    [junit] 	at org.junit.runners.ParentRunner$1.evaluate(ParentRunner.java:173)
    [junit] 	at org.junit.runners.ParentRunner.run(ParentRunner.java:220)
    [junit] 	at org.junit.runners.Suite.runChild(Suite.java:117)
    [junit] 	at org.junit.runners.Suite.runChild(Suite.java:24)
    [junit] 	at org.junit.runners.ParentRunner.runChildren(ParentRunner.java:180)
    [junit] 	at org.junit.runners.ParentRunner.access$000(ParentRunner.java:41)
    [junit] 	at org.junit.runners.ParentRunner$1.evaluate(ParentRunner.java:173)
    [junit] 	at org.junit.internal.runners.statements.RunBefores.evaluate(RunBefores.java:28)
    [junit] 	at org.junit.internal.runners.statements.RunAfters.evaluate(RunAfters.java:31)
    [junit] 	at org.junit.runners.ParentRunner.run(ParentRunner.java:220)
    [junit] 	at junit.framework.JUnit4TestAdapter.run(JUnit4TestAdapter.java:39)
    [junit] 	at org.apache.tools.ant.taskdefs.optional.junit.JUnitTestRunner.run(JUnitTestRunner.java:518)
    [junit] 	at org.apache.tools.ant.taskdefs.optional.junit.JUnitTestRunner.launch(JUnitTestRunner.java:1052)
    [junit] 	at org.apache.tools.ant.taskdefs.optional.junit.JUnitTestRunner.main(JUnitTestRunner.java:906)
    [junit] WARN   setUnavailable, Node 7 set as unavailable
    [junit] voldemort.store.UnreachableStoreException: Node down
    [junit] 	at voldemort.store.routed.HintedHandoffTest.setUp(HintedHandoffTest.java:160)
    [junit] 	at sun.reflect.NativeMethodAccessorImpl.invoke0(Native Method)
    [junit] 	at sun.reflect.NativeMethodAccessorImpl.invoke(NativeMethodAccessorImpl.java:39)
    [junit] 	at sun.reflect.DelegatingMethodAccessorImpl.invoke(DelegatingMethodAccessorImpl.java:25)
    [junit] 	at java.lang.reflect.Method.invoke(Method.java:597)
    [junit] 	at org.junit.runners.model.FrameworkMethod$1.runReflectiveCall(FrameworkMethod.java:44)
    [junit] 	at org.junit.internal.runners.model.ReflectiveCallable.run(ReflectiveCallable.java:15)
    [junit] 	at org.junit.runners.model.FrameworkMethod.invokeExplosively(FrameworkMethod.java:41)
    [junit] 	at org.junit.internal.runners.statements.RunBefores.evaluate(RunBefores.java:27)
    [junit] 	at org.junit.internal.runners.statements.RunAfters.evaluate(RunAfters.java:31)
    [junit] 	at org.junit.runners.BlockJUnit4ClassRunner.runChild(BlockJUnit4ClassRunner.java:70)
    [junit] 	at org.junit.runners.BlockJUnit4ClassRunner.runChild(BlockJUnit4ClassRunner.java:44)
    [junit] 	at org.junit.runners.ParentRunner.runChildren(ParentRunner.java:180)
    [junit] 	at org.junit.runners.ParentRunner.access$000(ParentRunner.java:41)
    [junit] 	at org.junit.runners.ParentRunner$1.evaluate(ParentRunner.java:173)
    [junit] 	at org.junit.runners.ParentRunner.run(ParentRunner.java:220)
    [junit] 	at org.junit.runners.Suite.runChild(Suite.java:117)
    [junit] 	at org.junit.runners.Suite.runChild(Suite.java:24)
    [junit] 	at org.junit.runners.ParentRunner.runChildren(ParentRunner.java:180)
    [junit] 	at org.junit.runners.ParentRunner.access$000(ParentRunner.java:41)
    [junit] 	at org.junit.runners.ParentRunner$1.evaluate(ParentRunner.java:173)
    [junit] 	at org.junit.internal.runners.statements.RunBefores.evaluate(RunBefores.java:28)
    [junit] 	at org.junit.internal.runners.statements.RunAfters.evaluate(RunAfters.java:31)
    [junit] 	at org.junit.runners.ParentRunner.run(ParentRunner.java:220)
    [junit] 	at junit.framework.JUnit4TestAdapter.run(JUnit4TestAdapter.java:39)
    [junit] 	at org.apache.tools.ant.taskdefs.optional.junit.JUnitTestRunner.run(JUnitTestRunner.java:518)
    [junit] 	at org.apache.tools.ant.taskdefs.optional.junit.JUnitTestRunner.launch(JUnitTestRunner.java:1052)
    [junit] 	at org.apache.tools.ant.taskdefs.optional.junit.JUnitTestRunner.main(JUnitTestRunner.java:906)
    [junit] Tests run: 2, Failures: 0, Errors: 0, Time elapsed: 11.294 sec
    [junit] Running voldemort.store.routed.NodeValueTest
    [junit] Tests run: 2, Failures: 0, Errors: 0, Time elapsed: 0.134 sec
    [junit] Running voldemort.store.routed.ReadRepairerTest
    [junit] WARN   toNonblockingStore, Using pseudo NonblockingStore implementation for class voldemort.store.memory.InMemoryStorageEngine
    [junit] WARN   toNonblockingStore, Using pseudo NonblockingStore implementation for class voldemort.store.memory.InMemoryStorageEngine
    [junit] WARN   toNonblockingStore, Using pseudo NonblockingStore implementation for class voldemort.store.memory.InMemoryStorageEngine
    [junit] WARN   setUnavailable, Node 0 set as unavailable
    [junit] WARN   setUnavailable, Node 0 set as unavailable
    [junit] WARN   toNonblockingStore, Using pseudo NonblockingStore implementation for class voldemort.store.memory.InMemoryStorageEngine
    [junit] WARN   toNonblockingStore, Using pseudo NonblockingStore implementation for class voldemort.store.memory.InMemoryStorageEngine
    [junit] WARN   toNonblockingStore, Using pseudo NonblockingStore implementation for class voldemort.store.memory.InMemoryStorageEngine
    [junit] WARN   setUnavailable, Node 0 set as unavailable
    [junit] WARN   setUnavailable, Node 0 set as unavailable
    [junit] Tests run: 10, Failures: 0, Errors: 0, Time elapsed: 0.606 sec
    [junit] Running voldemort.store.routed.RoutedStoreTest
    [junit] Tests run: 1, Failures: 1, Errors: 0, Time elapsed: 0.123 sec
    [junit] Running voldemort.store.routed.action.ConfigureNodesTest
    [junit] Tests run: 3, Failures: 0, Errors: 0, Time elapsed: 0.471 sec
    [junit] Running voldemort.store.routed.action.GetAllConfigureNodesTest
    [junit] WARN   setUnavailable, Node 0 set as unavailable
    [junit] voldemort.store.UnreachableStoreException: Test for voldemort.store.routed.action.GetAllConfigureNodesTest
    [junit] 	at voldemort.store.routed.action.GetAllConfigureNodesTest.testConfigureNodesNotEnoughNodes(GetAllConfigureNodesTest.java:99)
    [junit] 	at sun.reflect.NativeMethodAccessorImpl.invoke0(Native Method)
    [junit] 	at sun.reflect.NativeMethodAccessorImpl.invoke(NativeMethodAccessorImpl.java:39)
    [junit] 	at sun.reflect.DelegatingMethodAccessorImpl.invoke(DelegatingMethodAccessorImpl.java:25)
    [junit] 	at java.lang.reflect.Method.invoke(Method.java:597)
    [junit] 	at org.junit.runners.model.FrameworkMethod$1.runReflectiveCall(FrameworkMethod.java:44)
    [junit] 	at org.junit.internal.runners.model.ReflectiveCallable.run(ReflectiveCallable.java:15)
    [junit] 	at org.junit.runners.model.FrameworkMethod.invokeExplosively(FrameworkMethod.java:41)
    [junit] 	at org.junit.internal.runners.statements.InvokeMethod.evaluate(InvokeMethod.java:20)
    [junit] 	at org.junit.internal.runners.statements.ExpectException.evaluate(ExpectException.java:22)
    [junit] 	at org.junit.internal.runners.statements.RunBefores.evaluate(RunBefores.java:28)
    [junit] 	at org.junit.internal.runners.statements.RunAfters.evaluate(RunAfters.java:31)
    [junit] 	at org.junit.runners.BlockJUnit4ClassRunner.runChild(BlockJUnit4ClassRunner.java:70)
    [junit] 	at org.junit.runners.BlockJUnit4ClassRunner.runChild(BlockJUnit4ClassRunner.java:44)
    [junit] 	at org.junit.runners.ParentRunner.runChildren(ParentRunner.java:180)
    [junit] 	at org.junit.runners.ParentRunner.access$000(ParentRunner.java:41)
    [junit] 	at org.junit.runners.ParentRunner$1.evaluate(ParentRunner.java:173)
    [junit] 	at org.junit.internal.runners.statements.RunBefores.evaluate(RunBefores.java:28)
    [junit] 	at org.junit.internal.runners.statements.RunAfters.evaluate(RunAfters.java:31)
    [junit] 	at org.junit.runners.ParentRunner.run(ParentRunner.java:220)
    [junit] 	at junit.framework.JUnit4TestAdapter.run(JUnit4TestAdapter.java:39)
    [junit] 	at org.apache.tools.ant.taskdefs.optional.junit.JUnitTestRunner.run(JUnitTestRunner.java:518)
    [junit] 	at org.apache.tools.ant.taskdefs.optional.junit.JUnitTestRunner.launch(JUnitTestRunner.java:1052)
    [junit] 	at org.apache.tools.ant.taskdefs.optional.junit.JUnitTestRunner.main(JUnitTestRunner.java:906)
    [junit] WARN   setUnavailable, Node 1 set as unavailable
    [junit] voldemort.store.UnreachableStoreException: Test for voldemort.store.routed.action.GetAllConfigureNodesTest
    [junit] 	at voldemort.store.routed.action.GetAllConfigureNodesTest.testConfigureNodesNotEnoughNodes(GetAllConfigureNodesTest.java:99)
    [junit] 	at sun.reflect.NativeMethodAccessorImpl.invoke0(Native Method)
    [junit] 	at sun.reflect.NativeMethodAccessorImpl.invoke(NativeMethodAccessorImpl.java:39)
    [junit] 	at sun.reflect.DelegatingMethodAccessorImpl.invoke(DelegatingMethodAccessorImpl.java:25)
    [junit] 	at java.lang.reflect.Method.invoke(Method.java:597)
    [junit] 	at org.junit.runners.model.FrameworkMethod$1.runReflectiveCall(FrameworkMethod.java:44)
    [junit] 	at org.junit.internal.runners.model.ReflectiveCallable.run(ReflectiveCallable.java:15)
    [junit] 	at org.junit.runners.model.FrameworkMethod.invokeExplosively(FrameworkMethod.java:41)
    [junit] 	at org.junit.internal.runners.statements.InvokeMethod.evaluate(InvokeMethod.java:20)
    [junit] 	at org.junit.internal.runners.statements.ExpectException.evaluate(ExpectException.java:22)
    [junit] 	at org.junit.internal.runners.statements.RunBefores.evaluate(RunBefores.java:28)
    [junit] 	at org.junit.internal.runners.statements.RunAfters.evaluate(RunAfters.java:31)
    [junit] 	at org.junit.runners.BlockJUnit4ClassRunner.runChild(BlockJUnit4ClassRunner.java:70)
    [junit] 	at org.junit.runners.BlockJUnit4ClassRunner.runChild(BlockJUnit4ClassRunner.java:44)
    [junit] 	at org.junit.runners.ParentRunner.runChildren(ParentRunner.java:180)
    [junit] 	at org.junit.runners.ParentRunner.access$000(ParentRunner.java:41)
    [junit] 	at org.junit.runners.ParentRunner$1.evaluate(ParentRunner.java:173)
    [junit] 	at org.junit.internal.runners.statements.RunBefores.evaluate(RunBefores.java:28)
    [junit] 	at org.junit.internal.runners.statements.RunAfters.evaluate(RunAfters.java:31)
    [junit] 	at org.junit.runners.ParentRunner.run(ParentRunner.java:220)
    [junit] 	at junit.framework.JUnit4TestAdapter.run(JUnit4TestAdapter.java:39)
    [junit] 	at org.apache.tools.ant.taskdefs.optional.junit.JUnitTestRunner.run(JUnitTestRunner.java:518)
    [junit] 	at org.apache.tools.ant.taskdefs.optional.junit.JUnitTestRunner.launch(JUnitTestRunner.java:1052)
    [junit] 	at org.apache.tools.ant.taskdefs.optional.junit.JUnitTestRunner.main(JUnitTestRunner.java:906)
    [junit] WARN   setUnavailable, Node 2 set as unavailable
    [junit] voldemort.store.UnreachableStoreException: Test for voldemort.store.routed.action.GetAllConfigureNodesTest
    [junit] 	at voldemort.store.routed.action.GetAllConfigureNodesTest.testConfigureNodesNotEnoughNodes(GetAllConfigureNodesTest.java:99)
    [junit] 	at sun.reflect.NativeMethodAccessorImpl.invoke0(Native Method)
    [junit] 	at sun.reflect.NativeMethodAccessorImpl.invoke(NativeMethodAccessorImpl.java:39)
    [junit] 	at sun.reflect.DelegatingMethodAccessorImpl.invoke(DelegatingMethodAccessorImpl.java:25)
    [junit] 	at java.lang.reflect.Method.invoke(Method.java:597)
    [junit] 	at org.junit.runners.model.FrameworkMethod$1.runReflectiveCall(FrameworkMethod.java:44)
    [junit] 	at org.junit.internal.runners.model.ReflectiveCallable.run(ReflectiveCallable.java:15)
    [junit] 	at org.junit.runners.model.FrameworkMethod.invokeExplosively(FrameworkMethod.java:41)
    [junit] 	at org.junit.internal.runners.statements.InvokeMethod.evaluate(InvokeMethod.java:20)
    [junit] 	at org.junit.internal.runners.statements.ExpectException.evaluate(ExpectException.java:22)
    [junit] 	at org.junit.internal.runners.statements.RunBefores.evaluate(RunBefores.java:28)
    [junit] 	at org.junit.internal.runners.statements.RunAfters.evaluate(RunAfters.java:31)
    [junit] 	at org.junit.runners.BlockJUnit4ClassRunner.runChild(BlockJUnit4ClassRunner.java:70)
    [junit] 	at org.junit.runners.BlockJUnit4ClassRunner.runChild(BlockJUnit4ClassRunner.java:44)
    [junit] 	at org.junit.runners.ParentRunner.runChildren(ParentRunner.java:180)
    [junit] 	at org.junit.runners.ParentRunner.access$000(ParentRunner.java:41)
    [junit] 	at org.junit.runners.ParentRunner$1.evaluate(ParentRunner.java:173)
    [junit] 	at org.junit.internal.runners.statements.RunBefores.evaluate(RunBefores.java:28)
    [junit] 	at org.junit.internal.runners.statements.RunAfters.evaluate(RunAfters.java:31)
    [junit] 	at org.junit.runners.ParentRunner.run(ParentRunner.java:220)
    [junit] 	at junit.framework.JUnit4TestAdapter.run(JUnit4TestAdapter.java:39)
    [junit] 	at org.apache.tools.ant.taskdefs.optional.junit.JUnitTestRunner.run(JUnitTestRunner.java:518)
    [junit] 	at org.apache.tools.ant.taskdefs.optional.junit.JUnitTestRunner.launch(JUnitTestRunner.java:1052)
    [junit] 	at org.apache.tools.ant.taskdefs.optional.junit.JUnitTestRunner.main(JUnitTestRunner.java:906)
    [junit] Tests run: 2, Failures: 0, Errors: 0, Time elapsed: 0.411 sec
    [junit] Running voldemort.store.serialized.SerializingStoreTest
    [junit] Tests run: 10, Failures: 0, Errors: 0, Time elapsed: 0.164 sec
    [junit] Running voldemort.store.slop.SlopTest
    [junit] Tests run: 1, Failures: 0, Errors: 0, Time elapsed: 0.123 sec
    [junit] Running voldemort.store.slop.strategy.ConsistentHandoffStrategyTest
    [junit] Tests run: 1, Failures: 0, Errors: 0, Time elapsed: 0.174 sec
    [junit] Running voldemort.store.slop.strategy.HandoffToAnyStrategyTest
    [junit] Tests run: 2, Failures: 0, Errors: 0, Time elapsed: 0.379 sec
    [junit] Running voldemort.store.slop.strategy.ProximityHandoffStrategyTest
    [junit] Tests run: 1, Failures: 0, Errors: 0, Time elapsed: 0.334 sec
    [junit] Running voldemort.store.socket.ProtocolBuffersSocketStoreTest
    [junit] Tests run: 1, Failures: 1, Errors: 0, Time elapsed: 0.112 sec
    [junit] Running voldemort.store.socket.VoldemortNativeSocketStoreTest
    [junit] Tests run: 1, Failures: 1, Errors: 0, Time elapsed: 0.115 sec
    [junit] Running voldemort.store.stats.StatsTest
    [junit] Tests run: 5, Failures: 0, Errors: 0, Time elapsed: 0.339 sec
    [junit] Running voldemort.store.stats.StoreStatsJmxTest
    [junit] Tests run: 5, Failures: 0, Errors: 0, Time elapsed: 0.276 sec
    [junit] Running voldemort.store.views.ViewStorageEngineTest
    [junit] Tests run: 5, Failures: 0, Errors: 0, Time elapsed: 0.172 sec
    [junit] Running voldemort.store.views.ViewTransformsTest
    [junit] Tests run: 5, Failures: 0, Errors: 0, Time elapsed: 0.543 sec
    [junit] Running voldemort.utils.ByteUtilsTest
    [junit] Tests run: 13, Failures: 0, Errors: 0, Time elapsed: 0.16 sec
    [junit] Running voldemort.utils.IoThrottlerTest
    [junit] Tests run: 1, Failures: 0, Errors: 0, Time elapsed: 0.146 sec
    [junit] Running voldemort.utils.NetworkClassLoaderTest
    [junit] Tests run: 2, Failures: 0, Errors: 0, Time elapsed: 0.156 sec
    [junit] Running voldemort.utils.RebalanceUtilsTest
    [junit] Tests run: 5, Failures: 0, Errors: 0, Time elapsed: 0.533 sec
    [junit] Running voldemort.utils.ReflectUtilsTest
    [junit] Tests run: 4, Failures: 0, Errors: 0, Time elapsed: 0.16 sec
    [junit] Running voldemort.utils.UtilsTest
    [junit] Tests run: 4, Failures: 0, Errors: 0, Time elapsed: 0.198 sec
    [junit] Running voldemort.utils.pool.KeyedResourcePoolTest
    [junit] Tests run: 5, Failures: 0, Errors: 0, Time elapsed: 0.263 sec
    [junit] Running voldemort.versioning.ClockEntryTest
    [junit] Tests run: 2, Failures: 0, Errors: 0, Time elapsed: 0.118 sec
    [junit] Running voldemort.versioning.InconsistentDataExceptionTest
    [junit] Tests run: 1, Failures: 0, Errors: 0, Time elapsed: 0.119 sec
    [junit] Running voldemort.versioning.VectorClockInconsistencyResolverTest
    [junit] Tests run: 6, Failures: 0, Errors: 0, Time elapsed: 0.126 sec
    [junit] Running voldemort.versioning.VectorClockTest
    [junit] Tests run: 8, Failures: 0, Errors: 0, Time elapsed: 0.167 sec
    [junit] Running voldemort.versioning.VersionedTest
    [junit] Tests run: 2, Failures: 0, Errors: 0, Time elapsed: 0.134 sec
    [junit] Running voldemort.xml.ClusterMapperTest
    [junit] WARN   <init>, admin-port not defined for node:0 using default value(socket_port + 1):6667
    [junit] Tests run: 2, Failures: 0, Errors: 0, Time elapsed: 0.42 sec
    [junit] Running voldemort.xml.StoreDefinitionMapperTest
    [junit] Tests run: 8, Failures: 0, Errors: 0, Time elapsed: 0.551 sec
[junitreport] Processing /Users/wuttke/Documents/PROVA/voldemort/dist/junit-reports/html/TESTS-TestSuites.xml to /var/folders/yw/0x8w_bzd2z386mp0_smjd8fm0000gp/T/null422116451
[junitreport] Loading stylesheet jar:file:/usr/share/ant/lib/ant-junit.jar!/org/apache/tools/ant/taskdefs/optional/junit/xsl/junit-frames.xsl
[junitreport] Transform time: 2618ms
[junitreport] Deleting: /var/folders/yw/0x8w_bzd2z386mp0_smjd8fm0000gp/T/null422116451

BUILD SUCCESSFUL
Total time: 3 minutes 35 seconds
