<?xml version="1.0" encoding="UTF-8" ?>
<testsuite errors="0" failures="0" hostname="rsukkerd-laptop" name="voldemort.ParallelFixesFinderTest" tests="3" time="0.134" timestamp="2011-12-22T02:17:09">
  <properties>
[...]
</properties>
  <testcase classname="voldemort.ParallelFixesFinderTest" name="testFindParallelFixes1" time="0.023" />
  <testcase classname="voldemort.ParallelFixesFinderTest" name="testFindParallelFixes2" time="0.0010" />
  <testcase classname="voldemort.ParallelFixesFinderTest" name="testFindParallelFixes3" time="0.0020" />
  <system-out><![CDATA[]]></system-out>
  <system-err><![CDATA[]]></system-err>
</testsuite>
