<?xml version="1.0" encoding="UTF-8" ?>
<testsuite errors="0" failures="0" hostname="rsukkerd-laptop" name="voldemort.HistoryGraphBuilderTest" tests="9" time="8.467" timestamp="2011-12-22T02:16:27">
  <properties>
[...]
</properties>
  <testcase classname="voldemort.HistoryGraphBuilderTest" name="testBuildHistoryGraph1" time="0.764" />
  <testcase classname="voldemort.HistoryGraphBuilderTest" name="testBuildHistoryGraph2" time="1.103" />
  <testcase classname="voldemort.HistoryGraphBuilderTest" name="testBuildHistoryGraph3" time="1.232" />
  <testcase classname="voldemort.HistoryGraphBuilderTest" name="testBuildHistoryGraph4" time="1.946" />
  <testcase classname="voldemort.HistoryGraphBuilderTest" name="testBuildHistoryGraph5" time="2.963" />
  <testcase classname="voldemort.HistoryGraphBuilderTest" name="testAddBugFixesInfo1" time="0.0010" />
  <testcase classname="voldemort.HistoryGraphBuilderTest" name="testAddBugFixesInfo2" time="0.0030" />
  <testcase classname="voldemort.HistoryGraphBuilderTest" name="testAddBugFixesInfo3" time="0.0030" />
  <testcase classname="voldemort.HistoryGraphBuilderTest" name="testAddBugFixesInfo4" time="0.0030" />
  <system-out><![CDATA[(1) commit : master
Tests: 
Failures: 

(1) commit : master
Tests: 
Failures: 

(2) commit : 88cb3de667c0de7c18710d011a2357b0fa81f5b9
Tests: 
Failures: 

(1) commit : master
Tests: 
Failures: 

(2) commit : d3885c6b2054d27e7c7f011b72151db54dfa7f2e
Tests: 
Failures: 

(3) commit : 4cb3b283449c3f180c2d5e7de5a7a1c4ec6f220b
Tests: 
Failures: 

(1) commit : master
Tests: 
Failures: 

(2) commit : 6a33c575386da5056f4c9fef4fbd2ceb903a33da
Tests: 
Failures: 

(3) commit : cf3709a5b0a02e2a4db8188908210f1e021bc749
Tests: 
Failures: 

(4) commit : ce23b5c98d6d6379998b466b1f75cb8cd11a305e
Tests: 
Failures: 

(1) commit : master
Tests: 
Failures: 

(2) commit : 29e5218f558665a8380eb2ebc8c99bb289171472
Tests: 
Failures: 

(3) commit : f4f5b80555533b32e411784b1ced71a18e12f5cd
Tests: 
Failures: 

(4) commit : 05475b452fe2c26f42515ed3cba4fa169bef8700
Tests: 
Failures: 

(5) commit : 3bfa3dabf0b67b740522a650a9f18adc521fb588
Tests: 
Failures: 

(6) commit : 4c7f7bd25c0738087f4839624576749161224930
Tests: 
Failures: 

]]></system-out>
  <system-err><![CDATA[]]></system-err>
</testsuite>
